[2024-11-25 20:48:31,396][   train_val.py][line: 116][    INFO] args: Namespace(config='../configs/onenip_config.yaml', evaluate=True, local_rank='0', opts=['dataset.image_reader.kwargs.image_dir', '/fuxi_team2/persons/danylgao/weicun_ceph/datasets/mvtec+btad+visa', 'dataset.train.dtd_dir', '/fuxi_team2/persons/danylgao/weicun_ceph/datasets/dtd', 'dataset.train.meta_file', '../data/mvtec+btad+visa/train.json', 'dataset.test.meta_file', '../data/mvtec+btad+visa/test.json', 'dataset.input_size', '[320, 320]', 'net[2].kwargs.num_encoder_layers', '4', 'net[2].kwargs.num_decoder_layers', '4', 'saver.save_dir', '../checkpoints-retraining-1111/onenip-mvtec+btad+visa-4-4-320'])
[2024-11-25 20:48:31,398][   train_val.py][line: 117][    INFO] config: {'criterion': [{'kwargs': {'weight': 1.0},
                'name': 'FeatureMSELoss',
                'type': 'FeatureMSELoss'},
               {'kwargs': {'weight': 0.5},
                'name': 'DiceLoss',
                'type': 'DiceLoss'}],
 'dataset': {'batch_size': 8,
             'image_reader': {'kwargs': {'color_mode': 'RGB',
                                         'image_dir': '/fuxi_team2/persons/danylgao/weicun_ceph/datasets/mvtec+btad+visa'},
                              'type': 'opencv'},
             'input_size': [320, 320],
             'pixel_mean': [0.485, 0.456, 0.406],
             'pixel_std': [0.229, 0.224, 0.225],
             'test': {'meta_file': '../data/mvtec+btad+visa/test.json'},
             'train': {'dtd_dir': '/fuxi_team2/persons/danylgao/weicun_ceph/datasets/dtd',
                       'hflip': False,
                       'meta_file': '../data/mvtec+btad+visa/train.json',
                       'rebalance': False,
                       'rotate': False,
                       'vflip': False},
             'type': 'onenip',
             'workers': 4},
 'evaluator': {'eval_dir': '../checkpoints-retraining-1111/onenip-mvtec+btad+visa-4-4-320/result_eval_temp',
               'key_metric': 'mean_pixel_auc',
               'metrics': {'auc': [{'kwargs': {'avgpool_size': [16, 16]},
                                    'name': 'max'},
                                   {'name': 'pixel'}]},
               'save_dir': '../checkpoints-retraining-1111/onenip-mvtec+btad+visa-4-4-320/result_eval_temp',
               'vis_compound': {'max_score': None,
                                'min_score': None,
                                'save_dir': '../checkpoints-retraining-1111/onenip-mvtec+btad+visa-4-4-320/vis_compound'}},
 'exp_path': '../checkpoints-retraining-1111/onenip-mvtec+btad+visa-4-4-320',
 'frozen_layers': ['backbone'],
 'log_path': '../checkpoints-retraining-1111/onenip-mvtec+btad+visa-4-4-320/log',
 'net': [{'frozen': True,
          'kwargs': {'outblocks': [1, 5, 9, 21],
                     'outstrides': [2, 4, 8, 16],
                     'pretrained': True},
          'name': 'backbone',
          'type': 'models.backbones.efficientnet_b4'},
         {'kwargs': {'outplanes': [272], 'outstrides': [16]},
          'name': 'neck',
          'prev': 'backbone',
          'type': 'models.necks.MFCN'},
         {'kwargs': {'activation': 'relu',
                     'dim_feedforward': 1024,
                     'dropout': 0.1,
                     'feature_jitter': {'prob': 1.0, 'scale': 20.0},
                     'feature_size': [20, 20],
                     'hidden_dim': 256,
                     'initializer': {'method': 'xavier_uniform'},
                     'neighbor_mask': {'mask': [True, True, True],
                                       'neighbor_size': [10, 10]},
                     'nhead': 8,
                     'normalize_before': False,
                     'num_decoder_layers': 4.0,
                     'num_encoder_layers': 4.0,
                     'pos_embed_type': 'learned',
                     'save_recon': {'save_dir': '../checkpoints-retraining-1111/onenip-mvtec+btad+visa-4-4-320/result_recon'}},
          'name': 'reconstruction',
          'prev': 'neck',
          'type': 'models.reconstructions.OneNIP'}],
 'port': 11111,
 'random_seed': 133,
 'save_path': '../checkpoints-retraining-1111/onenip-mvtec+btad+visa-4-4-320',
 'saver': {'always_save': False,
           'auto_resume': False,
           'load_path': '../checkpoints-retraining-1111/onenip-mvtec+btad+visa-4-4-320/ckpt.pkl',
           'log_dir': '../checkpoints-retraining-1111/onenip-mvtec+btad+visa-4-4-320/log',
           'save_dir': '../checkpoints-retraining-1111/onenip-mvtec+btad+visa-4-4-320'},
 'trainer': {'clip_max_norm': 0.1,
             'lr_scheduler': {'kwargs': {'gamma': 0.1, 'step_size': 800},
                              'type': 'StepLR'},
             'max_epoch': 1000,
             'optimizer': {'kwargs': {'betas': [0.9, 0.999],
                                      'lr': 0.0001,
                                      'weight_decay': 0.0001},
                           'type': 'AdamW'},
             'print_freq_step': 1,
             'tb_freq_step': 1,
             'val_freq_epoch': 10},
 'version': 'v1.0.0'}
[2024-11-25 20:48:31,779][       utils.py][line: 740][    INFO]  not exist, load from https://github.com/lukemelas/EfficientNet-PyTorch/releases/download/1.0/efficientnet-b4-6ed6700e.pth
[2024-11-25 20:48:31,896][       utils.py][line: 761][    INFO] Loaded ImageNet pretrained efficientnet-b4
[2024-11-25 20:48:35,654][   train_val.py][line: 143][    INFO] layers: ['backbone', 'neck', 'reconstruction']
[2024-11-25 20:48:35,654][   train_val.py][line: 144][    INFO] active layers: ['neck', 'reconstruction']
[2024-11-25 20:48:44,680][custom_dataset.py][line: 175][    INFO] building CustomDataset from: ../data/mvtec+btad+visa/train.json
[2024-11-25 20:48:44,777][custom_dataset.py][line: 175][    INFO] building CustomDataset from: ../data/mvtec+btad+visa/test.json
[2024-11-25 20:48:48,993][   train_val.py][line: 371][    INFO] Test: [1/579]	Time 4.168 (4.168)
[2024-11-25 20:48:49,472][   train_val.py][line: 371][    INFO] Test: [2/579]	Time 0.479 (2.323)
[2024-11-25 20:48:49,896][   train_val.py][line: 371][    INFO] Test: [3/579]	Time 0.424 (1.690)
[2024-11-25 20:48:50,329][   train_val.py][line: 371][    INFO] Test: [4/579]	Time 0.433 (1.376)
[2024-11-25 20:48:50,751][   train_val.py][line: 371][    INFO] Test: [5/579]	Time 0.422 (1.185)
[2024-11-25 20:48:51,179][   train_val.py][line: 371][    INFO] Test: [6/579]	Time 0.428 (1.059)
[2024-11-25 20:48:51,618][   train_val.py][line: 371][    INFO] Test: [7/579]	Time 0.439 (0.970)
[2024-11-25 20:48:52,058][   train_val.py][line: 371][    INFO] Test: [8/579]	Time 0.440 (0.904)
[2024-11-25 20:48:52,492][   train_val.py][line: 371][    INFO] Test: [9/579]	Time 0.434 (0.852)
[2024-11-25 20:48:52,914][   train_val.py][line: 371][    INFO] Test: [10/579]	Time 0.422 (0.809)
[2024-11-25 20:48:53,373][   train_val.py][line: 371][    INFO] Test: [11/579]	Time 0.459 (0.777)
[2024-11-25 20:48:53,793][   train_val.py][line: 371][    INFO] Test: [12/579]	Time 0.421 (0.747)
[2024-11-25 20:48:54,233][   train_val.py][line: 371][    INFO] Test: [13/579]	Time 0.439 (0.724)
[2024-11-25 20:48:54,657][   train_val.py][line: 371][    INFO] Test: [14/579]	Time 0.425 (0.702)
[2024-11-25 20:48:55,116][   train_val.py][line: 371][    INFO] Test: [15/579]	Time 0.458 (0.686)
[2024-11-25 20:48:55,561][   train_val.py][line: 371][    INFO] Test: [16/579]	Time 0.445 (0.671)
[2024-11-25 20:48:56,000][   train_val.py][line: 371][    INFO] Test: [17/579]	Time 0.439 (0.657)
[2024-11-25 20:48:56,424][   train_val.py][line: 371][    INFO] Test: [18/579]	Time 0.425 (0.644)
[2024-11-25 20:48:56,852][   train_val.py][line: 371][    INFO] Test: [19/579]	Time 0.427 (0.633)
[2024-11-25 20:48:57,304][   train_val.py][line: 371][    INFO] Test: [20/579]	Time 0.452 (0.624)
[2024-11-25 20:48:57,732][   train_val.py][line: 371][    INFO] Test: [21/579]	Time 0.428 (0.615)
[2024-11-25 20:48:58,188][   train_val.py][line: 371][    INFO] Test: [22/579]	Time 0.456 (0.607)
[2024-11-25 20:48:58,630][   train_val.py][line: 371][    INFO] Test: [23/579]	Time 0.442 (0.600)
[2024-11-25 20:48:59,058][   train_val.py][line: 371][    INFO] Test: [24/579]	Time 0.429 (0.593)
[2024-11-25 20:48:59,492][   train_val.py][line: 371][    INFO] Test: [25/579]	Time 0.433 (0.587)
[2024-11-25 20:48:59,913][   train_val.py][line: 371][    INFO] Test: [26/579]	Time 0.421 (0.580)
[2024-11-25 20:49:00,340][   train_val.py][line: 371][    INFO] Test: [27/579]	Time 0.427 (0.575)
[2024-11-25 20:49:00,773][   train_val.py][line: 371][    INFO] Test: [28/579]	Time 0.433 (0.570)
[2024-11-25 20:49:01,215][   train_val.py][line: 371][    INFO] Test: [29/579]	Time 0.442 (0.565)
[2024-11-25 20:49:01,659][   train_val.py][line: 371][    INFO] Test: [30/579]	Time 0.445 (0.561)
[2024-11-25 20:49:02,099][   train_val.py][line: 371][    INFO] Test: [31/579]	Time 0.439 (0.557)
[2024-11-25 20:49:04,088][   train_val.py][line: 371][    INFO] Test: [32/579]	Time 1.989 (0.602)
[2024-11-25 20:49:04,542][   train_val.py][line: 371][    INFO] Test: [33/579]	Time 0.454 (0.597)
[2024-11-25 20:49:04,966][   train_val.py][line: 371][    INFO] Test: [34/579]	Time 0.425 (0.592)
[2024-11-25 20:49:05,387][   train_val.py][line: 371][    INFO] Test: [35/579]	Time 0.421 (0.587)
[2024-11-25 20:49:05,812][   train_val.py][line: 371][    INFO] Test: [36/579]	Time 0.425 (0.583)
[2024-11-25 20:49:06,267][   train_val.py][line: 371][    INFO] Test: [37/579]	Time 0.455 (0.580)
[2024-11-25 20:49:06,745][   train_val.py][line: 371][    INFO] Test: [38/579]	Time 0.478 (0.577)
[2024-11-25 20:49:07,174][   train_val.py][line: 371][    INFO] Test: [39/579]	Time 0.429 (0.573)
[2024-11-25 20:49:07,626][   train_val.py][line: 371][    INFO] Test: [40/579]	Time 0.452 (0.570)
[2024-11-25 20:49:08,052][   train_val.py][line: 371][    INFO] Test: [41/579]	Time 0.426 (0.567)
[2024-11-25 20:49:08,513][   train_val.py][line: 371][    INFO] Test: [42/579]	Time 0.461 (0.564)
[2024-11-25 20:49:08,948][   train_val.py][line: 371][    INFO] Test: [43/579]	Time 0.435 (0.561)
[2024-11-25 20:49:09,389][   train_val.py][line: 371][    INFO] Test: [44/579]	Time 0.441 (0.558)
[2024-11-25 20:49:09,838][   train_val.py][line: 371][    INFO] Test: [45/579]	Time 0.449 (0.556)
[2024-11-25 20:49:10,270][   train_val.py][line: 371][    INFO] Test: [46/579]	Time 0.432 (0.553)
[2024-11-25 20:49:10,681][   train_val.py][line: 371][    INFO] Test: [47/579]	Time 0.411 (0.550)
[2024-11-25 20:49:11,115][   train_val.py][line: 371][    INFO] Test: [48/579]	Time 0.434 (0.548)
[2024-11-25 20:49:11,556][   train_val.py][line: 371][    INFO] Test: [49/579]	Time 0.441 (0.546)
[2024-11-25 20:49:11,980][   train_val.py][line: 371][    INFO] Test: [50/579]	Time 0.425 (0.543)
[2024-11-25 20:49:12,418][   train_val.py][line: 371][    INFO] Test: [51/579]	Time 0.437 (0.541)
[2024-11-25 20:49:12,848][   train_val.py][line: 371][    INFO] Test: [52/579]	Time 0.430 (0.539)
[2024-11-25 20:49:13,311][   train_val.py][line: 371][    INFO] Test: [53/579]	Time 0.464 (0.537)
[2024-11-25 20:49:13,750][   train_val.py][line: 371][    INFO] Test: [54/579]	Time 0.439 (0.536)
[2024-11-25 20:49:14,268][   train_val.py][line: 371][    INFO] Test: [55/579]	Time 0.518 (0.535)
[2024-11-25 20:49:14,691][   train_val.py][line: 371][    INFO] Test: [56/579]	Time 0.423 (0.533)
[2024-11-25 20:49:15,114][   train_val.py][line: 371][    INFO] Test: [57/579]	Time 0.423 (0.531)
[2024-11-25 20:49:15,538][   train_val.py][line: 371][    INFO] Test: [58/579]	Time 0.424 (0.530)
[2024-11-25 20:49:15,990][   train_val.py][line: 371][    INFO] Test: [59/579]	Time 0.452 (0.528)
[2024-11-25 20:49:16,430][   train_val.py][line: 371][    INFO] Test: [60/579]	Time 0.440 (0.527)
[2024-11-25 20:49:16,873][   train_val.py][line: 371][    INFO] Test: [61/579]	Time 0.443 (0.525)
[2024-11-25 20:49:17,313][   train_val.py][line: 371][    INFO] Test: [62/579]	Time 0.440 (0.524)
[2024-11-25 20:49:17,736][   train_val.py][line: 371][    INFO] Test: [63/579]	Time 0.423 (0.522)
[2024-11-25 20:49:18,159][   train_val.py][line: 371][    INFO] Test: [64/579]	Time 0.423 (0.521)
[2024-11-25 20:49:18,599][   train_val.py][line: 371][    INFO] Test: [65/579]	Time 0.440 (0.520)
[2024-11-25 20:49:19,022][   train_val.py][line: 371][    INFO] Test: [66/579]	Time 0.423 (0.518)
[2024-11-25 20:49:19,463][   train_val.py][line: 371][    INFO] Test: [67/579]	Time 0.442 (0.517)
[2024-11-25 20:49:19,924][   train_val.py][line: 371][    INFO] Test: [68/579]	Time 0.460 (0.516)
[2024-11-25 20:49:20,364][   train_val.py][line: 371][    INFO] Test: [69/579]	Time 0.440 (0.515)
[2024-11-25 20:49:20,785][   train_val.py][line: 371][    INFO] Test: [70/579]	Time 0.421 (0.514)
[2024-11-25 20:49:21,208][   train_val.py][line: 371][    INFO] Test: [71/579]	Time 0.424 (0.512)
[2024-11-25 20:49:21,635][   train_val.py][line: 371][    INFO] Test: [72/579]	Time 0.426 (0.511)
[2024-11-25 20:49:22,056][   train_val.py][line: 371][    INFO] Test: [73/579]	Time 0.421 (0.510)
[2024-11-25 20:49:22,477][   train_val.py][line: 371][    INFO] Test: [74/579]	Time 0.421 (0.509)
[2024-11-25 20:49:22,900][   train_val.py][line: 371][    INFO] Test: [75/579]	Time 0.423 (0.508)
[2024-11-25 20:49:23,353][   train_val.py][line: 371][    INFO] Test: [76/579]	Time 0.454 (0.507)
[2024-11-25 20:49:23,804][   train_val.py][line: 371][    INFO] Test: [77/579]	Time 0.451 (0.506)
[2024-11-25 20:49:24,229][   train_val.py][line: 371][    INFO] Test: [78/579]	Time 0.425 (0.505)
[2024-11-25 20:49:24,687][   train_val.py][line: 371][    INFO] Test: [79/579]	Time 0.458 (0.505)
[2024-11-25 20:49:25,125][   train_val.py][line: 371][    INFO] Test: [80/579]	Time 0.437 (0.504)
[2024-11-25 20:49:25,566][   train_val.py][line: 371][    INFO] Test: [81/579]	Time 0.441 (0.503)
[2024-11-25 20:49:25,997][   train_val.py][line: 371][    INFO] Test: [82/579]	Time 0.432 (0.502)
[2024-11-25 20:49:26,451][   train_val.py][line: 371][    INFO] Test: [83/579]	Time 0.453 (0.502)
[2024-11-25 20:49:26,876][   train_val.py][line: 371][    INFO] Test: [84/579]	Time 0.426 (0.501)
[2024-11-25 20:49:27,299][   train_val.py][line: 371][    INFO] Test: [85/579]	Time 0.423 (0.500)
[2024-11-25 20:49:27,734][   train_val.py][line: 371][    INFO] Test: [86/579]	Time 0.435 (0.499)
[2024-11-25 20:49:28,159][   train_val.py][line: 371][    INFO] Test: [87/579]	Time 0.425 (0.498)
[2024-11-25 20:49:28,582][   train_val.py][line: 371][    INFO] Test: [88/579]	Time 0.423 (0.497)
[2024-11-25 20:49:29,016][   train_val.py][line: 371][    INFO] Test: [89/579]	Time 0.433 (0.497)
[2024-11-25 20:49:29,442][   train_val.py][line: 371][    INFO] Test: [90/579]	Time 0.427 (0.496)
[2024-11-25 20:49:29,921][   train_val.py][line: 371][    INFO] Test: [91/579]	Time 0.479 (0.496)
[2024-11-25 20:49:30,341][   train_val.py][line: 371][    INFO] Test: [92/579]	Time 0.420 (0.495)
[2024-11-25 20:49:30,763][   train_val.py][line: 371][    INFO] Test: [93/579]	Time 0.421 (0.494)
[2024-11-25 20:49:31,183][   train_val.py][line: 371][    INFO] Test: [94/579]	Time 0.420 (0.493)
[2024-11-25 20:49:31,604][   train_val.py][line: 371][    INFO] Test: [95/579]	Time 0.421 (0.492)
[2024-11-25 20:49:32,065][   train_val.py][line: 371][    INFO] Test: [96/579]	Time 0.461 (0.492)
[2024-11-25 20:49:32,487][   train_val.py][line: 371][    INFO] Test: [97/579]	Time 0.422 (0.491)
[2024-11-25 20:49:32,934][   train_val.py][line: 371][    INFO] Test: [98/579]	Time 0.447 (0.491)
[2024-11-25 20:49:33,389][   train_val.py][line: 371][    INFO] Test: [99/579]	Time 0.455 (0.491)
[2024-11-25 20:49:33,829][   train_val.py][line: 371][    INFO] Test: [100/579]	Time 0.440 (0.490)
[2024-11-25 20:49:34,351][   train_val.py][line: 371][    INFO] Test: [101/579]	Time 0.522 (0.490)
[2024-11-25 20:49:34,775][   train_val.py][line: 371][    INFO] Test: [102/579]	Time 0.424 (0.490)
[2024-11-25 20:49:35,203][   train_val.py][line: 371][    INFO] Test: [103/579]	Time 0.429 (0.489)
[2024-11-25 20:49:35,680][   train_val.py][line: 371][    INFO] Test: [104/579]	Time 0.476 (0.489)
[2024-11-25 20:49:36,140][   train_val.py][line: 371][    INFO] Test: [105/579]	Time 0.460 (0.489)
[2024-11-25 20:49:36,561][   train_val.py][line: 371][    INFO] Test: [106/579]	Time 0.421 (0.488)
[2024-11-25 20:49:37,005][   train_val.py][line: 371][    INFO] Test: [107/579]	Time 0.444 (0.488)
[2024-11-25 20:49:37,447][   train_val.py][line: 371][    INFO] Test: [108/579]	Time 0.441 (0.487)
[2024-11-25 20:49:37,891][   train_val.py][line: 371][    INFO] Test: [109/579]	Time 0.444 (0.487)
[2024-11-25 20:49:38,374][   train_val.py][line: 371][    INFO] Test: [110/579]	Time 0.483 (0.487)
[2024-11-25 20:49:38,796][   train_val.py][line: 371][    INFO] Test: [111/579]	Time 0.423 (0.486)
[2024-11-25 20:49:39,244][   train_val.py][line: 371][    INFO] Test: [112/579]	Time 0.448 (0.486)
[2024-11-25 20:49:39,696][   train_val.py][line: 371][    INFO] Test: [113/579]	Time 0.451 (0.486)
[2024-11-25 20:49:40,137][   train_val.py][line: 371][    INFO] Test: [114/579]	Time 0.441 (0.485)
[2024-11-25 20:49:40,724][   train_val.py][line: 371][    INFO] Test: [115/579]	Time 0.587 (0.486)
[2024-11-25 20:49:41,146][   train_val.py][line: 371][    INFO] Test: [116/579]	Time 0.422 (0.486)
[2024-11-25 20:49:41,782][   train_val.py][line: 371][    INFO] Test: [117/579]	Time 0.635 (0.487)
[2024-11-25 20:49:42,210][   train_val.py][line: 371][    INFO] Test: [118/579]	Time 0.429 (0.486)
[2024-11-25 20:49:42,646][   train_val.py][line: 371][    INFO] Test: [119/579]	Time 0.435 (0.486)
[2024-11-25 20:49:43,116][   train_val.py][line: 371][    INFO] Test: [120/579]	Time 0.470 (0.486)
[2024-11-25 20:49:43,581][   train_val.py][line: 371][    INFO] Test: [121/579]	Time 0.465 (0.486)
[2024-11-25 20:49:44,141][   train_val.py][line: 371][    INFO] Test: [122/579]	Time 0.560 (0.486)
[2024-11-25 20:49:44,599][   train_val.py][line: 371][    INFO] Test: [123/579]	Time 0.458 (0.486)
[2024-11-25 20:49:45,023][   train_val.py][line: 371][    INFO] Test: [124/579]	Time 0.424 (0.485)
[2024-11-25 20:49:45,509][   train_val.py][line: 371][    INFO] Test: [125/579]	Time 0.486 (0.485)
[2024-11-25 20:49:45,953][   train_val.py][line: 371][    INFO] Test: [126/579]	Time 0.444 (0.485)
[2024-11-25 20:49:46,378][   train_val.py][line: 371][    INFO] Test: [127/579]	Time 0.426 (0.485)
[2024-11-25 20:49:46,808][   train_val.py][line: 371][    INFO] Test: [128/579]	Time 0.429 (0.484)
[2024-11-25 20:49:47,313][   train_val.py][line: 371][    INFO] Test: [129/579]	Time 0.505 (0.484)
[2024-11-25 20:49:47,749][   train_val.py][line: 371][    INFO] Test: [130/579]	Time 0.436 (0.484)
[2024-11-25 20:49:48,188][   train_val.py][line: 371][    INFO] Test: [131/579]	Time 0.439 (0.484)
[2024-11-25 20:49:48,633][   train_val.py][line: 371][    INFO] Test: [132/579]	Time 0.445 (0.483)
[2024-11-25 20:49:49,073][   train_val.py][line: 371][    INFO] Test: [133/579]	Time 0.440 (0.483)
[2024-11-25 20:49:49,534][   train_val.py][line: 371][    INFO] Test: [134/579]	Time 0.461 (0.483)
[2024-11-25 20:49:49,957][   train_val.py][line: 371][    INFO] Test: [135/579]	Time 0.423 (0.482)
[2024-11-25 20:49:50,397][   train_val.py][line: 371][    INFO] Test: [136/579]	Time 0.440 (0.482)
[2024-11-25 20:49:50,825][   train_val.py][line: 371][    INFO] Test: [137/579]	Time 0.428 (0.482)
[2024-11-25 20:49:51,283][   train_val.py][line: 371][    INFO] Test: [138/579]	Time 0.458 (0.482)
[2024-11-25 20:49:51,763][   train_val.py][line: 371][    INFO] Test: [139/579]	Time 0.480 (0.482)
[2024-11-25 20:49:52,324][   train_val.py][line: 371][    INFO] Test: [140/579]	Time 0.561 (0.482)
[2024-11-25 20:49:52,911][   train_val.py][line: 371][    INFO] Test: [141/579]	Time 0.587 (0.483)
[2024-11-25 20:49:53,350][   train_val.py][line: 371][    INFO] Test: [142/579]	Time 0.439 (0.483)
[2024-11-25 20:49:53,790][   train_val.py][line: 371][    INFO] Test: [143/579]	Time 0.441 (0.482)
[2024-11-25 20:49:54,232][   train_val.py][line: 371][    INFO] Test: [144/579]	Time 0.441 (0.482)
[2024-11-25 20:49:54,653][   train_val.py][line: 371][    INFO] Test: [145/579]	Time 0.421 (0.482)
[2024-11-25 20:49:55,112][   train_val.py][line: 371][    INFO] Test: [146/579]	Time 0.459 (0.481)
[2024-11-25 20:49:55,534][   train_val.py][line: 371][    INFO] Test: [147/579]	Time 0.423 (0.481)
[2024-11-25 20:49:56,035][   train_val.py][line: 371][    INFO] Test: [148/579]	Time 0.501 (0.481)
[2024-11-25 20:49:56,462][   train_val.py][line: 371][    INFO] Test: [149/579]	Time 0.427 (0.481)
[2024-11-25 20:49:56,900][   train_val.py][line: 371][    INFO] Test: [150/579]	Time 0.437 (0.480)
[2024-11-25 20:49:57,343][   train_val.py][line: 371][    INFO] Test: [151/579]	Time 0.443 (0.480)
[2024-11-25 20:49:57,763][   train_val.py][line: 371][    INFO] Test: [152/579]	Time 0.421 (0.480)
[2024-11-25 20:49:58,187][   train_val.py][line: 371][    INFO] Test: [153/579]	Time 0.424 (0.479)
[2024-11-25 20:49:58,609][   train_val.py][line: 371][    INFO] Test: [154/579]	Time 0.421 (0.479)
[2024-11-25 20:49:59,031][   train_val.py][line: 371][    INFO] Test: [155/579]	Time 0.422 (0.479)
[2024-11-25 20:49:59,465][   train_val.py][line: 371][    INFO] Test: [156/579]	Time 0.434 (0.478)
[2024-11-25 20:49:59,902][   train_val.py][line: 371][    INFO] Test: [157/579]	Time 0.437 (0.478)
[2024-11-25 20:50:00,341][   train_val.py][line: 371][    INFO] Test: [158/579]	Time 0.439 (0.478)
[2024-11-25 20:50:00,803][   train_val.py][line: 371][    INFO] Test: [159/579]	Time 0.461 (0.478)
[2024-11-25 20:50:01,228][   train_val.py][line: 371][    INFO] Test: [160/579]	Time 0.425 (0.478)
[2024-11-25 20:50:03,472][   train_val.py][line: 371][    INFO] Test: [161/579]	Time 2.244 (0.488)
[2024-11-25 20:50:04,014][   train_val.py][line: 371][    INFO] Test: [162/579]	Time 0.541 (0.489)
[2024-11-25 20:50:04,475][   train_val.py][line: 371][    INFO] Test: [163/579]	Time 0.461 (0.489)
[2024-11-25 20:50:04,916][   train_val.py][line: 371][    INFO] Test: [164/579]	Time 0.441 (0.488)
[2024-11-25 20:50:05,341][   train_val.py][line: 371][    INFO] Test: [165/579]	Time 0.425 (0.488)
[2024-11-25 20:50:05,767][   train_val.py][line: 371][    INFO] Test: [166/579]	Time 0.426 (0.488)
[2024-11-25 20:50:06,209][   train_val.py][line: 371][    INFO] Test: [167/579]	Time 0.442 (0.487)
[2024-11-25 20:50:06,675][   train_val.py][line: 371][    INFO] Test: [168/579]	Time 0.466 (0.487)
[2024-11-25 20:50:07,120][   train_val.py][line: 371][    INFO] Test: [169/579]	Time 0.445 (0.487)
[2024-11-25 20:50:07,544][   train_val.py][line: 371][    INFO] Test: [170/579]	Time 0.424 (0.487)
[2024-11-25 20:50:07,984][   train_val.py][line: 371][    INFO] Test: [171/579]	Time 0.440 (0.486)
[2024-11-25 20:50:08,426][   train_val.py][line: 371][    INFO] Test: [172/579]	Time 0.442 (0.486)
[2024-11-25 20:50:08,869][   train_val.py][line: 371][    INFO] Test: [173/579]	Time 0.443 (0.486)
[2024-11-25 20:50:09,296][   train_val.py][line: 371][    INFO] Test: [174/579]	Time 0.427 (0.485)
[2024-11-25 20:50:09,817][   train_val.py][line: 371][    INFO] Test: [175/579]	Time 0.521 (0.486)
[2024-11-25 20:50:10,225][   train_val.py][line: 371][    INFO] Test: [176/579]	Time 0.409 (0.485)
[2024-11-25 20:50:10,666][   train_val.py][line: 371][    INFO] Test: [177/579]	Time 0.441 (0.485)
[2024-11-25 20:50:11,090][   train_val.py][line: 371][    INFO] Test: [178/579]	Time 0.424 (0.485)
[2024-11-25 20:50:11,510][   train_val.py][line: 371][    INFO] Test: [179/579]	Time 0.420 (0.484)
[2024-11-25 20:50:11,948][   train_val.py][line: 371][    INFO] Test: [180/579]	Time 0.437 (0.484)
[2024-11-25 20:50:12,398][   train_val.py][line: 371][    INFO] Test: [181/579]	Time 0.450 (0.484)
[2024-11-25 20:50:12,850][   train_val.py][line: 371][    INFO] Test: [182/579]	Time 0.452 (0.484)
[2024-11-25 20:50:13,270][   train_val.py][line: 371][    INFO] Test: [183/579]	Time 0.420 (0.483)
[2024-11-25 20:50:13,711][   train_val.py][line: 371][    INFO] Test: [184/579]	Time 0.442 (0.483)
[2024-11-25 20:50:14,161][   train_val.py][line: 371][    INFO] Test: [185/579]	Time 0.449 (0.483)
[2024-11-25 20:50:14,581][   train_val.py][line: 371][    INFO] Test: [186/579]	Time 0.420 (0.483)
[2024-11-25 20:50:15,021][   train_val.py][line: 371][    INFO] Test: [187/579]	Time 0.440 (0.482)
[2024-11-25 20:50:15,455][   train_val.py][line: 371][    INFO] Test: [188/579]	Time 0.434 (0.482)
[2024-11-25 20:50:15,901][   train_val.py][line: 371][    INFO] Test: [189/579]	Time 0.446 (0.482)
[2024-11-25 20:50:16,337][   train_val.py][line: 371][    INFO] Test: [190/579]	Time 0.437 (0.482)
[2024-11-25 20:50:16,806][   train_val.py][line: 371][    INFO] Test: [191/579]	Time 0.468 (0.482)
[2024-11-25 20:50:17,458][   train_val.py][line: 371][    INFO] Test: [192/579]	Time 0.652 (0.482)
[2024-11-25 20:50:17,887][   train_val.py][line: 371][    INFO] Test: [193/579]	Time 0.430 (0.482)
[2024-11-25 20:50:18,328][   train_val.py][line: 371][    INFO] Test: [194/579]	Time 0.441 (0.482)
[2024-11-25 20:50:18,772][   train_val.py][line: 371][    INFO] Test: [195/579]	Time 0.444 (0.482)
[2024-11-25 20:50:19,211][   train_val.py][line: 371][    INFO] Test: [196/579]	Time 0.438 (0.482)
[2024-11-25 20:50:19,658][   train_val.py][line: 371][    INFO] Test: [197/579]	Time 0.448 (0.481)
[2024-11-25 20:50:20,091][   train_val.py][line: 371][    INFO] Test: [198/579]	Time 0.433 (0.481)
[2024-11-25 20:50:20,533][   train_val.py][line: 371][    INFO] Test: [199/579]	Time 0.441 (0.481)
[2024-11-25 20:50:20,961][   train_val.py][line: 371][    INFO] Test: [200/579]	Time 0.428 (0.481)
[2024-11-25 20:50:21,395][   train_val.py][line: 371][    INFO] Test: [201/579]	Time 0.434 (0.480)
[2024-11-25 20:50:21,879][   train_val.py][line: 371][    INFO] Test: [202/579]	Time 0.484 (0.480)
[2024-11-25 20:50:22,308][   train_val.py][line: 371][    INFO] Test: [203/579]	Time 0.429 (0.480)
[2024-11-25 20:50:22,727][   train_val.py][line: 371][    INFO] Test: [204/579]	Time 0.419 (0.480)
[2024-11-25 20:50:23,163][   train_val.py][line: 371][    INFO] Test: [205/579]	Time 0.435 (0.480)
[2024-11-25 20:50:23,603][   train_val.py][line: 371][    INFO] Test: [206/579]	Time 0.440 (0.480)
[2024-11-25 20:50:24,164][   train_val.py][line: 371][    INFO] Test: [207/579]	Time 0.561 (0.480)
[2024-11-25 20:50:24,590][   train_val.py][line: 371][    INFO] Test: [208/579]	Time 0.426 (0.480)
[2024-11-25 20:50:25,028][   train_val.py][line: 371][    INFO] Test: [209/579]	Time 0.438 (0.479)
[2024-11-25 20:50:25,455][   train_val.py][line: 371][    INFO] Test: [210/579]	Time 0.428 (0.479)
[2024-11-25 20:50:25,888][   train_val.py][line: 371][    INFO] Test: [211/579]	Time 0.432 (0.479)
[2024-11-25 20:50:26,428][   train_val.py][line: 371][    INFO] Test: [212/579]	Time 0.540 (0.479)
[2024-11-25 20:50:26,928][   train_val.py][line: 371][    INFO] Test: [213/579]	Time 0.500 (0.479)
[2024-11-25 20:50:27,490][   train_val.py][line: 371][    INFO] Test: [214/579]	Time 0.562 (0.480)
[2024-11-25 20:50:27,915][   train_val.py][line: 371][    INFO] Test: [215/579]	Time 0.425 (0.479)
[2024-11-25 20:50:28,357][   train_val.py][line: 371][    INFO] Test: [216/579]	Time 0.442 (0.479)
[2024-11-25 20:50:28,795][   train_val.py][line: 371][    INFO] Test: [217/579]	Time 0.438 (0.479)
[2024-11-25 20:50:29,335][   train_val.py][line: 371][    INFO] Test: [218/579]	Time 0.540 (0.479)
[2024-11-25 20:50:29,761][   train_val.py][line: 371][    INFO] Test: [219/579]	Time 0.427 (0.479)
[2024-11-25 20:50:30,220][   train_val.py][line: 371][    INFO] Test: [220/579]	Time 0.458 (0.479)
[2024-11-25 20:50:30,661][   train_val.py][line: 371][    INFO] Test: [221/579]	Time 0.441 (0.479)
[2024-11-25 20:50:31,081][   train_val.py][line: 371][    INFO] Test: [222/579]	Time 0.421 (0.479)
[2024-11-25 20:50:31,522][   train_val.py][line: 371][    INFO] Test: [223/579]	Time 0.440 (0.478)
[2024-11-25 20:50:31,946][   train_val.py][line: 371][    INFO] Test: [224/579]	Time 0.425 (0.478)
[2024-11-25 20:50:32,385][   train_val.py][line: 371][    INFO] Test: [225/579]	Time 0.438 (0.478)
[2024-11-25 20:50:32,809][   train_val.py][line: 371][    INFO] Test: [226/579]	Time 0.424 (0.478)
[2024-11-25 20:50:33,231][   train_val.py][line: 371][    INFO] Test: [227/579]	Time 0.423 (0.478)
[2024-11-25 20:50:33,653][   train_val.py][line: 371][    INFO] Test: [228/579]	Time 0.422 (0.477)
[2024-11-25 20:50:34,110][   train_val.py][line: 371][    INFO] Test: [229/579]	Time 0.457 (0.477)
[2024-11-25 20:50:34,552][   train_val.py][line: 371][    INFO] Test: [230/579]	Time 0.442 (0.477)
[2024-11-25 20:50:34,974][   train_val.py][line: 371][    INFO] Test: [231/579]	Time 0.422 (0.477)
[2024-11-25 20:50:35,433][   train_val.py][line: 371][    INFO] Test: [232/579]	Time 0.459 (0.477)
[2024-11-25 20:50:35,860][   train_val.py][line: 371][    INFO] Test: [233/579]	Time 0.428 (0.477)
[2024-11-25 20:50:36,303][   train_val.py][line: 371][    INFO] Test: [234/579]	Time 0.443 (0.476)
[2024-11-25 20:50:36,726][   train_val.py][line: 371][    INFO] Test: [235/579]	Time 0.422 (0.476)
[2024-11-25 20:50:37,180][   train_val.py][line: 371][    INFO] Test: [236/579]	Time 0.454 (0.476)
[2024-11-25 20:50:37,605][   train_val.py][line: 371][    INFO] Test: [237/579]	Time 0.426 (0.476)
[2024-11-25 20:50:38,040][   train_val.py][line: 371][    INFO] Test: [238/579]	Time 0.434 (0.476)
[2024-11-25 20:50:38,463][   train_val.py][line: 371][    INFO] Test: [239/579]	Time 0.423 (0.475)
[2024-11-25 20:50:38,886][   train_val.py][line: 371][    INFO] Test: [240/579]	Time 0.423 (0.475)
[2024-11-25 20:50:39,347][   train_val.py][line: 371][    INFO] Test: [241/579]	Time 0.462 (0.475)
[2024-11-25 20:50:39,773][   train_val.py][line: 371][    INFO] Test: [242/579]	Time 0.425 (0.475)
[2024-11-25 20:50:40,197][   train_val.py][line: 371][    INFO] Test: [243/579]	Time 0.424 (0.475)
[2024-11-25 20:50:40,632][   train_val.py][line: 371][    INFO] Test: [244/579]	Time 0.435 (0.475)
[2024-11-25 20:50:41,060][   train_val.py][line: 371][    INFO] Test: [245/579]	Time 0.428 (0.474)
[2024-11-25 20:50:41,485][   train_val.py][line: 371][    INFO] Test: [246/579]	Time 0.425 (0.474)
[2024-11-25 20:50:42,009][   train_val.py][line: 371][    INFO] Test: [247/579]	Time 0.525 (0.474)
[2024-11-25 20:50:42,504][   train_val.py][line: 371][    INFO] Test: [248/579]	Time 0.494 (0.475)
[2024-11-25 20:50:42,931][   train_val.py][line: 371][    INFO] Test: [249/579]	Time 0.428 (0.474)
[2024-11-25 20:50:43,352][   train_val.py][line: 371][    INFO] Test: [250/579]	Time 0.420 (0.474)
[2024-11-25 20:50:43,887][   train_val.py][line: 371][    INFO] Test: [251/579]	Time 0.535 (0.474)
[2024-11-25 20:50:44,347][   train_val.py][line: 371][    INFO] Test: [252/579]	Time 0.459 (0.474)
[2024-11-25 20:50:44,767][   train_val.py][line: 371][    INFO] Test: [253/579]	Time 0.420 (0.474)
[2024-11-25 20:50:45,210][   train_val.py][line: 371][    INFO] Test: [254/579]	Time 0.444 (0.474)
[2024-11-25 20:50:45,632][   train_val.py][line: 371][    INFO] Test: [255/579]	Time 0.421 (0.474)
[2024-11-25 20:50:46,072][   train_val.py][line: 371][    INFO] Test: [256/579]	Time 0.440 (0.474)
[2024-11-25 20:50:46,536][   train_val.py][line: 371][    INFO] Test: [257/579]	Time 0.464 (0.474)
[2024-11-25 20:50:46,957][   train_val.py][line: 371][    INFO] Test: [258/579]	Time 0.422 (0.473)
[2024-11-25 20:50:47,379][   train_val.py][line: 371][    INFO] Test: [259/579]	Time 0.422 (0.473)
[2024-11-25 20:50:47,804][   train_val.py][line: 371][    INFO] Test: [260/579]	Time 0.425 (0.473)
[2024-11-25 20:50:48,282][   train_val.py][line: 371][    INFO] Test: [261/579]	Time 0.478 (0.473)
[2024-11-25 20:50:48,702][   train_val.py][line: 371][    INFO] Test: [262/579]	Time 0.420 (0.473)
[2024-11-25 20:50:49,160][   train_val.py][line: 371][    INFO] Test: [263/579]	Time 0.458 (0.473)
[2024-11-25 20:50:49,584][   train_val.py][line: 371][    INFO] Test: [264/579]	Time 0.424 (0.473)
[2024-11-25 20:50:50,021][   train_val.py][line: 371][    INFO] Test: [265/579]	Time 0.437 (0.472)
[2024-11-25 20:50:50,601][   train_val.py][line: 371][    INFO] Test: [266/579]	Time 0.580 (0.473)
[2024-11-25 20:50:51,023][   train_val.py][line: 371][    INFO] Test: [267/579]	Time 0.423 (0.473)
[2024-11-25 20:50:51,483][   train_val.py][line: 371][    INFO] Test: [268/579]	Time 0.459 (0.473)
[2024-11-25 20:50:51,927][   train_val.py][line: 371][    INFO] Test: [269/579]	Time 0.444 (0.472)
[2024-11-25 20:50:52,353][   train_val.py][line: 371][    INFO] Test: [270/579]	Time 0.426 (0.472)
[2024-11-25 20:50:52,891][   train_val.py][line: 371][    INFO] Test: [271/579]	Time 0.538 (0.473)
[2024-11-25 20:50:53,317][   train_val.py][line: 371][    INFO] Test: [272/579]	Time 0.426 (0.472)
[2024-11-25 20:50:53,751][   train_val.py][line: 371][    INFO] Test: [273/579]	Time 0.434 (0.472)
[2024-11-25 20:50:54,196][   train_val.py][line: 371][    INFO] Test: [274/579]	Time 0.445 (0.472)
[2024-11-25 20:50:54,635][   train_val.py][line: 371][    INFO] Test: [275/579]	Time 0.439 (0.472)
[2024-11-25 20:50:55,076][   train_val.py][line: 371][    INFO] Test: [276/579]	Time 0.441 (0.472)
[2024-11-25 20:50:55,502][   train_val.py][line: 371][    INFO] Test: [277/579]	Time 0.427 (0.472)
[2024-11-25 20:50:55,926][   train_val.py][line: 371][    INFO] Test: [278/579]	Time 0.423 (0.472)
[2024-11-25 20:50:56,362][   train_val.py][line: 371][    INFO] Test: [279/579]	Time 0.436 (0.471)
[2024-11-25 20:50:56,784][   train_val.py][line: 371][    INFO] Test: [280/579]	Time 0.422 (0.471)
[2024-11-25 20:50:57,242][   train_val.py][line: 371][    INFO] Test: [281/579]	Time 0.457 (0.471)
[2024-11-25 20:50:57,680][   train_val.py][line: 371][    INFO] Test: [282/579]	Time 0.438 (0.471)
[2024-11-25 20:50:58,120][   train_val.py][line: 371][    INFO] Test: [283/579]	Time 0.440 (0.471)
[2024-11-25 20:50:58,562][   train_val.py][line: 371][    INFO] Test: [284/579]	Time 0.442 (0.471)
[2024-11-25 20:50:58,974][   train_val.py][line: 371][    INFO] Test: [285/579]	Time 0.412 (0.471)
[2024-11-25 20:50:59,411][   train_val.py][line: 371][    INFO] Test: [286/579]	Time 0.438 (0.471)
[2024-11-25 20:50:59,834][   train_val.py][line: 371][    INFO] Test: [287/579]	Time 0.423 (0.470)
[2024-11-25 20:51:00,256][   train_val.py][line: 371][    INFO] Test: [288/579]	Time 0.421 (0.470)
[2024-11-25 20:51:00,690][   train_val.py][line: 371][    INFO] Test: [289/579]	Time 0.434 (0.470)
[2024-11-25 20:51:01,131][   train_val.py][line: 371][    INFO] Test: [290/579]	Time 0.441 (0.470)
[2024-11-25 20:51:01,631][   train_val.py][line: 371][    INFO] Test: [291/579]	Time 0.500 (0.470)
[2024-11-25 20:51:05,804][   train_val.py][line: 371][    INFO] Test: [292/579]	Time 4.173 (0.483)
[2024-11-25 20:51:06,325][   train_val.py][line: 371][    INFO] Test: [293/579]	Time 0.522 (0.483)
[2024-11-25 20:51:06,794][   train_val.py][line: 371][    INFO] Test: [294/579]	Time 0.469 (0.483)
[2024-11-25 20:51:07,250][   train_val.py][line: 371][    INFO] Test: [295/579]	Time 0.455 (0.483)
[2024-11-25 20:51:07,673][   train_val.py][line: 371][    INFO] Test: [296/579]	Time 0.423 (0.483)
[2024-11-25 20:51:08,128][   train_val.py][line: 371][    INFO] Test: [297/579]	Time 0.455 (0.482)
[2024-11-25 20:51:08,650][   train_val.py][line: 371][    INFO] Test: [298/579]	Time 0.522 (0.483)
[2024-11-25 20:51:09,072][   train_val.py][line: 371][    INFO] Test: [299/579]	Time 0.423 (0.482)
[2024-11-25 20:51:09,535][   train_val.py][line: 371][    INFO] Test: [300/579]	Time 0.462 (0.482)
[2024-11-25 20:51:09,955][   train_val.py][line: 371][    INFO] Test: [301/579]	Time 0.421 (0.482)
[2024-11-25 20:51:10,375][   train_val.py][line: 371][    INFO] Test: [302/579]	Time 0.420 (0.482)
[2024-11-25 20:51:10,872][   train_val.py][line: 371][    INFO] Test: [303/579]	Time 0.497 (0.482)
[2024-11-25 20:51:11,297][   train_val.py][line: 371][    INFO] Test: [304/579]	Time 0.425 (0.482)
[2024-11-25 20:51:11,717][   train_val.py][line: 371][    INFO] Test: [305/579]	Time 0.421 (0.482)
[2024-11-25 20:51:12,193][   train_val.py][line: 371][    INFO] Test: [306/579]	Time 0.475 (0.482)
[2024-11-25 20:51:12,614][   train_val.py][line: 371][    INFO] Test: [307/579]	Time 0.421 (0.481)
[2024-11-25 20:51:13,044][   train_val.py][line: 371][    INFO] Test: [308/579]	Time 0.430 (0.481)
[2024-11-25 20:51:13,541][   train_val.py][line: 371][    INFO] Test: [309/579]	Time 0.497 (0.481)
[2024-11-25 20:51:13,964][   train_val.py][line: 371][    INFO] Test: [310/579]	Time 0.423 (0.481)
[2024-11-25 20:51:14,399][   train_val.py][line: 371][    INFO] Test: [311/579]	Time 0.435 (0.481)
[2024-11-25 20:51:14,826][   train_val.py][line: 371][    INFO] Test: [312/579]	Time 0.427 (0.481)
[2024-11-25 20:51:15,281][   train_val.py][line: 371][    INFO] Test: [313/579]	Time 0.455 (0.481)
[2024-11-25 20:51:15,706][   train_val.py][line: 371][    INFO] Test: [314/579]	Time 0.426 (0.481)
[2024-11-25 20:51:16,144][   train_val.py][line: 371][    INFO] Test: [315/579]	Time 0.437 (0.480)
[2024-11-25 20:51:16,587][   train_val.py][line: 371][    INFO] Test: [316/579]	Time 0.443 (0.480)
[2024-11-25 20:51:17,007][   train_val.py][line: 371][    INFO] Test: [317/579]	Time 0.420 (0.480)
[2024-11-25 20:51:17,430][   train_val.py][line: 371][    INFO] Test: [318/579]	Time 0.424 (0.480)
[2024-11-25 20:51:17,867][   train_val.py][line: 371][    INFO] Test: [319/579]	Time 0.436 (0.480)
[2024-11-25 20:51:18,333][   train_val.py][line: 371][    INFO] Test: [320/579]	Time 0.467 (0.480)
[2024-11-25 20:51:18,797][   train_val.py][line: 371][    INFO] Test: [321/579]	Time 0.464 (0.480)
[2024-11-25 20:51:19,290][   train_val.py][line: 371][    INFO] Test: [322/579]	Time 0.493 (0.480)
[2024-11-25 20:51:19,732][   train_val.py][line: 371][    INFO] Test: [323/579]	Time 0.442 (0.480)
[2024-11-25 20:51:20,161][   train_val.py][line: 371][    INFO] Test: [324/579]	Time 0.429 (0.479)
[2024-11-25 20:51:20,656][   train_val.py][line: 371][    INFO] Test: [325/579]	Time 0.495 (0.479)
[2024-11-25 20:51:21,078][   train_val.py][line: 371][    INFO] Test: [326/579]	Time 0.422 (0.479)
[2024-11-25 20:51:21,499][   train_val.py][line: 371][    INFO] Test: [327/579]	Time 0.421 (0.479)
[2024-11-25 20:51:21,919][   train_val.py][line: 371][    INFO] Test: [328/579]	Time 0.420 (0.479)
[2024-11-25 20:51:22,340][   train_val.py][line: 371][    INFO] Test: [329/579]	Time 0.421 (0.479)
[2024-11-25 20:51:22,797][   train_val.py][line: 371][    INFO] Test: [330/579]	Time 0.456 (0.479)
[2024-11-25 20:51:23,218][   train_val.py][line: 371][    INFO] Test: [331/579]	Time 0.421 (0.479)
[2024-11-25 20:51:23,646][   train_val.py][line: 371][    INFO] Test: [332/579]	Time 0.429 (0.478)
[2024-11-25 20:51:24,099][   train_val.py][line: 371][    INFO] Test: [333/579]	Time 0.452 (0.478)
[2024-11-25 20:51:24,560][   train_val.py][line: 371][    INFO] Test: [334/579]	Time 0.461 (0.478)
[2024-11-25 20:51:25,003][   train_val.py][line: 371][    INFO] Test: [335/579]	Time 0.443 (0.478)
[2024-11-25 20:51:25,486][   train_val.py][line: 371][    INFO] Test: [336/579]	Time 0.484 (0.478)
[2024-11-25 20:51:25,928][   train_val.py][line: 371][    INFO] Test: [337/579]	Time 0.441 (0.478)
[2024-11-25 20:51:26,351][   train_val.py][line: 371][    INFO] Test: [338/579]	Time 0.423 (0.478)
[2024-11-25 20:51:26,811][   train_val.py][line: 371][    INFO] Test: [339/579]	Time 0.460 (0.478)
[2024-11-25 20:51:27,271][   train_val.py][line: 371][    INFO] Test: [340/579]	Time 0.460 (0.478)
[2024-11-25 20:51:27,714][   train_val.py][line: 371][    INFO] Test: [341/579]	Time 0.443 (0.478)
[2024-11-25 20:51:28,155][   train_val.py][line: 371][    INFO] Test: [342/579]	Time 0.441 (0.478)
[2024-11-25 20:51:28,597][   train_val.py][line: 371][    INFO] Test: [343/579]	Time 0.443 (0.477)
[2024-11-25 20:51:29,037][   train_val.py][line: 371][    INFO] Test: [344/579]	Time 0.439 (0.477)
[2024-11-25 20:51:29,463][   train_val.py][line: 371][    INFO] Test: [345/579]	Time 0.427 (0.477)
[2024-11-25 20:51:29,885][   train_val.py][line: 371][    INFO] Test: [346/579]	Time 0.422 (0.477)
[2024-11-25 20:51:30,312][   train_val.py][line: 371][    INFO] Test: [347/579]	Time 0.427 (0.477)
[2024-11-25 20:51:30,744][   train_val.py][line: 371][    INFO] Test: [348/579]	Time 0.432 (0.477)
[2024-11-25 20:51:31,171][   train_val.py][line: 371][    INFO] Test: [349/579]	Time 0.428 (0.477)
[2024-11-25 20:51:31,665][   train_val.py][line: 371][    INFO] Test: [350/579]	Time 0.493 (0.477)
[2024-11-25 20:51:32,090][   train_val.py][line: 371][    INFO] Test: [351/579]	Time 0.425 (0.477)
[2024-11-25 20:51:32,525][   train_val.py][line: 371][    INFO] Test: [352/579]	Time 0.435 (0.476)
[2024-11-25 20:51:32,966][   train_val.py][line: 371][    INFO] Test: [353/579]	Time 0.441 (0.476)
[2024-11-25 20:51:33,406][   train_val.py][line: 371][    INFO] Test: [354/579]	Time 0.440 (0.476)
[2024-11-25 20:51:33,866][   train_val.py][line: 371][    INFO] Test: [355/579]	Time 0.460 (0.476)
[2024-11-25 20:51:34,296][   train_val.py][line: 371][    INFO] Test: [356/579]	Time 0.430 (0.476)
[2024-11-25 20:51:34,773][   train_val.py][line: 371][    INFO] Test: [357/579]	Time 0.477 (0.476)
[2024-11-25 20:51:35,212][   train_val.py][line: 371][    INFO] Test: [358/579]	Time 0.440 (0.476)
[2024-11-25 20:51:35,656][   train_val.py][line: 371][    INFO] Test: [359/579]	Time 0.443 (0.476)
[2024-11-25 20:51:36,078][   train_val.py][line: 371][    INFO] Test: [360/579]	Time 0.422 (0.476)
[2024-11-25 20:51:36,506][   train_val.py][line: 371][    INFO] Test: [361/579]	Time 0.429 (0.476)
[2024-11-25 20:51:36,958][   train_val.py][line: 371][    INFO] Test: [362/579]	Time 0.451 (0.476)
[2024-11-25 20:51:37,381][   train_val.py][line: 371][    INFO] Test: [363/579]	Time 0.423 (0.475)
[2024-11-25 20:51:37,860][   train_val.py][line: 371][    INFO] Test: [364/579]	Time 0.479 (0.475)
[2024-11-25 20:51:38,300][   train_val.py][line: 371][    INFO] Test: [365/579]	Time 0.440 (0.475)
[2024-11-25 20:51:38,728][   train_val.py][line: 371][    INFO] Test: [366/579]	Time 0.429 (0.475)
[2024-11-25 20:51:39,148][   train_val.py][line: 371][    INFO] Test: [367/579]	Time 0.419 (0.475)
[2024-11-25 20:51:39,572][   train_val.py][line: 371][    INFO] Test: [368/579]	Time 0.425 (0.475)
[2024-11-25 20:51:40,006][   train_val.py][line: 371][    INFO] Test: [369/579]	Time 0.433 (0.475)
[2024-11-25 20:51:40,426][   train_val.py][line: 371][    INFO] Test: [370/579]	Time 0.420 (0.475)
[2024-11-25 20:51:40,847][   train_val.py][line: 371][    INFO] Test: [371/579]	Time 0.421 (0.474)
[2024-11-25 20:51:41,288][   train_val.py][line: 371][    INFO] Test: [372/579]	Time 0.441 (0.474)
[2024-11-25 20:51:41,715][   train_val.py][line: 371][    INFO] Test: [373/579]	Time 0.427 (0.474)
[2024-11-25 20:51:42,150][   train_val.py][line: 371][    INFO] Test: [374/579]	Time 0.435 (0.474)
[2024-11-25 20:51:42,574][   train_val.py][line: 371][    INFO] Test: [375/579]	Time 0.425 (0.474)
[2024-11-25 20:51:42,995][   train_val.py][line: 371][    INFO] Test: [376/579]	Time 0.421 (0.474)
[2024-11-25 20:51:43,424][   train_val.py][line: 371][    INFO] Test: [377/579]	Time 0.429 (0.474)
[2024-11-25 20:51:43,866][   train_val.py][line: 371][    INFO] Test: [378/579]	Time 0.442 (0.474)
[2024-11-25 20:51:44,324][   train_val.py][line: 371][    INFO] Test: [379/579]	Time 0.459 (0.474)
[2024-11-25 20:51:44,744][   train_val.py][line: 371][    INFO] Test: [380/579]	Time 0.419 (0.473)
[2024-11-25 20:51:45,180][   train_val.py][line: 371][    INFO] Test: [381/579]	Time 0.436 (0.473)
[2024-11-25 20:51:45,602][   train_val.py][line: 371][    INFO] Test: [382/579]	Time 0.422 (0.473)
[2024-11-25 20:51:46,030][   train_val.py][line: 371][    INFO] Test: [383/579]	Time 0.429 (0.473)
[2024-11-25 20:51:46,466][   train_val.py][line: 371][    INFO] Test: [384/579]	Time 0.435 (0.473)
[2024-11-25 20:51:46,891][   train_val.py][line: 371][    INFO] Test: [385/579]	Time 0.425 (0.473)
[2024-11-25 20:51:47,335][   train_val.py][line: 371][    INFO] Test: [386/579]	Time 0.444 (0.473)
[2024-11-25 20:51:47,755][   train_val.py][line: 371][    INFO] Test: [387/579]	Time 0.420 (0.473)
[2024-11-25 20:51:48,243][   train_val.py][line: 371][    INFO] Test: [388/579]	Time 0.489 (0.473)
[2024-11-25 20:51:48,677][   train_val.py][line: 371][    INFO] Test: [389/579]	Time 0.433 (0.473)
[2024-11-25 20:51:49,118][   train_val.py][line: 371][    INFO] Test: [390/579]	Time 0.441 (0.473)
[2024-11-25 20:51:49,559][   train_val.py][line: 371][    INFO] Test: [391/579]	Time 0.441 (0.472)
[2024-11-25 20:51:49,985][   train_val.py][line: 371][    INFO] Test: [392/579]	Time 0.426 (0.472)
[2024-11-25 20:51:50,404][   train_val.py][line: 371][    INFO] Test: [393/579]	Time 0.419 (0.472)
[2024-11-25 20:51:50,823][   train_val.py][line: 371][    INFO] Test: [394/579]	Time 0.419 (0.472)
[2024-11-25 20:51:51,267][   train_val.py][line: 371][    INFO] Test: [395/579]	Time 0.444 (0.472)
[2024-11-25 20:51:51,693][   train_val.py][line: 371][    INFO] Test: [396/579]	Time 0.426 (0.472)
[2024-11-25 20:51:52,126][   train_val.py][line: 371][    INFO] Test: [397/579]	Time 0.433 (0.472)
[2024-11-25 20:51:52,549][   train_val.py][line: 371][    INFO] Test: [398/579]	Time 0.423 (0.472)
[2024-11-25 20:51:52,967][   train_val.py][line: 371][    INFO] Test: [399/579]	Time 0.419 (0.472)
[2024-11-25 20:51:53,428][   train_val.py][line: 371][    INFO] Test: [400/579]	Time 0.460 (0.472)
[2024-11-25 20:51:53,853][   train_val.py][line: 371][    INFO] Test: [401/579]	Time 0.425 (0.471)
[2024-11-25 20:51:54,310][   train_val.py][line: 371][    INFO] Test: [402/579]	Time 0.457 (0.471)
[2024-11-25 20:51:54,733][   train_val.py][line: 371][    INFO] Test: [403/579]	Time 0.423 (0.471)
[2024-11-25 20:51:55,171][   train_val.py][line: 371][    INFO] Test: [404/579]	Time 0.438 (0.471)
[2024-11-25 20:51:55,598][   train_val.py][line: 371][    INFO] Test: [405/579]	Time 0.427 (0.471)
[2024-11-25 20:51:56,019][   train_val.py][line: 371][    INFO] Test: [406/579]	Time 0.421 (0.471)
[2024-11-25 20:51:56,502][   train_val.py][line: 371][    INFO] Test: [407/579]	Time 0.483 (0.471)
[2024-11-25 20:51:56,935][   train_val.py][line: 371][    INFO] Test: [408/579]	Time 0.433 (0.471)
[2024-11-25 20:51:57,444][   train_val.py][line: 371][    INFO] Test: [409/579]	Time 0.509 (0.471)
[2024-11-25 20:51:57,881][   train_val.py][line: 371][    INFO] Test: [410/579]	Time 0.437 (0.471)
[2024-11-25 20:51:58,323][   train_val.py][line: 371][    INFO] Test: [411/579]	Time 0.442 (0.471)
[2024-11-25 20:51:58,759][   train_val.py][line: 371][    INFO] Test: [412/579]	Time 0.436 (0.471)
[2024-11-25 20:51:59,186][   train_val.py][line: 371][    INFO] Test: [413/579]	Time 0.427 (0.471)
[2024-11-25 20:51:59,624][   train_val.py][line: 371][    INFO] Test: [414/579]	Time 0.438 (0.471)
[2024-11-25 20:52:00,048][   train_val.py][line: 371][    INFO] Test: [415/579]	Time 0.424 (0.470)
[2024-11-25 20:52:00,490][   train_val.py][line: 371][    INFO] Test: [416/579]	Time 0.442 (0.470)
[2024-11-25 20:52:00,908][   train_val.py][line: 371][    INFO] Test: [417/579]	Time 0.419 (0.470)
[2024-11-25 20:52:01,373][   train_val.py][line: 371][    INFO] Test: [418/579]	Time 0.465 (0.470)
[2024-11-25 20:52:01,796][   train_val.py][line: 371][    INFO] Test: [419/579]	Time 0.422 (0.470)
[2024-11-25 20:52:04,044][   train_val.py][line: 371][    INFO] Test: [420/579]	Time 2.248 (0.474)
[2024-11-25 20:52:04,554][   train_val.py][line: 371][    INFO] Test: [421/579]	Time 0.510 (0.474)
[2024-11-25 20:52:05,133][   train_val.py][line: 371][    INFO] Test: [422/579]	Time 0.578 (0.475)
[2024-11-25 20:52:05,616][   train_val.py][line: 371][    INFO] Test: [423/579]	Time 0.483 (0.475)
[2024-11-25 20:52:06,088][   train_val.py][line: 371][    INFO] Test: [424/579]	Time 0.472 (0.475)
[2024-11-25 20:52:06,546][   train_val.py][line: 371][    INFO] Test: [425/579]	Time 0.458 (0.475)
[2024-11-25 20:52:06,987][   train_val.py][line: 371][    INFO] Test: [426/579]	Time 0.441 (0.475)
[2024-11-25 20:52:07,410][   train_val.py][line: 371][    INFO] Test: [427/579]	Time 0.423 (0.474)
[2024-11-25 20:52:07,870][   train_val.py][line: 371][    INFO] Test: [428/579]	Time 0.460 (0.474)
[2024-11-25 20:52:08,290][   train_val.py][line: 371][    INFO] Test: [429/579]	Time 0.420 (0.474)
[2024-11-25 20:52:08,777][   train_val.py][line: 371][    INFO] Test: [430/579]	Time 0.487 (0.474)
[2024-11-25 20:52:09,201][   train_val.py][line: 371][    INFO] Test: [431/579]	Time 0.424 (0.474)
[2024-11-25 20:52:09,623][   train_val.py][line: 371][    INFO] Test: [432/579]	Time 0.422 (0.474)
[2024-11-25 20:52:10,059][   train_val.py][line: 371][    INFO] Test: [433/579]	Time 0.436 (0.474)
[2024-11-25 20:52:10,480][   train_val.py][line: 371][    INFO] Test: [434/579]	Time 0.421 (0.474)
[2024-11-25 20:52:10,906][   train_val.py][line: 371][    INFO] Test: [435/579]	Time 0.426 (0.474)
[2024-11-25 20:52:11,328][   train_val.py][line: 371][    INFO] Test: [436/579]	Time 0.423 (0.474)
[2024-11-25 20:52:11,766][   train_val.py][line: 371][    INFO] Test: [437/579]	Time 0.437 (0.474)
[2024-11-25 20:52:12,191][   train_val.py][line: 371][    INFO] Test: [438/579]	Time 0.425 (0.473)
[2024-11-25 20:52:12,612][   train_val.py][line: 371][    INFO] Test: [439/579]	Time 0.422 (0.473)
[2024-11-25 20:52:13,049][   train_val.py][line: 371][    INFO] Test: [440/579]	Time 0.437 (0.473)
[2024-11-25 20:52:13,479][   train_val.py][line: 371][    INFO] Test: [441/579]	Time 0.430 (0.473)
[2024-11-25 20:52:13,899][   train_val.py][line: 371][    INFO] Test: [442/579]	Time 0.421 (0.473)
[2024-11-25 20:52:14,323][   train_val.py][line: 371][    INFO] Test: [443/579]	Time 0.423 (0.473)
[2024-11-25 20:52:14,758][   train_val.py][line: 371][    INFO] Test: [444/579]	Time 0.435 (0.473)
[2024-11-25 20:52:15,186][   train_val.py][line: 371][    INFO] Test: [445/579]	Time 0.429 (0.473)
[2024-11-25 20:52:15,606][   train_val.py][line: 371][    INFO] Test: [446/579]	Time 0.419 (0.473)
[2024-11-25 20:52:16,023][   train_val.py][line: 371][    INFO] Test: [447/579]	Time 0.418 (0.472)
[2024-11-25 20:52:16,444][   train_val.py][line: 371][    INFO] Test: [448/579]	Time 0.421 (0.472)
[2024-11-25 20:52:16,868][   train_val.py][line: 371][    INFO] Test: [449/579]	Time 0.424 (0.472)
[2024-11-25 20:52:17,290][   train_val.py][line: 371][    INFO] Test: [450/579]	Time 0.422 (0.472)
[2024-11-25 20:52:17,724][   train_val.py][line: 371][    INFO] Test: [451/579]	Time 0.433 (0.472)
[2024-11-25 20:52:18,145][   train_val.py][line: 371][    INFO] Test: [452/579]	Time 0.421 (0.472)
[2024-11-25 20:52:18,570][   train_val.py][line: 371][    INFO] Test: [453/579]	Time 0.425 (0.472)
[2024-11-25 20:52:18,993][   train_val.py][line: 371][    INFO] Test: [454/579]	Time 0.423 (0.472)
[2024-11-25 20:52:19,437][   train_val.py][line: 371][    INFO] Test: [455/579]	Time 0.444 (0.472)
[2024-11-25 20:52:19,983][   train_val.py][line: 371][    INFO] Test: [456/579]	Time 0.546 (0.472)
[2024-11-25 20:52:20,429][   train_val.py][line: 371][    INFO] Test: [457/579]	Time 0.446 (0.472)
[2024-11-25 20:52:20,866][   train_val.py][line: 371][    INFO] Test: [458/579]	Time 0.436 (0.472)
[2024-11-25 20:52:21,309][   train_val.py][line: 371][    INFO] Test: [459/579]	Time 0.443 (0.472)
[2024-11-25 20:52:21,737][   train_val.py][line: 371][    INFO] Test: [460/579]	Time 0.428 (0.472)
[2024-11-25 20:52:22,159][   train_val.py][line: 371][    INFO] Test: [461/579]	Time 0.422 (0.471)
[2024-11-25 20:52:22,586][   train_val.py][line: 371][    INFO] Test: [462/579]	Time 0.427 (0.471)
[2024-11-25 20:52:23,007][   train_val.py][line: 371][    INFO] Test: [463/579]	Time 0.421 (0.471)
[2024-11-25 20:52:23,443][   train_val.py][line: 371][    INFO] Test: [464/579]	Time 0.435 (0.471)
[2024-11-25 20:52:23,883][   train_val.py][line: 371][    INFO] Test: [465/579]	Time 0.440 (0.471)
[2024-11-25 20:52:24,324][   train_val.py][line: 371][    INFO] Test: [466/579]	Time 0.441 (0.471)
[2024-11-25 20:52:24,745][   train_val.py][line: 371][    INFO] Test: [467/579]	Time 0.421 (0.471)
[2024-11-25 20:52:25,186][   train_val.py][line: 371][    INFO] Test: [468/579]	Time 0.441 (0.471)
[2024-11-25 20:52:25,609][   train_val.py][line: 371][    INFO] Test: [469/579]	Time 0.423 (0.471)
[2024-11-25 20:52:26,032][   train_val.py][line: 371][    INFO] Test: [470/579]	Time 0.423 (0.471)
[2024-11-25 20:52:26,453][   train_val.py][line: 371][    INFO] Test: [471/579]	Time 0.422 (0.471)
[2024-11-25 20:52:26,876][   train_val.py][line: 371][    INFO] Test: [472/579]	Time 0.422 (0.470)
[2024-11-25 20:52:27,300][   train_val.py][line: 371][    INFO] Test: [473/579]	Time 0.425 (0.470)
[2024-11-25 20:52:27,722][   train_val.py][line: 371][    INFO] Test: [474/579]	Time 0.422 (0.470)
[2024-11-25 20:52:28,145][   train_val.py][line: 371][    INFO] Test: [475/579]	Time 0.423 (0.470)
[2024-11-25 20:52:28,562][   train_val.py][line: 371][    INFO] Test: [476/579]	Time 0.417 (0.470)
[2024-11-25 20:52:28,984][   train_val.py][line: 371][    INFO] Test: [477/579]	Time 0.422 (0.470)
[2024-11-25 20:52:29,417][   train_val.py][line: 371][    INFO] Test: [478/579]	Time 0.432 (0.470)
[2024-11-25 20:52:29,840][   train_val.py][line: 371][    INFO] Test: [479/579]	Time 0.423 (0.470)
[2024-11-25 20:52:30,269][   train_val.py][line: 371][    INFO] Test: [480/579]	Time 0.430 (0.470)
[2024-11-25 20:52:30,704][   train_val.py][line: 371][    INFO] Test: [481/579]	Time 0.435 (0.470)
[2024-11-25 20:52:31,141][   train_val.py][line: 371][    INFO] Test: [482/579]	Time 0.437 (0.470)
[2024-11-25 20:52:31,567][   train_val.py][line: 371][    INFO] Test: [483/579]	Time 0.426 (0.469)
[2024-11-25 20:52:32,001][   train_val.py][line: 371][    INFO] Test: [484/579]	Time 0.434 (0.469)
[2024-11-25 20:52:32,462][   train_val.py][line: 371][    INFO] Test: [485/579]	Time 0.461 (0.469)
[2024-11-25 20:52:32,902][   train_val.py][line: 371][    INFO] Test: [486/579]	Time 0.440 (0.469)
[2024-11-25 20:52:33,345][   train_val.py][line: 371][    INFO] Test: [487/579]	Time 0.443 (0.469)
[2024-11-25 20:52:33,766][   train_val.py][line: 371][    INFO] Test: [488/579]	Time 0.421 (0.469)
[2024-11-25 20:52:34,196][   train_val.py][line: 371][    INFO] Test: [489/579]	Time 0.430 (0.469)
[2024-11-25 20:52:34,647][   train_val.py][line: 371][    INFO] Test: [490/579]	Time 0.451 (0.469)
[2024-11-25 20:52:35,088][   train_val.py][line: 371][    INFO] Test: [491/579]	Time 0.441 (0.469)
[2024-11-25 20:52:35,512][   train_val.py][line: 371][    INFO] Test: [492/579]	Time 0.425 (0.469)
[2024-11-25 20:52:35,935][   train_val.py][line: 371][    INFO] Test: [493/579]	Time 0.423 (0.469)
[2024-11-25 20:52:36,369][   train_val.py][line: 371][    INFO] Test: [494/579]	Time 0.434 (0.469)
[2024-11-25 20:52:36,791][   train_val.py][line: 371][    INFO] Test: [495/579]	Time 0.422 (0.469)
[2024-11-25 20:52:37,232][   train_val.py][line: 371][    INFO] Test: [496/579]	Time 0.440 (0.469)
[2024-11-25 20:52:37,692][   train_val.py][line: 371][    INFO] Test: [497/579]	Time 0.460 (0.469)
[2024-11-25 20:52:38,116][   train_val.py][line: 371][    INFO] Test: [498/579]	Time 0.424 (0.468)
[2024-11-25 20:52:38,538][   train_val.py][line: 371][    INFO] Test: [499/579]	Time 0.422 (0.468)
[2024-11-25 20:52:38,968][   train_val.py][line: 371][    INFO] Test: [500/579]	Time 0.430 (0.468)
[2024-11-25 20:52:39,387][   train_val.py][line: 371][    INFO] Test: [501/579]	Time 0.419 (0.468)
[2024-11-25 20:52:39,842][   train_val.py][line: 371][    INFO] Test: [502/579]	Time 0.455 (0.468)
[2024-11-25 20:52:40,324][   train_val.py][line: 371][    INFO] Test: [503/579]	Time 0.483 (0.468)
[2024-11-25 20:52:40,786][   train_val.py][line: 371][    INFO] Test: [504/579]	Time 0.462 (0.468)
[2024-11-25 20:52:41,208][   train_val.py][line: 371][    INFO] Test: [505/579]	Time 0.422 (0.468)
[2024-11-25 20:52:41,633][   train_val.py][line: 371][    INFO] Test: [506/579]	Time 0.425 (0.468)
[2024-11-25 20:52:42,078][   train_val.py][line: 371][    INFO] Test: [507/579]	Time 0.444 (0.468)
[2024-11-25 20:52:42,503][   train_val.py][line: 371][    INFO] Test: [508/579]	Time 0.425 (0.468)
[2024-11-25 20:52:42,926][   train_val.py][line: 371][    INFO] Test: [509/579]	Time 0.424 (0.468)
[2024-11-25 20:52:43,348][   train_val.py][line: 371][    INFO] Test: [510/579]	Time 0.421 (0.468)
[2024-11-25 20:52:43,784][   train_val.py][line: 371][    INFO] Test: [511/579]	Time 0.436 (0.468)
[2024-11-25 20:52:44,214][   train_val.py][line: 371][    INFO] Test: [512/579]	Time 0.431 (0.468)
[2024-11-25 20:52:44,666][   train_val.py][line: 371][    INFO] Test: [513/579]	Time 0.451 (0.468)
[2024-11-25 20:52:45,087][   train_val.py][line: 371][    INFO] Test: [514/579]	Time 0.421 (0.467)
[2024-11-25 20:52:45,549][   train_val.py][line: 371][    INFO] Test: [515/579]	Time 0.462 (0.467)
[2024-11-25 20:52:46,018][   train_val.py][line: 371][    INFO] Test: [516/579]	Time 0.469 (0.467)
[2024-11-25 20:52:46,455][   train_val.py][line: 371][    INFO] Test: [517/579]	Time 0.437 (0.467)
[2024-11-25 20:52:46,893][   train_val.py][line: 371][    INFO] Test: [518/579]	Time 0.438 (0.467)
[2024-11-25 20:52:47,321][   train_val.py][line: 371][    INFO] Test: [519/579]	Time 0.429 (0.467)
[2024-11-25 20:52:47,756][   train_val.py][line: 371][    INFO] Test: [520/579]	Time 0.435 (0.467)
[2024-11-25 20:52:48,196][   train_val.py][line: 371][    INFO] Test: [521/579]	Time 0.440 (0.467)
[2024-11-25 20:52:48,641][   train_val.py][line: 371][    INFO] Test: [522/579]	Time 0.446 (0.467)
[2024-11-25 20:52:49,067][   train_val.py][line: 371][    INFO] Test: [523/579]	Time 0.426 (0.467)
[2024-11-25 20:52:49,504][   train_val.py][line: 371][    INFO] Test: [524/579]	Time 0.437 (0.467)
[2024-11-25 20:52:49,939][   train_val.py][line: 371][    INFO] Test: [525/579]	Time 0.434 (0.467)
[2024-11-25 20:52:50,370][   train_val.py][line: 371][    INFO] Test: [526/579]	Time 0.432 (0.467)
[2024-11-25 20:52:50,804][   train_val.py][line: 371][    INFO] Test: [527/579]	Time 0.434 (0.467)
[2024-11-25 20:52:51,264][   train_val.py][line: 371][    INFO] Test: [528/579]	Time 0.459 (0.467)
[2024-11-25 20:52:51,704][   train_val.py][line: 371][    INFO] Test: [529/579]	Time 0.440 (0.467)
[2024-11-25 20:52:52,126][   train_val.py][line: 371][    INFO] Test: [530/579]	Time 0.422 (0.467)
[2024-11-25 20:52:52,566][   train_val.py][line: 371][    INFO] Test: [531/579]	Time 0.440 (0.467)
[2024-11-25 20:52:53,067][   train_val.py][line: 371][    INFO] Test: [532/579]	Time 0.501 (0.467)
[2024-11-25 20:52:53,492][   train_val.py][line: 371][    INFO] Test: [533/579]	Time 0.426 (0.467)
[2024-11-25 20:52:53,934][   train_val.py][line: 371][    INFO] Test: [534/579]	Time 0.442 (0.466)
[2024-11-25 20:52:54,372][   train_val.py][line: 371][    INFO] Test: [535/579]	Time 0.438 (0.466)
[2024-11-25 20:52:54,814][   train_val.py][line: 371][    INFO] Test: [536/579]	Time 0.441 (0.466)
[2024-11-25 20:52:55,241][   train_val.py][line: 371][    INFO] Test: [537/579]	Time 0.427 (0.466)
[2024-11-25 20:52:55,677][   train_val.py][line: 371][    INFO] Test: [538/579]	Time 0.436 (0.466)
[2024-11-25 20:52:56,118][   train_val.py][line: 371][    INFO] Test: [539/579]	Time 0.441 (0.466)
[2024-11-25 20:52:56,543][   train_val.py][line: 371][    INFO] Test: [540/579]	Time 0.426 (0.466)
[2024-11-25 20:52:56,982][   train_val.py][line: 371][    INFO] Test: [541/579]	Time 0.439 (0.466)
[2024-11-25 20:52:57,561][   train_val.py][line: 371][    INFO] Test: [542/579]	Time 0.579 (0.466)
[2024-11-25 20:52:57,985][   train_val.py][line: 371][    INFO] Test: [543/579]	Time 0.425 (0.466)
[2024-11-25 20:52:58,408][   train_val.py][line: 371][    INFO] Test: [544/579]	Time 0.423 (0.466)
[2024-11-25 20:52:58,845][   train_val.py][line: 371][    INFO] Test: [545/579]	Time 0.437 (0.466)
[2024-11-25 20:52:59,266][   train_val.py][line: 371][    INFO] Test: [546/579]	Time 0.422 (0.466)
[2024-11-25 20:52:59,688][   train_val.py][line: 371][    INFO] Test: [547/579]	Time 0.422 (0.466)
[2024-11-25 20:53:00,111][   train_val.py][line: 371][    INFO] Test: [548/579]	Time 0.423 (0.466)
[2024-11-25 20:53:00,648][   train_val.py][line: 371][    INFO] Test: [549/579]	Time 0.537 (0.466)
[2024-11-25 20:53:01,069][   train_val.py][line: 371][    INFO] Test: [550/579]	Time 0.421 (0.466)
[2024-11-25 20:53:01,492][   train_val.py][line: 371][    INFO] Test: [551/579]	Time 0.423 (0.466)
[2024-11-25 20:53:03,419][   train_val.py][line: 371][    INFO] Test: [552/579]	Time 1.927 (0.468)
[2024-11-25 20:53:03,846][   train_val.py][line: 371][    INFO] Test: [553/579]	Time 0.427 (0.468)
[2024-11-25 20:53:04,271][   train_val.py][line: 371][    INFO] Test: [554/579]	Time 0.425 (0.468)
[2024-11-25 20:53:04,706][   train_val.py][line: 371][    INFO] Test: [555/579]	Time 0.435 (0.468)
[2024-11-25 20:53:05,146][   train_val.py][line: 371][    INFO] Test: [556/579]	Time 0.440 (0.468)
[2024-11-25 20:53:05,631][   train_val.py][line: 371][    INFO] Test: [557/579]	Time 0.485 (0.468)
[2024-11-25 20:53:06,070][   train_val.py][line: 371][    INFO] Test: [558/579]	Time 0.439 (0.468)
[2024-11-25 20:53:06,550][   train_val.py][line: 371][    INFO] Test: [559/579]	Time 0.479 (0.468)
[2024-11-25 20:53:06,993][   train_val.py][line: 371][    INFO] Test: [560/579]	Time 0.443 (0.468)
[2024-11-25 20:53:07,413][   train_val.py][line: 371][    INFO] Test: [561/579]	Time 0.421 (0.468)
[2024-11-25 20:53:07,834][   train_val.py][line: 371][    INFO] Test: [562/579]	Time 0.421 (0.468)
[2024-11-25 20:53:08,274][   train_val.py][line: 371][    INFO] Test: [563/579]	Time 0.439 (0.468)
[2024-11-25 20:53:08,740][   train_val.py][line: 371][    INFO] Test: [564/579]	Time 0.466 (0.468)
[2024-11-25 20:53:09,163][   train_val.py][line: 371][    INFO] Test: [565/579]	Time 0.424 (0.468)
[2024-11-25 20:53:09,644][   train_val.py][line: 371][    INFO] Test: [566/579]	Time 0.480 (0.468)
[2024-11-25 20:53:10,063][   train_val.py][line: 371][    INFO] Test: [567/579]	Time 0.419 (0.468)
[2024-11-25 20:53:10,502][   train_val.py][line: 371][    INFO] Test: [568/579]	Time 0.438 (0.468)
[2024-11-25 20:53:10,929][   train_val.py][line: 371][    INFO] Test: [569/579]	Time 0.427 (0.468)
[2024-11-25 20:53:11,365][   train_val.py][line: 371][    INFO] Test: [570/579]	Time 0.436 (0.468)
[2024-11-25 20:53:11,806][   train_val.py][line: 371][    INFO] Test: [571/579]	Time 0.441 (0.468)
[2024-11-25 20:53:12,235][   train_val.py][line: 371][    INFO] Test: [572/579]	Time 0.429 (0.467)
[2024-11-25 20:53:12,668][   train_val.py][line: 371][    INFO] Test: [573/579]	Time 0.433 (0.467)
[2024-11-25 20:53:13,109][   train_val.py][line: 371][    INFO] Test: [574/579]	Time 0.442 (0.467)
[2024-11-25 20:53:13,533][   train_val.py][line: 371][    INFO] Test: [575/579]	Time 0.424 (0.467)
[2024-11-25 20:53:13,989][   train_val.py][line: 371][    INFO] Test: [576/579]	Time 0.456 (0.467)
[2024-11-25 20:53:14,414][   train_val.py][line: 371][    INFO] Test: [577/579]	Time 0.426 (0.467)
[2024-11-25 20:53:14,871][   train_val.py][line: 371][    INFO] Test: [578/579]	Time 0.456 (0.467)
[2024-11-25 20:53:15,874][   train_val.py][line: 371][    INFO] Test: [579/579]	Time 1.003 (0.468)
[2024-11-25 20:53:15,931][   train_val.py][line: 392][    INFO] Gathering final results ...
[2024-11-25 20:53:15,932][   train_val.py][line: 394][    INFO]  * Loss 5.18637	total_num=4628.0
[2024-11-25 20:58:46,814][ eval_helper.py][line: 343][    INFO] 
|  clsname   |  max_auc  |  max_ap  |  pixel_auc  |  pixel_ap  |
|:----------:|:---------:|:--------:|:-----------:|:----------:|
|     01     |  99.9028  | 99.9592  |   98.1321   |  66.9595   |
|     02     |  84.3411  | 97.4561  |   96.9983   |  66.8145   |
|     03     |  99.2526  |  90.713  |   99.6267   |  58.2697   |
|   bottle   |  99.8413  | 99.9512  |   98.0281   |  77.8237   |
|   cable    |  94.9775  | 97.3864  |   96.576    |  53.3999   |
|   candle   |   96.79   | 96.9572  |   99.4605   |  33.3569   |
|  capsule   |  90.5066  | 97.7088  |   98.8327   |  53.0329   |
|  capsules  |   83.9    | 91.5791  |   99.0935   |  59.5791   |
|   carpet   |  99.8796  | 99.9634  |   99.2779   |  76.0377   |
|   cashew   |   89.02   | 94.3662  |   97.0285   |  52.1332   |
| chewinggum |   99.54   |  99.798  |   99.1324   |   62.364   |
|   fryum    |   93.64   | 96.9864  |    96.96    |  42.8372   |
|    grid    |  98.5798  |  99.597  |   98.8479   |  52.6452   |
|  hazelnut  |  99.3214  | 99.5587  |   97.5634   |  57.9697   |
|  leather   |    100    |   100    |   99.6805   |  74.8001   |
| macaroni1  |   94.32   | 94.6294  |   99.528    |  29.3498   |
| macaroni2  |   82.47   | 83.6732  |   98.9454   |  12.9008   |
| metal_nut  |  99.7067  | 99.9314  |   93.1692   |  59.0764   |
|    pcb1    |   97.75   | 97.0222  |   99.7295   |  78.7282   |
|    pcb2    |   96.11   | 96.0981  |   98.8421   |  15.3277   |
|    pcb3    |  95.0891  | 96.0798  |   99.1157   |  26.3537   |
|    pcb4    |  99.6634  |  99.66   |   97.7044   |  44.1281   |
|    pill    |  93.2624  | 98.7356  |   95.5627   |  46.0952   |
| pipe_fryum |   98.12   | 99.1571  |   99.1028   |  60.5437   |
|   screw    |  89.9775  | 96.5787  |   99.145    |  48.5419   |
|    tile    |  99.8557  |  99.943  |   94.9554   |  73.6619   |
| toothbrush |  93.6111  | 97.3895  |   98.6143   |  51.5741   |
| transistor |  98.2917  | 97.3447  |   94.749    |  60.2709   |
|    wood    |  99.386   | 99.8207  |   94.7803   |  62.2907   |
|   zipper   |  99.6849  | 99.9173  |   98.2727   |   66.527   |
|    mean    |  95.5597  | 97.2654  |   97.9152   |  54.1131   |
