[2024-11-25 20:10:22,978][   train_val.py][line: 116][    INFO] args: Namespace(config='../configs/onenip_config.yaml', evaluate=True, local_rank='0', opts=['dataset.image_reader.kwargs.image_dir', '/fuxi_team2/persons/danylgao/weicun_ceph/datasets/mvtec', 'dataset.train.dtd_dir', '/fuxi_team2/persons/danylgao/weicun_ceph/datasets/dtd', 'dataset.train.meta_file', '../data/mvtec/train.json', 'dataset.test.meta_file', '../data/mvtec/test.json', 'dataset.input_size', '[256, 256]', 'net[2].kwargs.num_encoder_layers', '4', 'net[2].kwargs.num_decoder_layers', '4', 'saver.save_dir', '../checkpoints-retraining-1111/onenip-mvtec-4-4-256'])
[2024-11-25 20:10:22,980][   train_val.py][line: 117][    INFO] config: {'criterion': [{'kwargs': {'weight': 1.0},
                'name': 'FeatureMSELoss',
                'type': 'FeatureMSELoss'},
               {'kwargs': {'weight': 0.5},
                'name': 'DiceLoss',
                'type': 'DiceLoss'}],
 'dataset': {'batch_size': 8,
             'image_reader': {'kwargs': {'color_mode': 'RGB',
                                         'image_dir': '/fuxi_team2/persons/danylgao/weicun_ceph/datasets/mvtec'},
                              'type': 'opencv'},
             'input_size': [256, 256],
             'pixel_mean': [0.485, 0.456, 0.406],
             'pixel_std': [0.229, 0.224, 0.225],
             'test': {'meta_file': '../data/mvtec/test.json'},
             'train': {'dtd_dir': '/fuxi_team2/persons/danylgao/weicun_ceph/datasets/dtd',
                       'hflip': False,
                       'meta_file': '../data/mvtec/train.json',
                       'rebalance': False,
                       'rotate': False,
                       'vflip': False},
             'type': 'onenip',
             'workers': 4},
 'evaluator': {'eval_dir': '../checkpoints-retraining-1111/onenip-mvtec-4-4-256/result_eval_temp',
               'key_metric': 'mean_pixel_auc',
               'metrics': {'auc': [{'kwargs': {'avgpool_size': [16, 16]},
                                    'name': 'max'},
                                   {'name': 'pixel'}]},
               'save_dir': '../checkpoints-retraining-1111/onenip-mvtec-4-4-256/result_eval_temp',
               'vis_compound': {'max_score': None,
                                'min_score': None,
                                'save_dir': '../checkpoints-retraining-1111/onenip-mvtec-4-4-256/vis_compound'}},
 'exp_path': '../checkpoints-retraining-1111/onenip-mvtec-4-4-256',
 'frozen_layers': ['backbone'],
 'log_path': '../checkpoints-retraining-1111/onenip-mvtec-4-4-256/log',
 'net': [{'frozen': True,
          'kwargs': {'outblocks': [1, 5, 9, 21],
                     'outstrides': [2, 4, 8, 16],
                     'pretrained': True},
          'name': 'backbone',
          'type': 'models.backbones.efficientnet_b4'},
         {'kwargs': {'outplanes': [272], 'outstrides': [16]},
          'name': 'neck',
          'prev': 'backbone',
          'type': 'models.necks.MFCN'},
         {'kwargs': {'activation': 'relu',
                     'dim_feedforward': 1024,
                     'dropout': 0.1,
                     'feature_jitter': {'prob': 1.0, 'scale': 20.0},
                     'feature_size': [16, 16],
                     'hidden_dim': 256,
                     'initializer': {'method': 'xavier_uniform'},
                     'neighbor_mask': {'mask': [True, True, True],
                                       'neighbor_size': [8, 8]},
                     'nhead': 8,
                     'normalize_before': False,
                     'num_decoder_layers': 4.0,
                     'num_encoder_layers': 4.0,
                     'pos_embed_type': 'learned',
                     'save_recon': {'save_dir': '../checkpoints-retraining-1111/onenip-mvtec-4-4-256/result_recon'}},
          'name': 'reconstruction',
          'prev': 'neck',
          'type': 'models.reconstructions.OneNIP'}],
 'port': 11111,
 'random_seed': 133,
 'save_path': '../checkpoints-retraining-1111/onenip-mvtec-4-4-256',
 'saver': {'always_save': False,
           'auto_resume': False,
           'load_path': '../checkpoints-retraining-1111/onenip-mvtec-4-4-256/ckpt.pkl',
           'log_dir': '../checkpoints-retraining-1111/onenip-mvtec-4-4-256/log',
           'save_dir': '../checkpoints-retraining-1111/onenip-mvtec-4-4-256'},
 'trainer': {'clip_max_norm': 0.1,
             'lr_scheduler': {'kwargs': {'gamma': 0.1, 'step_size': 800},
                              'type': 'StepLR'},
             'max_epoch': 1000,
             'optimizer': {'kwargs': {'betas': [0.9, 0.999],
                                      'lr': 0.0001,
                                      'weight_decay': 0.0001},
                           'type': 'AdamW'},
             'print_freq_step': 1,
             'tb_freq_step': 1,
             'val_freq_epoch': 10},
 'version': 'v1.0.0'}
[2024-11-25 20:10:23,379][       utils.py][line: 740][    INFO]  not exist, load from https://github.com/lukemelas/EfficientNet-PyTorch/releases/download/1.0/efficientnet-b4-6ed6700e.pth
[2024-11-25 20:10:23,497][       utils.py][line: 761][    INFO] Loaded ImageNet pretrained efficientnet-b4
[2024-11-25 20:10:27,127][   train_val.py][line: 143][    INFO] layers: ['backbone', 'neck', 'reconstruction']
[2024-11-25 20:10:27,128][   train_val.py][line: 144][    INFO] active layers: ['neck', 'reconstruction']
[2024-11-25 20:10:36,649][custom_dataset.py][line: 175][    INFO] building CustomDataset from: ../data/mvtec/train.json
[2024-11-25 20:10:36,694][custom_dataset.py][line: 175][    INFO] building CustomDataset from: ../data/mvtec/test.json
[2024-11-25 20:10:40,146][   train_val.py][line: 371][    INFO] Test: [1/216]	Time 3.412 (3.412)
[2024-11-25 20:10:40,441][   train_val.py][line: 371][    INFO] Test: [2/216]	Time 0.295 (1.854)
[2024-11-25 20:10:40,719][   train_val.py][line: 371][    INFO] Test: [3/216]	Time 0.278 (1.328)
[2024-11-25 20:10:41,000][   train_val.py][line: 371][    INFO] Test: [4/216]	Time 0.281 (1.067)
[2024-11-25 20:10:41,281][   train_val.py][line: 371][    INFO] Test: [5/216]	Time 0.281 (0.909)
[2024-11-25 20:10:41,613][   train_val.py][line: 371][    INFO] Test: [6/216]	Time 0.332 (0.813)
[2024-11-25 20:10:41,892][   train_val.py][line: 371][    INFO] Test: [7/216]	Time 0.279 (0.737)
[2024-11-25 20:10:42,187][   train_val.py][line: 371][    INFO] Test: [8/216]	Time 0.295 (0.682)
[2024-11-25 20:10:42,515][   train_val.py][line: 371][    INFO] Test: [9/216]	Time 0.328 (0.642)
[2024-11-25 20:10:42,790][   train_val.py][line: 371][    INFO] Test: [10/216]	Time 0.275 (0.606)
[2024-11-25 20:10:43,058][   train_val.py][line: 371][    INFO] Test: [11/216]	Time 0.268 (0.575)
[2024-11-25 20:10:43,340][   train_val.py][line: 371][    INFO] Test: [12/216]	Time 0.282 (0.551)
[2024-11-25 20:10:43,682][   train_val.py][line: 371][    INFO] Test: [13/216]	Time 0.342 (0.534)
[2024-11-25 20:10:43,970][   train_val.py][line: 371][    INFO] Test: [14/216]	Time 0.288 (0.517)
[2024-11-25 20:10:44,268][   train_val.py][line: 371][    INFO] Test: [15/216]	Time 0.297 (0.502)
[2024-11-25 20:10:44,550][   train_val.py][line: 371][    INFO] Test: [16/216]	Time 0.282 (0.489)
[2024-11-25 20:10:44,974][   train_val.py][line: 371][    INFO] Test: [17/216]	Time 0.424 (0.485)
[2024-11-25 20:10:45,247][   train_val.py][line: 371][    INFO] Test: [18/216]	Time 0.273 (0.473)
[2024-11-25 20:10:45,564][   train_val.py][line: 371][    INFO] Test: [19/216]	Time 0.318 (0.465)
[2024-11-25 20:10:45,864][   train_val.py][line: 371][    INFO] Test: [20/216]	Time 0.299 (0.457)
[2024-11-25 20:10:46,214][   train_val.py][line: 371][    INFO] Test: [21/216]	Time 0.351 (0.451)
[2024-11-25 20:10:46,505][   train_val.py][line: 371][    INFO] Test: [22/216]	Time 0.290 (0.444)
[2024-11-25 20:10:46,848][   train_val.py][line: 371][    INFO] Test: [23/216]	Time 0.343 (0.440)
[2024-11-25 20:10:47,212][   train_val.py][line: 371][    INFO] Test: [24/216]	Time 0.364 (0.437)
[2024-11-25 20:10:47,490][   train_val.py][line: 371][    INFO] Test: [25/216]	Time 0.278 (0.430)
[2024-11-25 20:10:47,830][   train_val.py][line: 371][    INFO] Test: [26/216]	Time 0.340 (0.427)
[2024-11-25 20:10:48,103][   train_val.py][line: 371][    INFO] Test: [27/216]	Time 0.273 (0.421)
[2024-11-25 20:10:48,370][   train_val.py][line: 371][    INFO] Test: [28/216]	Time 0.267 (0.416)
[2024-11-25 20:10:48,636][   train_val.py][line: 371][    INFO] Test: [29/216]	Time 0.266 (0.410)
[2024-11-25 20:10:48,919][   train_val.py][line: 371][    INFO] Test: [30/216]	Time 0.283 (0.406)
[2024-11-25 20:10:49,201][   train_val.py][line: 371][    INFO] Test: [31/216]	Time 0.283 (0.402)
[2024-11-25 20:10:49,503][   train_val.py][line: 371][    INFO] Test: [32/216]	Time 0.301 (0.399)
[2024-11-25 20:10:49,784][   train_val.py][line: 371][    INFO] Test: [33/216]	Time 0.281 (0.395)
[2024-11-25 20:10:50,125][   train_val.py][line: 371][    INFO] Test: [34/216]	Time 0.341 (0.394)
[2024-11-25 20:10:50,537][   train_val.py][line: 371][    INFO] Test: [35/216]	Time 0.412 (0.394)
[2024-11-25 20:10:50,850][   train_val.py][line: 371][    INFO] Test: [36/216]	Time 0.313 (0.392)
[2024-11-25 20:10:51,126][   train_val.py][line: 371][    INFO] Test: [37/216]	Time 0.276 (0.389)
[2024-11-25 20:10:51,425][   train_val.py][line: 371][    INFO] Test: [38/216]	Time 0.299 (0.387)
[2024-11-25 20:10:51,694][   train_val.py][line: 371][    INFO] Test: [39/216]	Time 0.269 (0.384)
[2024-11-25 20:10:51,974][   train_val.py][line: 371][    INFO] Test: [40/216]	Time 0.280 (0.381)
[2024-11-25 20:10:52,251][   train_val.py][line: 371][    INFO] Test: [41/216]	Time 0.277 (0.378)
[2024-11-25 20:10:52,530][   train_val.py][line: 371][    INFO] Test: [42/216]	Time 0.278 (0.376)
[2024-11-25 20:10:52,831][   train_val.py][line: 371][    INFO] Test: [43/216]	Time 0.301 (0.374)
[2024-11-25 20:10:53,121][   train_val.py][line: 371][    INFO] Test: [44/216]	Time 0.290 (0.372)
[2024-11-25 20:10:53,395][   train_val.py][line: 371][    INFO] Test: [45/216]	Time 0.274 (0.370)
[2024-11-25 20:10:53,776][   train_val.py][line: 371][    INFO] Test: [46/216]	Time 0.381 (0.370)
[2024-11-25 20:10:54,055][   train_val.py][line: 371][    INFO] Test: [47/216]	Time 0.279 (0.369)
[2024-11-25 20:10:54,335][   train_val.py][line: 371][    INFO] Test: [48/216]	Time 0.280 (0.367)
[2024-11-25 20:10:54,598][   train_val.py][line: 371][    INFO] Test: [49/216]	Time 0.263 (0.365)
[2024-11-25 20:10:54,917][   train_val.py][line: 371][    INFO] Test: [50/216]	Time 0.319 (0.364)
[2024-11-25 20:10:55,219][   train_val.py][line: 371][    INFO] Test: [51/216]	Time 0.302 (0.362)
[2024-11-25 20:10:55,496][   train_val.py][line: 371][    INFO] Test: [52/216]	Time 0.277 (0.361)
[2024-11-25 20:10:55,776][   train_val.py][line: 371][    INFO] Test: [53/216]	Time 0.280 (0.359)
[2024-11-25 20:10:56,076][   train_val.py][line: 371][    INFO] Test: [54/216]	Time 0.300 (0.358)
[2024-11-25 20:10:56,357][   train_val.py][line: 371][    INFO] Test: [55/216]	Time 0.281 (0.357)
[2024-11-25 20:10:56,642][   train_val.py][line: 371][    INFO] Test: [56/216]	Time 0.286 (0.356)
[2024-11-25 20:10:57,001][   train_val.py][line: 371][    INFO] Test: [57/216]	Time 0.358 (0.356)
[2024-11-25 20:10:57,266][   train_val.py][line: 371][    INFO] Test: [58/216]	Time 0.266 (0.354)
[2024-11-25 20:10:57,568][   train_val.py][line: 371][    INFO] Test: [59/216]	Time 0.302 (0.353)
[2024-11-25 20:10:57,845][   train_val.py][line: 371][    INFO] Test: [60/216]	Time 0.276 (0.352)
[2024-11-25 20:10:58,130][   train_val.py][line: 371][    INFO] Test: [61/216]	Time 0.285 (0.351)
[2024-11-25 20:10:58,424][   train_val.py][line: 371][    INFO] Test: [62/216]	Time 0.294 (0.350)
[2024-11-25 20:10:58,685][   train_val.py][line: 371][    INFO] Test: [63/216]	Time 0.261 (0.348)
[2024-11-25 20:10:58,968][   train_val.py][line: 371][    INFO] Test: [64/216]	Time 0.283 (0.347)
[2024-11-25 20:10:59,248][   train_val.py][line: 371][    INFO] Test: [65/216]	Time 0.280 (0.346)
[2024-11-25 20:10:59,551][   train_val.py][line: 371][    INFO] Test: [66/216]	Time 0.303 (0.346)
[2024-11-25 20:10:59,818][   train_val.py][line: 371][    INFO] Test: [67/216]	Time 0.267 (0.345)
[2024-11-25 20:11:00,215][   train_val.py][line: 371][    INFO] Test: [68/216]	Time 0.397 (0.345)
[2024-11-25 20:11:00,496][   train_val.py][line: 371][    INFO] Test: [69/216]	Time 0.282 (0.344)
[2024-11-25 20:11:00,796][   train_val.py][line: 371][    INFO] Test: [70/216]	Time 0.299 (0.344)
[2024-11-25 20:11:01,080][   train_val.py][line: 371][    INFO] Test: [71/216]	Time 0.284 (0.343)
[2024-11-25 20:11:01,377][   train_val.py][line: 371][    INFO] Test: [72/216]	Time 0.297 (0.342)
[2024-11-25 20:11:03,865][   train_val.py][line: 371][    INFO] Test: [73/216]	Time 2.488 (0.372)
[2024-11-25 20:11:04,286][   train_val.py][line: 371][    INFO] Test: [74/216]	Time 0.421 (0.372)
[2024-11-25 20:11:04,637][   train_val.py][line: 371][    INFO] Test: [75/216]	Time 0.351 (0.372)
[2024-11-25 20:11:04,953][   train_val.py][line: 371][    INFO] Test: [76/216]	Time 0.316 (0.371)
[2024-11-25 20:11:05,256][   train_val.py][line: 371][    INFO] Test: [77/216]	Time 0.303 (0.370)
[2024-11-25 20:11:05,537][   train_val.py][line: 371][    INFO] Test: [78/216]	Time 0.281 (0.369)
[2024-11-25 20:11:05,840][   train_val.py][line: 371][    INFO] Test: [79/216]	Time 0.303 (0.368)
[2024-11-25 20:11:06,122][   train_val.py][line: 371][    INFO] Test: [80/216]	Time 0.281 (0.367)
[2024-11-25 20:11:06,405][   train_val.py][line: 371][    INFO] Test: [81/216]	Time 0.283 (0.366)
[2024-11-25 20:11:06,679][   train_val.py][line: 371][    INFO] Test: [82/216]	Time 0.274 (0.365)
[2024-11-25 20:11:06,962][   train_val.py][line: 371][    INFO] Test: [83/216]	Time 0.283 (0.364)
[2024-11-25 20:11:07,260][   train_val.py][line: 371][    INFO] Test: [84/216]	Time 0.297 (0.363)
[2024-11-25 20:11:07,561][   train_val.py][line: 371][    INFO] Test: [85/216]	Time 0.301 (0.363)
[2024-11-25 20:11:08,390][   train_val.py][line: 371][    INFO] Test: [86/216]	Time 0.829 (0.368)
[2024-11-25 20:11:08,673][   train_val.py][line: 371][    INFO] Test: [87/216]	Time 0.283 (0.367)
[2024-11-25 20:11:08,998][   train_val.py][line: 371][    INFO] Test: [88/216]	Time 0.325 (0.367)
[2024-11-25 20:11:09,286][   train_val.py][line: 371][    INFO] Test: [89/216]	Time 0.288 (0.366)
[2024-11-25 20:11:09,582][   train_val.py][line: 371][    INFO] Test: [90/216]	Time 0.296 (0.365)
[2024-11-25 20:11:09,863][   train_val.py][line: 371][    INFO] Test: [91/216]	Time 0.281 (0.364)
[2024-11-25 20:11:10,189][   train_val.py][line: 371][    INFO] Test: [92/216]	Time 0.326 (0.364)
[2024-11-25 20:11:10,458][   train_val.py][line: 371][    INFO] Test: [93/216]	Time 0.269 (0.363)
[2024-11-25 20:11:10,778][   train_val.py][line: 371][    INFO] Test: [94/216]	Time 0.320 (0.362)
[2024-11-25 20:11:11,104][   train_val.py][line: 371][    INFO] Test: [95/216]	Time 0.326 (0.362)
[2024-11-25 20:11:11,409][   train_val.py][line: 371][    INFO] Test: [96/216]	Time 0.305 (0.361)
[2024-11-25 20:11:11,687][   train_val.py][line: 371][    INFO] Test: [97/216]	Time 0.278 (0.360)
[2024-11-25 20:11:11,990][   train_val.py][line: 371][    INFO] Test: [98/216]	Time 0.304 (0.360)
[2024-11-25 20:11:12,268][   train_val.py][line: 371][    INFO] Test: [99/216]	Time 0.277 (0.359)
[2024-11-25 20:11:12,617][   train_val.py][line: 371][    INFO] Test: [100/216]	Time 0.349 (0.359)
[2024-11-25 20:11:12,901][   train_val.py][line: 371][    INFO] Test: [101/216]	Time 0.284 (0.358)
[2024-11-25 20:11:13,198][   train_val.py][line: 371][    INFO] Test: [102/216]	Time 0.297 (0.357)
[2024-11-25 20:11:13,482][   train_val.py][line: 371][    INFO] Test: [103/216]	Time 0.284 (0.357)
[2024-11-25 20:11:13,787][   train_val.py][line: 371][    INFO] Test: [104/216]	Time 0.305 (0.356)
[2024-11-25 20:11:14,070][   train_val.py][line: 371][    INFO] Test: [105/216]	Time 0.283 (0.356)
[2024-11-25 20:11:14,358][   train_val.py][line: 371][    INFO] Test: [106/216]	Time 0.288 (0.355)
[2024-11-25 20:11:14,652][   train_val.py][line: 371][    INFO] Test: [107/216]	Time 0.294 (0.354)
[2024-11-25 20:11:14,933][   train_val.py][line: 371][    INFO] Test: [108/216]	Time 0.281 (0.354)
[2024-11-25 20:11:15,257][   train_val.py][line: 371][    INFO] Test: [109/216]	Time 0.324 (0.353)
[2024-11-25 20:11:15,537][   train_val.py][line: 371][    INFO] Test: [110/216]	Time 0.280 (0.353)
[2024-11-25 20:11:15,824][   train_val.py][line: 371][    INFO] Test: [111/216]	Time 0.287 (0.352)
[2024-11-25 20:11:16,103][   train_val.py][line: 371][    INFO] Test: [112/216]	Time 0.280 (0.352)
[2024-11-25 20:11:16,381][   train_val.py][line: 371][    INFO] Test: [113/216]	Time 0.277 (0.351)
[2024-11-25 20:11:16,647][   train_val.py][line: 371][    INFO] Test: [114/216]	Time 0.266 (0.350)
[2024-11-25 20:11:16,925][   train_val.py][line: 371][    INFO] Test: [115/216]	Time 0.277 (0.349)
[2024-11-25 20:11:17,212][   train_val.py][line: 371][    INFO] Test: [116/216]	Time 0.287 (0.349)
[2024-11-25 20:11:17,506][   train_val.py][line: 371][    INFO] Test: [117/216]	Time 0.294 (0.348)
[2024-11-25 20:11:17,786][   train_val.py][line: 371][    INFO] Test: [118/216]	Time 0.280 (0.348)
[2024-11-25 20:11:18,067][   train_val.py][line: 371][    INFO] Test: [119/216]	Time 0.281 (0.347)
[2024-11-25 20:11:18,350][   train_val.py][line: 371][    INFO] Test: [120/216]	Time 0.283 (0.347)
[2024-11-25 20:11:18,630][   train_val.py][line: 371][    INFO] Test: [121/216]	Time 0.280 (0.346)
[2024-11-25 20:11:18,912][   train_val.py][line: 371][    INFO] Test: [122/216]	Time 0.282 (0.346)
[2024-11-25 20:11:19,199][   train_val.py][line: 371][    INFO] Test: [123/216]	Time 0.287 (0.345)
[2024-11-25 20:11:19,475][   train_val.py][line: 371][    INFO] Test: [124/216]	Time 0.276 (0.345)
[2024-11-25 20:11:19,753][   train_val.py][line: 371][    INFO] Test: [125/216]	Time 0.278 (0.344)
[2024-11-25 20:11:20,053][   train_val.py][line: 371][    INFO] Test: [126/216]	Time 0.300 (0.344)
[2024-11-25 20:11:20,357][   train_val.py][line: 371][    INFO] Test: [127/216]	Time 0.305 (0.343)
[2024-11-25 20:11:20,657][   train_val.py][line: 371][    INFO] Test: [128/216]	Time 0.299 (0.343)
[2024-11-25 20:11:20,957][   train_val.py][line: 371][    INFO] Test: [129/216]	Time 0.300 (0.343)
[2024-11-25 20:11:21,227][   train_val.py][line: 371][    INFO] Test: [130/216]	Time 0.270 (0.342)
[2024-11-25 20:11:21,508][   train_val.py][line: 371][    INFO] Test: [131/216]	Time 0.281 (0.342)
[2024-11-25 20:11:21,789][   train_val.py][line: 371][    INFO] Test: [132/216]	Time 0.280 (0.341)
[2024-11-25 20:11:22,070][   train_val.py][line: 371][    INFO] Test: [133/216]	Time 0.282 (0.341)
[2024-11-25 20:11:22,346][   train_val.py][line: 371][    INFO] Test: [134/216]	Time 0.276 (0.340)
[2024-11-25 20:11:22,630][   train_val.py][line: 371][    INFO] Test: [135/216]	Time 0.283 (0.340)
[2024-11-25 20:11:22,906][   train_val.py][line: 371][    INFO] Test: [136/216]	Time 0.277 (0.340)
[2024-11-25 20:11:23,183][   train_val.py][line: 371][    INFO] Test: [137/216]	Time 0.277 (0.339)
[2024-11-25 20:11:23,512][   train_val.py][line: 371][    INFO] Test: [138/216]	Time 0.329 (0.339)
[2024-11-25 20:11:23,787][   train_val.py][line: 371][    INFO] Test: [139/216]	Time 0.276 (0.339)
[2024-11-25 20:11:24,085][   train_val.py][line: 371][    INFO] Test: [140/216]	Time 0.297 (0.338)
[2024-11-25 20:11:24,347][   train_val.py][line: 371][    INFO] Test: [141/216]	Time 0.262 (0.338)
[2024-11-25 20:11:24,626][   train_val.py][line: 371][    INFO] Test: [142/216]	Time 0.279 (0.337)
[2024-11-25 20:11:24,890][   train_val.py][line: 371][    INFO] Test: [143/216]	Time 0.264 (0.337)
[2024-11-25 20:11:25,186][   train_val.py][line: 371][    INFO] Test: [144/216]	Time 0.296 (0.336)
[2024-11-25 20:11:25,449][   train_val.py][line: 371][    INFO] Test: [145/216]	Time 0.263 (0.336)
[2024-11-25 20:11:25,729][   train_val.py][line: 371][    INFO] Test: [146/216]	Time 0.279 (0.336)
[2024-11-25 20:11:26,008][   train_val.py][line: 371][    INFO] Test: [147/216]	Time 0.279 (0.335)
[2024-11-25 20:11:26,289][   train_val.py][line: 371][    INFO] Test: [148/216]	Time 0.281 (0.335)
[2024-11-25 20:11:26,573][   train_val.py][line: 371][    INFO] Test: [149/216]	Time 0.285 (0.334)
[2024-11-25 20:11:26,872][   train_val.py][line: 371][    INFO] Test: [150/216]	Time 0.298 (0.334)
[2024-11-25 20:11:27,157][   train_val.py][line: 371][    INFO] Test: [151/216]	Time 0.285 (0.334)
[2024-11-25 20:11:27,433][   train_val.py][line: 371][    INFO] Test: [152/216]	Time 0.276 (0.334)
[2024-11-25 20:11:27,714][   train_val.py][line: 371][    INFO] Test: [153/216]	Time 0.281 (0.333)
[2024-11-25 20:11:27,984][   train_val.py][line: 371][    INFO] Test: [154/216]	Time 0.271 (0.333)
[2024-11-25 20:11:28,276][   train_val.py][line: 371][    INFO] Test: [155/216]	Time 0.292 (0.333)
[2024-11-25 20:11:28,638][   train_val.py][line: 371][    INFO] Test: [156/216]	Time 0.362 (0.333)
[2024-11-25 20:11:28,918][   train_val.py][line: 371][    INFO] Test: [157/216]	Time 0.280 (0.332)
[2024-11-25 20:11:29,183][   train_val.py][line: 371][    INFO] Test: [158/216]	Time 0.265 (0.332)
[2024-11-25 20:11:29,466][   train_val.py][line: 371][    INFO] Test: [159/216]	Time 0.283 (0.332)
[2024-11-25 20:11:29,742][   train_val.py][line: 371][    INFO] Test: [160/216]	Time 0.277 (0.331)
[2024-11-25 20:11:30,021][   train_val.py][line: 371][    INFO] Test: [161/216]	Time 0.278 (0.331)
[2024-11-25 20:11:30,300][   train_val.py][line: 371][    INFO] Test: [162/216]	Time 0.279 (0.331)
[2024-11-25 20:11:30,564][   train_val.py][line: 371][    INFO] Test: [163/216]	Time 0.264 (0.330)
[2024-11-25 20:11:30,844][   train_val.py][line: 371][    INFO] Test: [164/216]	Time 0.280 (0.330)
[2024-11-25 20:11:31,126][   train_val.py][line: 371][    INFO] Test: [165/216]	Time 0.282 (0.330)
[2024-11-25 20:11:31,388][   train_val.py][line: 371][    INFO] Test: [166/216]	Time 0.262 (0.329)
[2024-11-25 20:11:31,654][   train_val.py][line: 371][    INFO] Test: [167/216]	Time 0.266 (0.329)
[2024-11-25 20:11:31,935][   train_val.py][line: 371][    INFO] Test: [168/216]	Time 0.281 (0.329)
[2024-11-25 20:11:32,213][   train_val.py][line: 371][    INFO] Test: [169/216]	Time 0.279 (0.328)
[2024-11-25 20:11:32,509][   train_val.py][line: 371][    INFO] Test: [170/216]	Time 0.295 (0.328)
[2024-11-25 20:11:32,811][   train_val.py][line: 371][    INFO] Test: [171/216]	Time 0.302 (0.328)
[2024-11-25 20:11:33,094][   train_val.py][line: 371][    INFO] Test: [172/216]	Time 0.283 (0.328)
[2024-11-25 20:11:33,371][   train_val.py][line: 371][    INFO] Test: [173/216]	Time 0.277 (0.327)
[2024-11-25 20:11:33,637][   train_val.py][line: 371][    INFO] Test: [174/216]	Time 0.266 (0.327)
[2024-11-25 20:11:33,933][   train_val.py][line: 371][    INFO] Test: [175/216]	Time 0.296 (0.327)
[2024-11-25 20:11:34,219][   train_val.py][line: 371][    INFO] Test: [176/216]	Time 0.286 (0.327)
[2024-11-25 20:11:34,495][   train_val.py][line: 371][    INFO] Test: [177/216]	Time 0.276 (0.326)
[2024-11-25 20:11:34,757][   train_val.py][line: 371][    INFO] Test: [178/216]	Time 0.263 (0.326)
[2024-11-25 20:11:35,040][   train_val.py][line: 371][    INFO] Test: [179/216]	Time 0.283 (0.326)
[2024-11-25 20:11:35,317][   train_val.py][line: 371][    INFO] Test: [180/216]	Time 0.277 (0.325)
[2024-11-25 20:11:35,582][   train_val.py][line: 371][    INFO] Test: [181/216]	Time 0.265 (0.325)
[2024-11-25 20:11:35,904][   train_val.py][line: 371][    INFO] Test: [182/216]	Time 0.322 (0.325)
[2024-11-25 20:11:36,181][   train_val.py][line: 371][    INFO] Test: [183/216]	Time 0.277 (0.325)
[2024-11-25 20:11:36,464][   train_val.py][line: 371][    INFO] Test: [184/216]	Time 0.283 (0.325)
[2024-11-25 20:11:36,731][   train_val.py][line: 371][    INFO] Test: [185/216]	Time 0.267 (0.324)
[2024-11-25 20:11:37,025][   train_val.py][line: 371][    INFO] Test: [186/216]	Time 0.294 (0.324)
[2024-11-25 20:11:37,306][   train_val.py][line: 371][    INFO] Test: [187/216]	Time 0.281 (0.324)
[2024-11-25 20:11:37,570][   train_val.py][line: 371][    INFO] Test: [188/216]	Time 0.265 (0.324)
[2024-11-25 20:11:37,847][   train_val.py][line: 371][    INFO] Test: [189/216]	Time 0.277 (0.323)
[2024-11-25 20:11:38,127][   train_val.py][line: 371][    INFO] Test: [190/216]	Time 0.280 (0.323)
[2024-11-25 20:11:38,393][   train_val.py][line: 371][    INFO] Test: [191/216]	Time 0.266 (0.323)
[2024-11-25 20:11:38,689][   train_val.py][line: 371][    INFO] Test: [192/216]	Time 0.296 (0.323)
[2024-11-25 20:11:39,031][   train_val.py][line: 371][    INFO] Test: [193/216]	Time 0.343 (0.323)
[2024-11-25 20:11:39,329][   train_val.py][line: 371][    INFO] Test: [194/216]	Time 0.297 (0.323)
[2024-11-25 20:11:39,611][   train_val.py][line: 371][    INFO] Test: [195/216]	Time 0.282 (0.322)
[2024-11-25 20:11:39,909][   train_val.py][line: 371][    INFO] Test: [196/216]	Time 0.298 (0.322)
[2024-11-25 20:11:40,209][   train_val.py][line: 371][    INFO] Test: [197/216]	Time 0.300 (0.322)
[2024-11-25 20:11:40,471][   train_val.py][line: 371][    INFO] Test: [198/216]	Time 0.262 (0.322)
[2024-11-25 20:11:40,755][   train_val.py][line: 371][    INFO] Test: [199/216]	Time 0.284 (0.322)
[2024-11-25 20:11:41,060][   train_val.py][line: 371][    INFO] Test: [200/216]	Time 0.305 (0.322)
[2024-11-25 20:11:41,359][   train_val.py][line: 371][    INFO] Test: [201/216]	Time 0.298 (0.322)
[2024-11-25 20:11:41,641][   train_val.py][line: 371][    INFO] Test: [202/216]	Time 0.282 (0.321)
[2024-11-25 20:11:41,921][   train_val.py][line: 371][    INFO] Test: [203/216]	Time 0.280 (0.321)
[2024-11-25 20:11:42,200][   train_val.py][line: 371][    INFO] Test: [204/216]	Time 0.279 (0.321)
[2024-11-25 20:11:42,491][   train_val.py][line: 371][    INFO] Test: [205/216]	Time 0.291 (0.321)
[2024-11-25 20:11:42,805][   train_val.py][line: 371][    INFO] Test: [206/216]	Time 0.314 (0.321)
[2024-11-25 20:11:43,166][   train_val.py][line: 371][    INFO] Test: [207/216]	Time 0.361 (0.321)
[2024-11-25 20:11:43,435][   train_val.py][line: 371][    INFO] Test: [208/216]	Time 0.269 (0.321)
[2024-11-25 20:11:43,728][   train_val.py][line: 371][    INFO] Test: [209/216]	Time 0.293 (0.321)
[2024-11-25 20:11:43,997][   train_val.py][line: 371][    INFO] Test: [210/216]	Time 0.269 (0.320)
[2024-11-25 20:11:44,275][   train_val.py][line: 371][    INFO] Test: [211/216]	Time 0.278 (0.320)
[2024-11-25 20:11:44,613][   train_val.py][line: 371][    INFO] Test: [212/216]	Time 0.338 (0.320)
[2024-11-25 20:11:44,893][   train_val.py][line: 371][    INFO] Test: [213/216]	Time 0.280 (0.320)
[2024-11-25 20:11:45,253][   train_val.py][line: 371][    INFO] Test: [214/216]	Time 0.360 (0.320)
[2024-11-25 20:11:45,521][   train_val.py][line: 371][    INFO] Test: [215/216]	Time 0.268 (0.320)
[2024-11-25 20:11:46,287][   train_val.py][line: 371][    INFO] Test: [216/216]	Time 0.766 (0.322)
[2024-11-25 20:11:46,325][   train_val.py][line: 392][    INFO] Gathering final results ...
[2024-11-25 20:11:46,325][   train_val.py][line: 394][    INFO]  * Loss 6.56134	total_num=1725.0
[2024-11-25 20:13:06,673][ eval_helper.py][line: 343][    INFO] 
|  clsname   |  max_auc  |  max_ap  |  pixel_auc  |  pixel_ap  |
|:----------:|:---------:|:--------:|:-----------:|:----------:|
|   bottle   |  99.8413  | 99.9512  |   98.5864   |  82.3054   |
|   cable    |  99.0067  | 99.4066  |   98.2361   |  68.2234   |
|  capsule   |  91.2645  | 97.8845  |   98.7722   |  51.9555   |
|   carpet   |  99.9197  | 99.9753  |   99.0875   |   72.047   |
|    grid    |  98.914   | 99.6742  |   98.4556   |   48.934   |
|  hazelnut  |  99.9286  | 99.9595  |   98.6559   |   69.965   |
|  leather   |    100    |   100    |   99.6485   |  71.5525   |
| metal_nut  |  99.5112  | 99.8827  |   96.2235   |  72.9172   |
|    pill    |  95.8811  | 99.2527  |   95.9982   |  47.6844   |
|   screw    |  93.6667  |  97.62   |   99.1476   |  44.1836   |
|    tile    |  99.9278  | 99.9723  |   95.4155   |  77.6189   |
| toothbrush |  93.6111  | 97.3895  |   98.8561   |  53.5898   |
| transistor |  99.875   | 99.8185  |   98.477    |  81.8495   |
|    wood    |  98.3333  | 99.4895  |   95.1354   |  66.9409   |
|   zipper   |  99.5273  | 99.8784  |   97.9254   |  62.8956   |
|    mean    |  97.9472  | 99.3437  |   97.9081   |  64.8442   |
