[2024-09-21 22:08:25,565][   train_val.py][line: 113][    INFO] args: Namespace(config='../configs/config_onenip.yaml', evaluate=True, local_rank='0', opts=['dataset.image_reader.kwargs.image_dir', '/fuxi_team2/persons/danylgao/weicun_ceph/datasets/visa', 'dataset.train.meta_file', '../data/visa/train.json', 'dataset.test.meta_file', '../data/visa/test.json', 'dataset.input_size', '[320, 320]', 'net[2].kwargs.num_encoder_layers', '4', 'net[2].kwargs.num_decoder_layers', '4', 'saver.save_dir', '../checkpoints/onenip-visa-4-4-320'])
[2024-09-21 22:08:25,568][   train_val.py][line: 114][    INFO] config: {'criterion': [{'kwargs': {'weight': 1.0},
                'name': 'FeatureMSELoss',
                'type': 'FeatureMSELoss'},
               {'kwargs': {'weight': 0.5},
                'name': 'DiceLoss',
                'type': 'DiceLoss'}],
 'dataset': {'batch_size': 8,
             'image_reader': {'kwargs': {'color_mode': 'RGB',
                                         'image_dir': '/fuxi_team2/persons/danylgao/weicun_ceph/datasets/visa'},
                              'type': 'opencv'},
             'input_size': [320, 320],
             'pixel_mean': [0.485, 0.456, 0.406],
             'pixel_std': [0.229, 0.224, 0.225],
             'test': {'meta_file': '../data/visa/test.json'},
             'train': {'hflip': False,
                       'meta_file': '../data/visa/train.json',
                       'rebalance': False,
                       'rotate': False,
                       'vflip': False},
             'type': 'onenip',
             'workers': 4},
 'evaluator': {'eval_dir': '../checkpoints/onenip-visa-4-4-320/result_eval_temp',
               'key_metric': 'mean_pixel_auc',
               'metrics': {'auc': [{'kwargs': {'avgpool_size': [16, 16]},
                                    'name': 'max'},
                                   {'name': 'pixel'}]},
               'save_dir': '../checkpoints/onenip-visa-4-4-320/result_eval_temp',
               'vis_compound': {'max_score': None,
                                'min_score': None,
                                'save_dir': '../checkpoints/onenip-visa-4-4-320/vis_compound'}},
 'exp_path': '../configs',
 'frozen_layers': ['backbone'],
 'log_path': '../checkpoints/onenip-visa-4-4-320/log',
 'net': [{'frozen': True,
          'kwargs': {'outblocks': [1, 5, 9, 21],
                     'outstrides': [2, 4, 8, 16],
                     'pretrained': True},
          'name': 'backbone',
          'type': 'models.backbones.efficientnet_b4'},
         {'kwargs': {'outplanes': [272], 'outstrides': [16]},
          'name': 'neck',
          'prev': 'backbone',
          'type': 'models.necks.MFCN'},
         {'kwargs': {'activation': 'relu',
                     'dim_feedforward': 1024,
                     'dropout': 0.1,
                     'feature_jitter': {'prob': 1.0, 'scale': 20.0},
                     'feature_size': [20, 20],
                     'hidden_dim': 256,
                     'initializer': {'method': 'xavier_uniform'},
                     'neighbor_mask': {'mask': [True, True, True],
                                       'neighbor_size': [10, 10]},
                     'nhead': 8,
                     'normalize_before': False,
                     'num_decoder_layers': 4.0,
                     'num_encoder_layers': 4.0,
                     'pos_embed_type': 'learned',
                     'save_recon': {'save_dir': '../checkpoints/onenip-visa-4-4-320/result_recon'}},
          'name': 'reconstruction',
          'prev': 'neck',
          'type': 'models.reconstructions.OneNIP'}],
 'port': 11111,
 'random_seed': 133,
 'save_path': '../checkpoints/onenip-visa-4-4-320',
 'saver': {'always_save': False,
           'auto_resume': False,
           'load_path': '../checkpoints/onenip-visa-4-4-320/ckpt.pkl',
           'log_dir': '../checkpoints/onenip-visa-4-4-320/log',
           'save_dir': '../checkpoints/onenip-visa-4-4-320'},
 'trainer': {'clip_max_norm': 0.1,
             'lr_scheduler': {'kwargs': {'gamma': 0.1, 'step_size': 800},
                              'type': 'StepLR'},
             'max_epoch': 1000,
             'optimizer': {'kwargs': {'betas': [0.9, 0.999],
                                      'lr': 0.0001,
                                      'weight_decay': 0.0001},
                           'type': 'AdamW'},
             'print_freq_step': 1,
             'tb_freq_step': 1,
             'val_freq_epoch': 10},
 'version': 'v1.0.0'}
[2024-09-21 22:08:26,188][       utils.py][line: 740][    INFO]  not exist, load from https://github.com/lukemelas/EfficientNet-PyTorch/releases/download/1.0/efficientnet-b4-6ed6700e.pth
[2024-09-21 22:08:26,319][       utils.py][line: 761][    INFO] Loaded ImageNet pretrained efficientnet-b4
[2024-09-21 22:08:30,284][   train_val.py][line: 140][    INFO] layers: ['backbone', 'neck', 'reconstruction']
[2024-09-21 22:08:30,285][   train_val.py][line: 141][    INFO] active layers: ['reconstruction', 'neck']
[2024-09-21 22:08:39,153][custom_dataset.py][line: 169][    INFO] building CustomDataset from: ../data/visa/train.json
[2024-09-21 22:08:39,273][custom_dataset.py][line: 169][    INFO] building CustomDataset from: ../data/visa/test.json
[2024-09-21 22:08:48,456][   train_val.py][line: 372][    INFO] Test: [1/34]	Time 9.103 (9.103)
[2024-09-21 22:08:48,708][   train_val.py][line: 372][    INFO] Test: [2/34]	Time 0.252 (4.678)
[2024-09-21 22:08:49,448][   train_val.py][line: 372][    INFO] Test: [3/34]	Time 0.740 (3.365)
[2024-09-21 22:08:49,868][   train_val.py][line: 372][    INFO] Test: [4/34]	Time 0.420 (2.629)
[2024-09-21 22:08:50,303][   train_val.py][line: 372][    INFO] Test: [5/34]	Time 0.435 (2.190)
[2024-09-21 22:08:50,816][   train_val.py][line: 372][    INFO] Test: [6/34]	Time 0.513 (1.911)
[2024-09-21 22:08:51,181][   train_val.py][line: 372][    INFO] Test: [7/34]	Time 0.364 (1.690)
[2024-09-21 22:08:51,708][   train_val.py][line: 372][    INFO] Test: [8/34]	Time 0.527 (1.544)
[2024-09-21 22:08:52,162][   train_val.py][line: 372][    INFO] Test: [9/34]	Time 0.454 (1.423)
[2024-09-21 22:08:52,588][   train_val.py][line: 372][    INFO] Test: [10/34]	Time 0.426 (1.324)
[2024-09-21 22:08:53,358][   train_val.py][line: 372][    INFO] Test: [11/34]	Time 0.770 (1.273)
[2024-09-21 22:08:54,206][   train_val.py][line: 372][    INFO] Test: [12/34]	Time 0.848 (1.238)
[2024-09-21 22:08:54,770][   train_val.py][line: 372][    INFO] Test: [13/34]	Time 0.563 (1.186)
[2024-09-21 22:08:55,459][   train_val.py][line: 372][    INFO] Test: [14/34]	Time 0.690 (1.151)
[2024-09-21 22:08:55,906][   train_val.py][line: 372][    INFO] Test: [15/34]	Time 0.447 (1.104)
[2024-09-21 22:08:56,836][   train_val.py][line: 372][    INFO] Test: [16/34]	Time 0.930 (1.093)
[2024-09-21 22:08:57,340][   train_val.py][line: 372][    INFO] Test: [17/34]	Time 0.503 (1.058)
[2024-09-21 22:08:58,095][   train_val.py][line: 372][    INFO] Test: [18/34]	Time 0.756 (1.041)
[2024-09-21 22:08:58,552][   train_val.py][line: 372][    INFO] Test: [19/34]	Time 0.456 (1.011)
[2024-09-21 22:08:59,475][   train_val.py][line: 372][    INFO] Test: [20/34]	Time 0.923 (1.006)
[2024-09-21 22:08:59,906][   train_val.py][line: 372][    INFO] Test: [21/34]	Time 0.430 (0.979)
[2024-09-21 22:09:00,718][   train_val.py][line: 372][    INFO] Test: [22/34]	Time 0.812 (0.971)
[2024-09-21 22:09:01,019][   train_val.py][line: 372][    INFO] Test: [23/34]	Time 0.301 (0.942)
[2024-09-21 22:09:01,724][   train_val.py][line: 372][    INFO] Test: [24/34]	Time 0.705 (0.932)
[2024-09-21 22:09:06,991][   train_val.py][line: 372][    INFO] Test: [25/34]	Time 5.266 (1.106)
[2024-09-21 22:09:07,368][   train_val.py][line: 372][    INFO] Test: [26/34]	Time 0.378 (1.078)
[2024-09-21 22:09:07,614][   train_val.py][line: 372][    INFO] Test: [27/34]	Time 0.246 (1.047)
[2024-09-21 22:09:08,372][   train_val.py][line: 372][    INFO] Test: [28/34]	Time 0.757 (1.036)
[2024-09-21 22:09:08,613][   train_val.py][line: 372][    INFO] Test: [29/34]	Time 0.241 (1.009)
[2024-09-21 22:09:09,253][   train_val.py][line: 372][    INFO] Test: [30/34]	Time 0.640 (0.997)
[2024-09-21 22:09:09,400][   train_val.py][line: 372][    INFO] Test: [31/34]	Time 0.147 (0.969)
[2024-09-21 22:09:09,589][   train_val.py][line: 372][    INFO] Test: [32/34]	Time 0.189 (0.945)
[2024-09-21 22:09:10,156][   train_val.py][line: 372][    INFO] Test: [33/34]	Time 0.567 (0.933)
[2024-09-21 22:09:10,594][   train_val.py][line: 372][    INFO] Test: [34/34]	Time 0.438 (0.919)
[2024-09-21 22:09:11,392][   train_val.py][line: 393][    INFO] Gathering final results ...
[2024-09-21 22:09:11,393][   train_val.py][line: 395][    INFO]  * Loss 0.62159	total_num=2168.0
[2024-09-21 22:12:10,907][ eval_helper.py][line: 361][    INFO] 
|  clsname   |  max_auc  |  max_ap  |  pixel_auc  |  pixel_ap  |
|:----------:|:---------:|:--------:|:-----------:|:----------:|
|   candle   |   97.44   | 97.6046  |   99.4972   |  36.5448   |
|  capsules  |  87.8833  | 93.4528  |   99.0789   |  61.7789   |
|   cashew   |   91.5    | 95.8195  |   97.1964   |  66.0736   |
| chewinggum |   98.6    | 99.4353  |   99.0874   |  68.3927   |
|   fryum    |   93.82   | 97.0323  |   97.1999   |  45.7484   |
| macaroni1  |   93.07   | 92.8474  |   99.4613   |  29.9937   |
| macaroni2  |   81.95   | 84.9479  |   99.0201   |  14.6821   |
|    pcb1    |   97.54   |  97.083  |   99.752    |  77.5934   |
|    pcb2    |    96     | 95.5891  |   98.8191   |  13.6613   |
|    pcb3    |  95.2475  | 96.2119  |   99.0941   |  23.8197   |
|    pcb4    |  99.7129  | 99.7149  |   97.9248   |  41.8286   |
| pipe_fryum |   97.3    | 98.4246  |   99.3817   |  72.6416   |
|    mean    |  94.172   | 95.6803  |   98.7927   |  46.0632   |
