[2024-09-21 22:13:34,030][   train_val.py][line: 113][    INFO] args: Namespace(config='../configs/config_onenip.yaml', evaluate=True, local_rank='0', opts=['dataset.image_reader.kwargs.image_dir', '/fuxi_team2/persons/danylgao/weicun_ceph/datasets/btad', 'dataset.train.meta_file', '../data/btad/train.json', 'dataset.test.meta_file', '../data/btad/test.json', 'dataset.input_size', '[256, 256]', 'net[2].kwargs.num_encoder_layers', '4', 'net[2].kwargs.num_decoder_layers', '4', 'saver.save_dir', '../checkpoints/onenip-btad-4-4-256'])
[2024-09-21 22:13:34,034][   train_val.py][line: 114][    INFO] config: {'criterion': [{'kwargs': {'weight': 1.0},
                'name': 'FeatureMSELoss',
                'type': 'FeatureMSELoss'},
               {'kwargs': {'weight': 0.5},
                'name': 'DiceLoss',
                'type': 'DiceLoss'}],
 'dataset': {'batch_size': 8,
             'image_reader': {'kwargs': {'color_mode': 'RGB',
                                         'image_dir': '/fuxi_team2/persons/danylgao/weicun_ceph/datasets/btad'},
                              'type': 'opencv'},
             'input_size': [256, 256],
             'pixel_mean': [0.485, 0.456, 0.406],
             'pixel_std': [0.229, 0.224, 0.225],
             'test': {'meta_file': '../data/btad/test.json'},
             'train': {'hflip': False,
                       'meta_file': '../data/btad/train.json',
                       'rebalance': False,
                       'rotate': False,
                       'vflip': False},
             'type': 'onenip',
             'workers': 4},
 'evaluator': {'eval_dir': '../checkpoints/onenip-btad-4-4-256/result_eval_temp',
               'key_metric': 'mean_pixel_auc',
               'metrics': {'auc': [{'kwargs': {'avgpool_size': [16, 16]},
                                    'name': 'max'},
                                   {'name': 'pixel'}]},
               'save_dir': '../checkpoints/onenip-btad-4-4-256/result_eval_temp',
               'vis_compound': {'max_score': None,
                                'min_score': None,
                                'save_dir': '../checkpoints/onenip-btad-4-4-256/vis_compound'}},
 'exp_path': '../configs',
 'frozen_layers': ['backbone'],
 'log_path': '../checkpoints/onenip-btad-4-4-256/log',
 'net': [{'frozen': True,
          'kwargs': {'outblocks': [1, 5, 9, 21],
                     'outstrides': [2, 4, 8, 16],
                     'pretrained': True},
          'name': 'backbone',
          'type': 'models.backbones.efficientnet_b4'},
         {'kwargs': {'outplanes': [272], 'outstrides': [16]},
          'name': 'neck',
          'prev': 'backbone',
          'type': 'models.necks.MFCN'},
         {'kwargs': {'activation': 'relu',
                     'dim_feedforward': 1024,
                     'dropout': 0.1,
                     'feature_jitter': {'prob': 1.0, 'scale': 20.0},
                     'feature_size': [16, 16],
                     'hidden_dim': 256,
                     'initializer': {'method': 'xavier_uniform'},
                     'neighbor_mask': {'mask': [True, True, True],
                                       'neighbor_size': [8, 8]},
                     'nhead': 8,
                     'normalize_before': False,
                     'num_decoder_layers': 4.0,
                     'num_encoder_layers': 4.0,
                     'pos_embed_type': 'learned',
                     'save_recon': {'save_dir': '../checkpoints/onenip-btad-4-4-256/result_recon'}},
          'name': 'reconstruction',
          'prev': 'neck',
          'type': 'models.reconstructions.OneNIP'}],
 'port': 11111,
 'random_seed': 133,
 'save_path': '../checkpoints/onenip-btad-4-4-256',
 'saver': {'always_save': False,
           'auto_resume': False,
           'load_path': '../checkpoints/onenip-btad-4-4-256/ckpt.pkl',
           'log_dir': '../checkpoints/onenip-btad-4-4-256/log',
           'save_dir': '../checkpoints/onenip-btad-4-4-256'},
 'trainer': {'clip_max_norm': 0.1,
             'lr_scheduler': {'kwargs': {'gamma': 0.1, 'step_size': 800},
                              'type': 'StepLR'},
             'max_epoch': 1000,
             'optimizer': {'kwargs': {'betas': [0.9, 0.999],
                                      'lr': 0.0001,
                                      'weight_decay': 0.0001},
                           'type': 'AdamW'},
             'print_freq_step': 1,
             'tb_freq_step': 1,
             'val_freq_epoch': 10},
 'version': 'v1.0.0'}
[2024-09-21 22:13:34,709][       utils.py][line: 740][    INFO]  not exist, load from https://github.com/lukemelas/EfficientNet-PyTorch/releases/download/1.0/efficientnet-b4-6ed6700e.pth
[2024-09-21 22:13:34,859][       utils.py][line: 761][    INFO] Loaded ImageNet pretrained efficientnet-b4
[2024-09-21 22:13:38,852][   train_val.py][line: 140][    INFO] layers: ['backbone', 'neck', 'reconstruction']
[2024-09-21 22:13:38,852][   train_val.py][line: 141][    INFO] active layers: ['reconstruction', 'neck']
[2024-09-21 22:13:47,451][custom_dataset.py][line: 169][    INFO] building CustomDataset from: ../data/btad/train.json
[2024-09-21 22:13:47,578][custom_dataset.py][line: 169][    INFO] building CustomDataset from: ../data/btad/test.json
[2024-09-21 22:13:52,259][   train_val.py][line: 372][    INFO] Test: [1/12]	Time 4.503 (4.503)
[2024-09-21 22:13:52,386][   train_val.py][line: 372][    INFO] Test: [2/12]	Time 0.128 (2.315)
[2024-09-21 22:13:52,493][   train_val.py][line: 372][    INFO] Test: [3/12]	Time 0.107 (1.579)
[2024-09-21 22:13:52,602][   train_val.py][line: 372][    INFO] Test: [4/12]	Time 0.109 (1.212)
[2024-09-21 22:13:52,710][   train_val.py][line: 372][    INFO] Test: [5/12]	Time 0.108 (0.991)
[2024-09-21 22:13:52,812][   train_val.py][line: 372][    INFO] Test: [6/12]	Time 0.102 (0.843)
[2024-09-21 22:13:52,972][   train_val.py][line: 372][    INFO] Test: [7/12]	Time 0.160 (0.745)
[2024-09-21 22:13:53,148][   train_val.py][line: 372][    INFO] Test: [8/12]	Time 0.176 (0.674)
[2024-09-21 22:13:53,379][   train_val.py][line: 372][    INFO] Test: [9/12]	Time 0.231 (0.625)
[2024-09-21 22:13:53,610][   train_val.py][line: 372][    INFO] Test: [10/12]	Time 0.231 (0.585)
[2024-09-21 22:13:53,831][   train_val.py][line: 372][    INFO] Test: [11/12]	Time 0.221 (0.552)
[2024-09-21 22:13:54,227][   train_val.py][line: 372][    INFO] Test: [12/12]	Time 0.397 (0.539)
[2024-09-21 22:13:55,326][   train_val.py][line: 393][    INFO] Gathering final results ...
[2024-09-21 22:13:55,327][   train_val.py][line: 395][    INFO]  * Loss 0.65425	total_num=744.0
[2024-09-21 22:14:41,006][ eval_helper.py][line: 361][    INFO] 
|  clsname  |  max_auc  |  max_ap  |  pixel_auc  |  pixel_ap  |
|:---------:|:---------:|:--------:|:-----------:|:----------:|
|    01     |  99.8056  |  99.92   |   97.6392   |  60.7156   |
|    02     |  84.0169  | 97.3629  |   95.4718   |  48.5102   |
|    03     |  99.9843  | 99.8045  |   99.6915   |  61.7267   |
|   mean    |  94.6023  | 99.0291  |   97.6008   |  56.9841   |
