[2024-09-21 23:57:36,557][   train_val.py][line: 117][    INFO] args: Namespace(config='../configs/onenip_config.yaml', evaluate=True, local_rank='0', opts=['dataset.image_reader.kwargs.image_dir', '/fuxi_team2/persons/danylgao/weicun_ceph/datasets/btad', 'dataset.train.meta_file', '../data/btad/train.json', 'dataset.test.meta_file', '../data/btad/test.json', 'dataset.input_size', '[320, 320]', 'net[2].kwargs.num_encoder_layers', '4', 'net[2].kwargs.num_decoder_layers', '4', 'saver.save_dir', '../checkpoints/onenip-btad-4-4-320'])
[2024-09-21 23:57:36,559][   train_val.py][line: 118][    INFO] config: {'criterion': [{'kwargs': {'weight': 1.0},
                'name': 'FeatureMSELoss',
                'type': 'FeatureMSELoss'},
               {'kwargs': {'weight': 0.5},
                'name': 'DiceLoss',
                'type': 'DiceLoss'}],
 'dataset': {'batch_size': 8,
             'image_reader': {'kwargs': {'color_mode': 'RGB',
                                         'image_dir': '/fuxi_team2/persons/danylgao/weicun_ceph/datasets/btad'},
                              'type': 'opencv'},
             'input_size': [320, 320],
             'pixel_mean': [0.485, 0.456, 0.406],
             'pixel_std': [0.229, 0.224, 0.225],
             'test': {'meta_file': '../data/btad/test.json'},
             'train': {'hflip': False,
                       'meta_file': '../data/btad/train.json',
                       'rebalance': False,
                       'rotate': False,
                       'vflip': False},
             'type': 'onenip',
             'workers': 4},
 'evaluator': {'eval_dir': '../checkpoints/onenip-btad-4-4-320/result_eval_temp',
               'key_metric': 'mean_pixel_auc',
               'metrics': {'auc': [{'kwargs': {'avgpool_size': [16, 16]},
                                    'name': 'max'},
                                   {'name': 'pixel'}]},
               'save_dir': '../checkpoints/onenip-btad-4-4-320/result_eval_temp',
               'vis_compound': {'max_score': None,
                                'min_score': None,
                                'save_dir': '../checkpoints/onenip-btad-4-4-320/vis_compound'}},
 'exp_path': '../checkpoints/onenip-btad-4-4-320',
 'frozen_layers': ['backbone'],
 'log_path': '../checkpoints/onenip-btad-4-4-320/log',
 'net': [{'frozen': True,
          'kwargs': {'outblocks': [1, 5, 9, 21],
                     'outstrides': [2, 4, 8, 16],
                     'pretrained': True},
          'name': 'backbone',
          'type': 'models.backbones.efficientnet_b4'},
         {'kwargs': {'outplanes': [272], 'outstrides': [16]},
          'name': 'neck',
          'prev': 'backbone',
          'type': 'models.necks.MFCN'},
         {'kwargs': {'activation': 'relu',
                     'dim_feedforward': 1024,
                     'dropout': 0.1,
                     'feature_jitter': {'prob': 1.0, 'scale': 20.0},
                     'feature_size': [20, 20],
                     'hidden_dim': 256,
                     'initializer': {'method': 'xavier_uniform'},
                     'neighbor_mask': {'mask': [True, True, True],
                                       'neighbor_size': [10, 10]},
                     'nhead': 8,
                     'normalize_before': False,
                     'num_decoder_layers': 4.0,
                     'num_encoder_layers': 4.0,
                     'pos_embed_type': 'learned',
                     'save_recon': {'save_dir': '../checkpoints/onenip-btad-4-4-320/result_recon'}},
          'name': 'reconstruction',
          'prev': 'neck',
          'type': 'models.reconstructions.OneNIP'}],
 'port': 11111,
 'random_seed': 133,
 'save_path': '../checkpoints/onenip-btad-4-4-320',
 'saver': {'always_save': False,
           'auto_resume': False,
           'load_path': '../checkpoints/onenip-btad-4-4-320/ckpt.pkl',
           'log_dir': '../checkpoints/onenip-btad-4-4-320/log',
           'save_dir': '../checkpoints/onenip-btad-4-4-320'},
 'trainer': {'clip_max_norm': 0.1,
             'lr_scheduler': {'kwargs': {'gamma': 0.1, 'step_size': 800},
                              'type': 'StepLR'},
             'max_epoch': 1000,
             'optimizer': {'kwargs': {'betas': [0.9, 0.999],
                                      'lr': 0.0001,
                                      'weight_decay': 0.0001},
                           'type': 'AdamW'},
             'print_freq_step': 1,
             'tb_freq_step': 1,
             'val_freq_epoch': 10},
 'version': 'v1.0.0'}
[2024-09-21 23:57:37,195][       utils.py][line: 740][    INFO]  not exist, load from https://github.com/lukemelas/EfficientNet-PyTorch/releases/download/1.0/efficientnet-b4-6ed6700e.pth
[2024-09-21 23:57:37,337][       utils.py][line: 761][    INFO] Loaded ImageNet pretrained efficientnet-b4
[2024-09-21 23:57:43,867][   train_val.py][line: 144][    INFO] layers: ['backbone', 'neck', 'reconstruction']
[2024-09-21 23:57:43,868][   train_val.py][line: 145][    INFO] active layers: ['reconstruction', 'neck']
[2024-09-21 23:57:51,589][custom_dataset.py][line: 169][    INFO] building CustomDataset from: ../data/btad/train.json
[2024-09-21 23:57:51,657][custom_dataset.py][line: 169][    INFO] building CustomDataset from: ../data/btad/test.json
[2024-09-21 23:57:57,735][   train_val.py][line: 374][    INFO] Test: [1/12]	Time 6.018 (6.018)
[2024-09-21 23:57:57,961][   train_val.py][line: 374][    INFO] Test: [2/12]	Time 0.226 (3.122)
[2024-09-21 23:57:58,493][   train_val.py][line: 374][    INFO] Test: [3/12]	Time 0.531 (2.259)
[2024-09-21 23:57:58,729][   train_val.py][line: 374][    INFO] Test: [4/12]	Time 0.236 (1.753)
[2024-09-21 23:57:58,906][   train_val.py][line: 374][    INFO] Test: [5/12]	Time 0.177 (1.438)
[2024-09-21 23:57:59,053][   train_val.py][line: 374][    INFO] Test: [6/12]	Time 0.147 (1.223)
[2024-09-21 23:57:59,206][   train_val.py][line: 374][    INFO] Test: [7/12]	Time 0.153 (1.070)
[2024-09-21 23:57:59,793][   train_val.py][line: 374][    INFO] Test: [8/12]	Time 0.587 (1.010)
[2024-09-21 23:58:00,064][   train_val.py][line: 374][    INFO] Test: [9/12]	Time 0.271 (0.927)
[2024-09-21 23:58:00,291][   train_val.py][line: 374][    INFO] Test: [10/12]	Time 0.227 (0.857)
[2024-09-21 23:58:00,613][   train_val.py][line: 374][    INFO] Test: [11/12]	Time 0.322 (0.809)
[2024-09-21 23:58:01,327][   train_val.py][line: 374][    INFO] Test: [12/12]	Time 0.714 (0.801)
[2024-09-21 23:58:10,512][   train_val.py][line: 395][    INFO] Gathering final results ...
[2024-09-21 23:58:10,515][   train_val.py][line: 397][    INFO]  * Loss 4.98698	total_num=93.0
[2024-09-21 23:59:28,119][ eval_helper.py][line: 361][    INFO] 
|  clsname  |  max_auc  |  max_ap  |  pixel_auc  |  pixel_ap  |
|:---------:|:---------:|:--------:|:-----------:|:----------:|
|    01     |  99.9028  | 99.9592  |   98.1052   |  65.7834   |
|    02     |  85.9459  | 97.7492  |   95.5822   |  48.2212   |
|    03     |  99.9371  | 99.3017  |   99.6962   |  58.8554   |
|   mean    |  95.2619  | 99.0034  |   97.7945   |   57.62    |
