[2024-11-25 20:33:58,100][   train_val.py][line: 116][    INFO] args: Namespace(config='../configs/onenip_config.yaml', evaluate=True, local_rank='0', opts=['dataset.image_reader.kwargs.image_dir', '/fuxi_team2/persons/danylgao/weicun_ceph/datasets/mvtec+btad+visa', 'dataset.train.dtd_dir', '/fuxi_team2/persons/danylgao/weicun_ceph/datasets/dtd', 'dataset.train.meta_file', '../data/mvtec+btad+visa/train.json', 'dataset.test.meta_file', '../data/mvtec+btad+visa/test.json', 'dataset.input_size', '[224, 224]', 'net[2].kwargs.num_encoder_layers', '4', 'net[2].kwargs.num_decoder_layers', '4', 'saver.save_dir', '../checkpoints-retraining-1111/onenip-mvtec+btad+visa-4-4-224'])
[2024-11-25 20:33:58,103][   train_val.py][line: 117][    INFO] config: {'criterion': [{'kwargs': {'weight': 1.0},
                'name': 'FeatureMSELoss',
                'type': 'FeatureMSELoss'},
               {'kwargs': {'weight': 0.5},
                'name': 'DiceLoss',
                'type': 'DiceLoss'}],
 'dataset': {'batch_size': 8,
             'image_reader': {'kwargs': {'color_mode': 'RGB',
                                         'image_dir': '/fuxi_team2/persons/danylgao/weicun_ceph/datasets/mvtec+btad+visa'},
                              'type': 'opencv'},
             'input_size': [224, 224],
             'pixel_mean': [0.485, 0.456, 0.406],
             'pixel_std': [0.229, 0.224, 0.225],
             'test': {'meta_file': '../data/mvtec+btad+visa/test.json'},
             'train': {'dtd_dir': '/fuxi_team2/persons/danylgao/weicun_ceph/datasets/dtd',
                       'hflip': False,
                       'meta_file': '../data/mvtec+btad+visa/train.json',
                       'rebalance': False,
                       'rotate': False,
                       'vflip': False},
             'type': 'onenip',
             'workers': 4},
 'evaluator': {'eval_dir': '../checkpoints-retraining-1111/onenip-mvtec+btad+visa-4-4-224/result_eval_temp',
               'key_metric': 'mean_pixel_auc',
               'metrics': {'auc': [{'kwargs': {'avgpool_size': [16, 16]},
                                    'name': 'max'},
                                   {'name': 'pixel'}]},
               'save_dir': '../checkpoints-retraining-1111/onenip-mvtec+btad+visa-4-4-224/result_eval_temp',
               'vis_compound': {'max_score': None,
                                'min_score': None,
                                'save_dir': '../checkpoints-retraining-1111/onenip-mvtec+btad+visa-4-4-224/vis_compound'}},
 'exp_path': '../checkpoints-retraining-1111/onenip-mvtec+btad+visa-4-4-224',
 'frozen_layers': ['backbone'],
 'log_path': '../checkpoints-retraining-1111/onenip-mvtec+btad+visa-4-4-224/log',
 'net': [{'frozen': True,
          'kwargs': {'outblocks': [1, 5, 9, 21],
                     'outstrides': [2, 4, 8, 16],
                     'pretrained': True},
          'name': 'backbone',
          'type': 'models.backbones.efficientnet_b4'},
         {'kwargs': {'outplanes': [272], 'outstrides': [16]},
          'name': 'neck',
          'prev': 'backbone',
          'type': 'models.necks.MFCN'},
         {'kwargs': {'activation': 'relu',
                     'dim_feedforward': 1024,
                     'dropout': 0.1,
                     'feature_jitter': {'prob': 1.0, 'scale': 20.0},
                     'feature_size': [14, 14],
                     'hidden_dim': 256,
                     'initializer': {'method': 'xavier_uniform'},
                     'neighbor_mask': {'mask': [True, True, True],
                                       'neighbor_size': [7, 7]},
                     'nhead': 8,
                     'normalize_before': False,
                     'num_decoder_layers': 4.0,
                     'num_encoder_layers': 4.0,
                     'pos_embed_type': 'learned',
                     'save_recon': {'save_dir': '../checkpoints-retraining-1111/onenip-mvtec+btad+visa-4-4-224/result_recon'}},
          'name': 'reconstruction',
          'prev': 'neck',
          'type': 'models.reconstructions.OneNIP'}],
 'port': 11111,
 'random_seed': 133,
 'save_path': '../checkpoints-retraining-1111/onenip-mvtec+btad+visa-4-4-224',
 'saver': {'always_save': False,
           'auto_resume': False,
           'load_path': '../checkpoints-retraining-1111/onenip-mvtec+btad+visa-4-4-224/ckpt.pkl',
           'log_dir': '../checkpoints-retraining-1111/onenip-mvtec+btad+visa-4-4-224/log',
           'save_dir': '../checkpoints-retraining-1111/onenip-mvtec+btad+visa-4-4-224'},
 'trainer': {'clip_max_norm': 0.1,
             'lr_scheduler': {'kwargs': {'gamma': 0.1, 'step_size': 800},
                              'type': 'StepLR'},
             'max_epoch': 1000,
             'optimizer': {'kwargs': {'betas': [0.9, 0.999],
                                      'lr': 0.0001,
                                      'weight_decay': 0.0001},
                           'type': 'AdamW'},
             'print_freq_step': 1,
             'tb_freq_step': 1,
             'val_freq_epoch': 10},
 'version': 'v1.0.0'}
[2024-11-25 20:33:58,493][       utils.py][line: 740][    INFO]  not exist, load from https://github.com/lukemelas/EfficientNet-PyTorch/releases/download/1.0/efficientnet-b4-6ed6700e.pth
[2024-11-25 20:33:58,612][       utils.py][line: 761][    INFO] Loaded ImageNet pretrained efficientnet-b4
[2024-11-25 20:34:02,315][   train_val.py][line: 143][    INFO] layers: ['backbone', 'neck', 'reconstruction']
[2024-11-25 20:34:02,315][   train_val.py][line: 144][    INFO] active layers: ['neck', 'reconstruction']
[2024-11-25 20:34:14,728][custom_dataset.py][line: 175][    INFO] building CustomDataset from: ../data/mvtec+btad+visa/train.json
[2024-11-25 20:34:14,826][custom_dataset.py][line: 175][    INFO] building CustomDataset from: ../data/mvtec+btad+visa/test.json
[2024-11-25 20:34:19,263][   train_val.py][line: 371][    INFO] Test: [1/579]	Time 4.347 (4.347)
[2024-11-25 20:34:19,965][   train_val.py][line: 371][    INFO] Test: [2/579]	Time 0.702 (2.524)
[2024-11-25 20:34:20,185][   train_val.py][line: 371][    INFO] Test: [3/579]	Time 0.220 (1.756)
[2024-11-25 20:34:20,426][   train_val.py][line: 371][    INFO] Test: [4/579]	Time 0.241 (1.377)
[2024-11-25 20:34:20,907][   train_val.py][line: 371][    INFO] Test: [5/579]	Time 0.481 (1.198)
[2024-11-25 20:34:23,217][   train_val.py][line: 371][    INFO] Test: [6/579]	Time 2.310 (1.383)
[2024-11-25 20:34:23,499][   train_val.py][line: 371][    INFO] Test: [7/579]	Time 0.282 (1.226)
[2024-11-25 20:34:23,777][   train_val.py][line: 371][    INFO] Test: [8/579]	Time 0.278 (1.108)
[2024-11-25 20:34:24,022][   train_val.py][line: 371][    INFO] Test: [9/579]	Time 0.245 (1.012)
[2024-11-25 20:34:25,217][   train_val.py][line: 371][    INFO] Test: [10/579]	Time 1.195 (1.030)
[2024-11-25 20:34:25,628][   train_val.py][line: 371][    INFO] Test: [11/579]	Time 0.412 (0.974)
[2024-11-25 20:34:25,936][   train_val.py][line: 371][    INFO] Test: [12/579]	Time 0.308 (0.918)
[2024-11-25 20:34:26,189][   train_val.py][line: 371][    INFO] Test: [13/579]	Time 0.253 (0.867)
[2024-11-25 20:34:27,476][   train_val.py][line: 371][    INFO] Test: [14/579]	Time 1.287 (0.897)
[2024-11-25 20:34:27,856][   train_val.py][line: 371][    INFO] Test: [15/579]	Time 0.380 (0.863)
[2024-11-25 20:34:28,096][   train_val.py][line: 371][    INFO] Test: [16/579]	Time 0.240 (0.824)
[2024-11-25 20:34:28,317][   train_val.py][line: 371][    INFO] Test: [17/579]	Time 0.221 (0.788)
[2024-11-25 20:34:30,128][   train_val.py][line: 371][    INFO] Test: [18/579]	Time 1.811 (0.845)
[2024-11-25 20:34:30,420][   train_val.py][line: 371][    INFO] Test: [19/579]	Time 0.292 (0.816)
[2024-11-25 20:34:30,664][   train_val.py][line: 371][    INFO] Test: [20/579]	Time 0.244 (0.787)
[2024-11-25 20:34:30,940][   train_val.py][line: 371][    INFO] Test: [21/579]	Time 0.276 (0.763)
[2024-11-25 20:34:31,882][   train_val.py][line: 371][    INFO] Test: [22/579]	Time 0.942 (0.771)
[2024-11-25 20:34:32,143][   train_val.py][line: 371][    INFO] Test: [23/579]	Time 0.261 (0.749)
[2024-11-25 20:34:32,405][   train_val.py][line: 371][    INFO] Test: [24/579]	Time 0.262 (0.729)
[2024-11-25 20:34:32,645][   train_val.py][line: 371][    INFO] Test: [25/579]	Time 0.240 (0.709)
[2024-11-25 20:34:33,775][   train_val.py][line: 371][    INFO] Test: [26/579]	Time 1.130 (0.725)
[2024-11-25 20:34:34,015][   train_val.py][line: 371][    INFO] Test: [27/579]	Time 0.240 (0.707)
[2024-11-25 20:34:34,298][   train_val.py][line: 371][    INFO] Test: [28/579]	Time 0.283 (0.692)
[2024-11-25 20:34:34,543][   train_val.py][line: 371][    INFO] Test: [29/579]	Time 0.245 (0.677)
[2024-11-25 20:34:36,076][   train_val.py][line: 371][    INFO] Test: [30/579]	Time 1.533 (0.705)
[2024-11-25 20:34:36,304][   train_val.py][line: 371][    INFO] Test: [31/579]	Time 0.228 (0.690)
[2024-11-25 20:34:36,537][   train_val.py][line: 371][    INFO] Test: [32/579]	Time 0.233 (0.676)
[2024-11-25 20:34:36,817][   train_val.py][line: 371][    INFO] Test: [33/579]	Time 0.280 (0.664)
[2024-11-25 20:34:37,198][   train_val.py][line: 371][    INFO] Test: [34/579]	Time 0.381 (0.655)
[2024-11-25 20:34:37,441][   train_val.py][line: 371][    INFO] Test: [35/579]	Time 0.243 (0.644)
[2024-11-25 20:34:37,685][   train_val.py][line: 371][    INFO] Test: [36/579]	Time 0.243 (0.632)
[2024-11-25 20:34:37,923][   train_val.py][line: 371][    INFO] Test: [37/579]	Time 0.238 (0.622)
[2024-11-25 20:34:38,462][   train_val.py][line: 371][    INFO] Test: [38/579]	Time 0.539 (0.620)
[2024-11-25 20:34:38,683][   train_val.py][line: 371][    INFO] Test: [39/579]	Time 0.221 (0.609)
[2024-11-25 20:34:39,068][   train_val.py][line: 371][    INFO] Test: [40/579]	Time 0.384 (0.604)
[2024-11-25 20:34:39,785][   train_val.py][line: 371][    INFO] Test: [41/579]	Time 0.718 (0.607)
[2024-11-25 20:34:40,226][   train_val.py][line: 371][    INFO] Test: [42/579]	Time 0.441 (0.603)
[2024-11-25 20:34:40,453][   train_val.py][line: 371][    INFO] Test: [43/579]	Time 0.226 (0.594)
[2024-11-25 20:34:40,690][   train_val.py][line: 371][    INFO] Test: [44/579]	Time 0.237 (0.586)
[2024-11-25 20:34:42,114][   train_val.py][line: 371][    INFO] Test: [45/579]	Time 1.424 (0.604)
[2024-11-25 20:34:42,424][   train_val.py][line: 371][    INFO] Test: [46/579]	Time 0.310 (0.598)
[2024-11-25 20:34:42,726][   train_val.py][line: 371][    INFO] Test: [47/579]	Time 0.302 (0.592)
[2024-11-25 20:34:42,981][   train_val.py][line: 371][    INFO] Test: [48/579]	Time 0.255 (0.585)
[2024-11-25 20:34:44,105][   train_val.py][line: 371][    INFO] Test: [49/579]	Time 1.124 (0.596)
[2024-11-25 20:34:44,324][   train_val.py][line: 371][    INFO] Test: [50/579]	Time 0.220 (0.588)
[2024-11-25 20:34:44,634][   train_val.py][line: 371][    INFO] Test: [51/579]	Time 0.310 (0.583)
[2024-11-25 20:34:45,510][   train_val.py][line: 371][    INFO] Test: [52/579]	Time 0.876 (0.588)
[2024-11-25 20:34:45,912][   train_val.py][line: 371][    INFO] Test: [53/579]	Time 0.402 (0.585)
[2024-11-25 20:34:46,131][   train_val.py][line: 371][    INFO] Test: [54/579]	Time 0.219 (0.578)
[2024-11-25 20:34:46,352][   train_val.py][line: 371][    INFO] Test: [55/579]	Time 0.221 (0.572)
[2024-11-25 20:34:47,521][   train_val.py][line: 371][    INFO] Test: [56/579]	Time 1.169 (0.582)
[2024-11-25 20:34:47,843][   train_val.py][line: 371][    INFO] Test: [57/579]	Time 0.322 (0.578)
[2024-11-25 20:34:48,322][   train_val.py][line: 371][    INFO] Test: [58/579]	Time 0.478 (0.576)
[2024-11-25 20:34:48,547][   train_val.py][line: 371][    INFO] Test: [59/579]	Time 0.226 (0.570)
[2024-11-25 20:34:49,508][   train_val.py][line: 371][    INFO] Test: [60/579]	Time 0.961 (0.577)
[2024-11-25 20:34:49,769][   train_val.py][line: 371][    INFO] Test: [61/579]	Time 0.261 (0.571)
[2024-11-25 20:34:50,270][   train_val.py][line: 371][    INFO] Test: [62/579]	Time 0.501 (0.570)
[2024-11-25 20:34:50,498][   train_val.py][line: 371][    INFO] Test: [63/579]	Time 0.228 (0.565)
[2024-11-25 20:34:51,339][   train_val.py][line: 371][    INFO] Test: [64/579]	Time 0.841 (0.569)
[2024-11-25 20:34:51,575][   train_val.py][line: 371][    INFO] Test: [65/579]	Time 0.236 (0.564)
[2024-11-25 20:34:51,802][   train_val.py][line: 371][    INFO] Test: [66/579]	Time 0.226 (0.559)
[2024-11-25 20:34:52,037][   train_val.py][line: 371][    INFO] Test: [67/579]	Time 0.236 (0.554)
[2024-11-25 20:34:53,141][   train_val.py][line: 371][    INFO] Test: [68/579]	Time 1.104 (0.562)
[2024-11-25 20:34:53,461][   train_val.py][line: 371][    INFO] Test: [69/579]	Time 0.320 (0.559)
[2024-11-25 20:34:53,705][   train_val.py][line: 371][    INFO] Test: [70/579]	Time 0.244 (0.554)
[2024-11-25 20:34:53,943][   train_val.py][line: 371][    INFO] Test: [71/579]	Time 0.238 (0.550)
[2024-11-25 20:34:54,208][   train_val.py][line: 371][    INFO] Test: [72/579]	Time 0.265 (0.546)
[2024-11-25 20:34:54,524][   train_val.py][line: 371][    INFO] Test: [73/579]	Time 0.316 (0.543)
[2024-11-25 20:34:54,746][   train_val.py][line: 371][    INFO] Test: [74/579]	Time 0.221 (0.538)
[2024-11-25 20:34:56,957][   train_val.py][line: 371][    INFO] Test: [75/579]	Time 2.212 (0.561)
[2024-11-25 20:34:57,253][   train_val.py][line: 371][    INFO] Test: [76/579]	Time 0.296 (0.557)
[2024-11-25 20:34:57,537][   train_val.py][line: 371][    INFO] Test: [77/579]	Time 0.284 (0.554)
[2024-11-25 20:34:57,933][   train_val.py][line: 371][    INFO] Test: [78/579]	Time 0.396 (0.551)
[2024-11-25 20:34:58,658][   train_val.py][line: 371][    INFO] Test: [79/579]	Time 0.725 (0.554)
[2024-11-25 20:34:58,941][   train_val.py][line: 371][    INFO] Test: [80/579]	Time 0.283 (0.550)
[2024-11-25 20:34:59,180][   train_val.py][line: 371][    INFO] Test: [81/579]	Time 0.238 (0.546)
[2024-11-25 20:34:59,414][   train_val.py][line: 371][    INFO] Test: [82/579]	Time 0.235 (0.543)
[2024-11-25 20:35:00,396][   train_val.py][line: 371][    INFO] Test: [83/579]	Time 0.982 (0.548)
[2024-11-25 20:35:00,638][   train_val.py][line: 371][    INFO] Test: [84/579]	Time 0.242 (0.544)
[2024-11-25 20:35:00,898][   train_val.py][line: 371][    INFO] Test: [85/579]	Time 0.260 (0.541)
[2024-11-25 20:35:01,139][   train_val.py][line: 371][    INFO] Test: [86/579]	Time 0.241 (0.537)
[2024-11-25 20:35:02,127][   train_val.py][line: 371][    INFO] Test: [87/579]	Time 0.988 (0.543)
[2024-11-25 20:35:04,633][   train_val.py][line: 371][    INFO] Test: [88/579]	Time 2.506 (0.565)
[2024-11-25 20:35:04,971][   train_val.py][line: 371][    INFO] Test: [89/579]	Time 0.338 (0.562)
[2024-11-25 20:35:05,256][   train_val.py][line: 371][    INFO] Test: [90/579]	Time 0.285 (0.559)
[2024-11-25 20:35:05,657][   train_val.py][line: 371][    INFO] Test: [91/579]	Time 0.401 (0.558)
[2024-11-25 20:35:05,915][   train_val.py][line: 371][    INFO] Test: [92/579]	Time 0.258 (0.554)
[2024-11-25 20:35:06,173][   train_val.py][line: 371][    INFO] Test: [93/579]	Time 0.259 (0.551)
[2024-11-25 20:35:06,435][   train_val.py][line: 371][    INFO] Test: [94/579]	Time 0.262 (0.548)
[2024-11-25 20:35:06,786][   train_val.py][line: 371][    INFO] Test: [95/579]	Time 0.350 (0.546)
[2024-11-25 20:35:07,058][   train_val.py][line: 371][    INFO] Test: [96/579]	Time 0.273 (0.543)
[2024-11-25 20:35:07,338][   train_val.py][line: 371][    INFO] Test: [97/579]	Time 0.280 (0.540)
[2024-11-25 20:35:07,579][   train_val.py][line: 371][    INFO] Test: [98/579]	Time 0.241 (0.537)
[2024-11-25 20:35:07,803][   train_val.py][line: 371][    INFO] Test: [99/579]	Time 0.224 (0.534)
[2024-11-25 20:35:08,041][   train_val.py][line: 371][    INFO] Test: [100/579]	Time 0.238 (0.531)
[2024-11-25 20:35:08,267][   train_val.py][line: 371][    INFO] Test: [101/579]	Time 0.226 (0.528)
[2024-11-25 20:35:09,285][   train_val.py][line: 371][    INFO] Test: [102/579]	Time 1.018 (0.533)
[2024-11-25 20:35:09,509][   train_val.py][line: 371][    INFO] Test: [103/579]	Time 0.223 (0.530)
[2024-11-25 20:35:09,729][   train_val.py][line: 371][    INFO] Test: [104/579]	Time 0.220 (0.527)
[2024-11-25 20:35:09,946][   train_val.py][line: 371][    INFO] Test: [105/579]	Time 0.218 (0.524)
[2024-11-25 20:35:12,109][   train_val.py][line: 371][    INFO] Test: [106/579]	Time 2.163 (0.540)
[2024-11-25 20:35:12,389][   train_val.py][line: 371][    INFO] Test: [107/579]	Time 0.280 (0.537)
[2024-11-25 20:35:12,690][   train_val.py][line: 371][    INFO] Test: [108/579]	Time 0.300 (0.535)
[2024-11-25 20:35:12,950][   train_val.py][line: 371][    INFO] Test: [109/579]	Time 0.261 (0.532)
[2024-11-25 20:35:13,661][   train_val.py][line: 371][    INFO] Test: [110/579]	Time 0.710 (0.534)
[2024-11-25 20:35:13,936][   train_val.py][line: 371][    INFO] Test: [111/579]	Time 0.276 (0.532)
[2024-11-25 20:35:14,185][   train_val.py][line: 371][    INFO] Test: [112/579]	Time 0.249 (0.529)
[2024-11-25 20:35:14,424][   train_val.py][line: 371][    INFO] Test: [113/579]	Time 0.238 (0.527)
[2024-11-25 20:35:14,681][   train_val.py][line: 371][    INFO] Test: [114/579]	Time 0.257 (0.524)
[2024-11-25 20:35:14,905][   train_val.py][line: 371][    INFO] Test: [115/579]	Time 0.223 (0.522)
[2024-11-25 20:35:15,167][   train_val.py][line: 371][    INFO] Test: [116/579]	Time 0.263 (0.519)
[2024-11-25 20:35:15,404][   train_val.py][line: 371][    INFO] Test: [117/579]	Time 0.237 (0.517)
[2024-11-25 20:35:15,906][   train_val.py][line: 371][    INFO] Test: [118/579]	Time 0.502 (0.517)
[2024-11-25 20:35:16,228][   train_val.py][line: 371][    INFO] Test: [119/579]	Time 0.322 (0.515)
[2024-11-25 20:35:16,451][   train_val.py][line: 371][    INFO] Test: [120/579]	Time 0.223 (0.513)
[2024-11-25 20:35:16,670][   train_val.py][line: 371][    INFO] Test: [121/579]	Time 0.219 (0.510)
[2024-11-25 20:35:17,675][   train_val.py][line: 371][    INFO] Test: [122/579]	Time 1.005 (0.514)
[2024-11-25 20:35:18,036][   train_val.py][line: 371][    INFO] Test: [123/579]	Time 0.360 (0.513)
[2024-11-25 20:35:18,316][   train_val.py][line: 371][    INFO] Test: [124/579]	Time 0.281 (0.511)
[2024-11-25 20:35:18,539][   train_val.py][line: 371][    INFO] Test: [125/579]	Time 0.222 (0.509)
[2024-11-25 20:35:18,766][   train_val.py][line: 371][    INFO] Test: [126/579]	Time 0.228 (0.507)
[2024-11-25 20:35:19,020][   train_val.py][line: 371][    INFO] Test: [127/579]	Time 0.254 (0.505)
[2024-11-25 20:35:19,242][   train_val.py][line: 371][    INFO] Test: [128/579]	Time 0.222 (0.503)
[2024-11-25 20:35:19,464][   train_val.py][line: 371][    INFO] Test: [129/579]	Time 0.222 (0.500)
[2024-11-25 20:35:20,110][   train_val.py][line: 371][    INFO] Test: [130/579]	Time 0.646 (0.501)
[2024-11-25 20:35:20,415][   train_val.py][line: 371][    INFO] Test: [131/579]	Time 0.305 (0.500)
[2024-11-25 20:35:20,651][   train_val.py][line: 371][    INFO] Test: [132/579]	Time 0.237 (0.498)
[2024-11-25 20:35:20,917][   train_val.py][line: 371][    INFO] Test: [133/579]	Time 0.265 (0.496)
[2024-11-25 20:35:21,711][   train_val.py][line: 371][    INFO] Test: [134/579]	Time 0.794 (0.498)
[2024-11-25 20:35:21,972][   train_val.py][line: 371][    INFO] Test: [135/579]	Time 0.261 (0.497)
[2024-11-25 20:35:22,221][   train_val.py][line: 371][    INFO] Test: [136/579]	Time 0.248 (0.495)
[2024-11-25 20:35:22,538][   train_val.py][line: 371][    INFO] Test: [137/579]	Time 0.317 (0.494)
[2024-11-25 20:35:23,078][   train_val.py][line: 371][    INFO] Test: [138/579]	Time 0.540 (0.494)
[2024-11-25 20:35:23,316][   train_val.py][line: 371][    INFO] Test: [139/579]	Time 0.238 (0.492)
[2024-11-25 20:35:23,606][   train_val.py][line: 371][    INFO] Test: [140/579]	Time 0.290 (0.491)
[2024-11-25 20:35:23,857][   train_val.py][line: 371][    INFO] Test: [141/579]	Time 0.251 (0.489)
[2024-11-25 20:35:24,158][   train_val.py][line: 371][    INFO] Test: [142/579]	Time 0.301 (0.488)
[2024-11-25 20:35:24,382][   train_val.py][line: 371][    INFO] Test: [143/579]	Time 0.224 (0.486)
[2024-11-25 20:35:24,690][   train_val.py][line: 371][    INFO] Test: [144/579]	Time 0.308 (0.485)
[2024-11-25 20:35:24,921][   train_val.py][line: 371][    INFO] Test: [145/579]	Time 0.231 (0.483)
[2024-11-25 20:35:25,421][   train_val.py][line: 371][    INFO] Test: [146/579]	Time 0.500 (0.483)
[2024-11-25 20:35:26,083][   train_val.py][line: 371][    INFO] Test: [147/579]	Time 0.662 (0.484)
[2024-11-25 20:35:26,310][   train_val.py][line: 371][    INFO] Test: [148/579]	Time 0.227 (0.482)
[2024-11-25 20:35:26,552][   train_val.py][line: 371][    INFO] Test: [149/579]	Time 0.242 (0.481)
[2024-11-25 20:35:26,916][   train_val.py][line: 371][    INFO] Test: [150/579]	Time 0.364 (0.480)
[2024-11-25 20:35:27,172][   train_val.py][line: 371][    INFO] Test: [151/579]	Time 0.257 (0.479)
[2024-11-25 20:35:27,392][   train_val.py][line: 371][    INFO] Test: [152/579]	Time 0.220 (0.477)
[2024-11-25 20:35:27,616][   train_val.py][line: 371][    INFO] Test: [153/579]	Time 0.224 (0.475)
[2024-11-25 20:35:28,121][   train_val.py][line: 371][    INFO] Test: [154/579]	Time 0.505 (0.475)
[2024-11-25 20:35:28,438][   train_val.py][line: 371][    INFO] Test: [155/579]	Time 0.317 (0.474)
[2024-11-25 20:35:28,678][   train_val.py][line: 371][    INFO] Test: [156/579]	Time 0.240 (0.473)
[2024-11-25 20:35:28,899][   train_val.py][line: 371][    INFO] Test: [157/579]	Time 0.221 (0.471)
[2024-11-25 20:35:29,662][   train_val.py][line: 371][    INFO] Test: [158/579]	Time 0.763 (0.473)
[2024-11-25 20:35:30,111][   train_val.py][line: 371][    INFO] Test: [159/579]	Time 0.449 (0.473)
[2024-11-25 20:35:30,344][   train_val.py][line: 371][    INFO] Test: [160/579]	Time 0.233 (0.471)
[2024-11-25 20:35:30,569][   train_val.py][line: 371][    INFO] Test: [161/579]	Time 0.225 (0.470)
[2024-11-25 20:35:30,953][   train_val.py][line: 371][    INFO] Test: [162/579]	Time 0.383 (0.469)
[2024-11-25 20:35:31,189][   train_val.py][line: 371][    INFO] Test: [163/579]	Time 0.237 (0.468)
[2024-11-25 20:35:31,411][   train_val.py][line: 371][    INFO] Test: [164/579]	Time 0.222 (0.466)
[2024-11-25 20:35:31,695][   train_val.py][line: 371][    INFO] Test: [165/579]	Time 0.284 (0.465)
[2024-11-25 20:35:32,213][   train_val.py][line: 371][    INFO] Test: [166/579]	Time 0.518 (0.466)
[2024-11-25 20:35:32,533][   train_val.py][line: 371][    INFO] Test: [167/579]	Time 0.320 (0.465)
[2024-11-25 20:35:32,754][   train_val.py][line: 371][    INFO] Test: [168/579]	Time 0.220 (0.463)
[2024-11-25 20:35:32,976][   train_val.py][line: 371][    INFO] Test: [169/579]	Time 0.223 (0.462)
[2024-11-25 20:35:33,374][   train_val.py][line: 371][    INFO] Test: [170/579]	Time 0.398 (0.462)
[2024-11-25 20:35:33,614][   train_val.py][line: 371][    INFO] Test: [171/579]	Time 0.240 (0.460)
[2024-11-25 20:35:33,863][   train_val.py][line: 371][    INFO] Test: [172/579]	Time 0.248 (0.459)
[2024-11-25 20:35:34,102][   train_val.py][line: 371][    INFO] Test: [173/579]	Time 0.239 (0.458)
[2024-11-25 20:35:34,447][   train_val.py][line: 371][    INFO] Test: [174/579]	Time 0.345 (0.457)
[2024-11-25 20:35:35,025][   train_val.py][line: 371][    INFO] Test: [175/579]	Time 0.578 (0.458)
[2024-11-25 20:35:35,247][   train_val.py][line: 371][    INFO] Test: [176/579]	Time 0.222 (0.456)
[2024-11-25 20:35:35,909][   train_val.py][line: 371][    INFO] Test: [177/579]	Time 0.661 (0.458)
[2024-11-25 20:35:36,169][   train_val.py][line: 371][    INFO] Test: [178/579]	Time 0.260 (0.456)
[2024-11-25 20:35:36,572][   train_val.py][line: 371][    INFO] Test: [179/579]	Time 0.403 (0.456)
[2024-11-25 20:35:36,834][   train_val.py][line: 371][    INFO] Test: [180/579]	Time 0.262 (0.455)
[2024-11-25 20:35:37,624][   train_val.py][line: 371][    INFO] Test: [181/579]	Time 0.790 (0.457)
[2024-11-25 20:35:37,886][   train_val.py][line: 371][    INFO] Test: [182/579]	Time 0.262 (0.456)
[2024-11-25 20:35:38,116][   train_val.py][line: 371][    INFO] Test: [183/579]	Time 0.229 (0.455)
[2024-11-25 20:35:38,373][   train_val.py][line: 371][    INFO] Test: [184/579]	Time 0.257 (0.454)
[2024-11-25 20:35:38,768][   train_val.py][line: 371][    INFO] Test: [185/579]	Time 0.396 (0.453)
[2024-11-25 20:35:39,010][   train_val.py][line: 371][    INFO] Test: [186/579]	Time 0.242 (0.452)
[2024-11-25 20:35:40,081][   train_val.py][line: 371][    INFO] Test: [187/579]	Time 1.071 (0.455)
[2024-11-25 20:35:40,352][   train_val.py][line: 371][    INFO] Test: [188/579]	Time 0.271 (0.454)
[2024-11-25 20:35:40,594][   train_val.py][line: 371][    INFO] Test: [189/579]	Time 0.242 (0.453)
[2024-11-25 20:35:41,115][   train_val.py][line: 371][    INFO] Test: [190/579]	Time 0.521 (0.454)
[2024-11-25 20:35:42,101][   train_val.py][line: 371][    INFO] Test: [191/579]	Time 0.986 (0.456)
[2024-11-25 20:35:42,322][   train_val.py][line: 371][    INFO] Test: [192/579]	Time 0.221 (0.455)
[2024-11-25 20:35:43,247][   train_val.py][line: 371][    INFO] Test: [193/579]	Time 0.924 (0.458)
[2024-11-25 20:35:43,521][   train_val.py][line: 371][    INFO] Test: [194/579]	Time 0.275 (0.457)
[2024-11-25 20:35:44,023][   train_val.py][line: 371][    INFO] Test: [195/579]	Time 0.502 (0.457)
[2024-11-25 20:35:44,323][   train_val.py][line: 371][    INFO] Test: [196/579]	Time 0.300 (0.456)
[2024-11-25 20:35:44,564][   train_val.py][line: 371][    INFO] Test: [197/579]	Time 0.241 (0.455)
[2024-11-25 20:35:44,810][   train_val.py][line: 371][    INFO] Test: [198/579]	Time 0.246 (0.454)
[2024-11-25 20:35:46,094][   train_val.py][line: 371][    INFO] Test: [199/579]	Time 1.284 (0.458)
[2024-11-25 20:35:46,341][   train_val.py][line: 371][    INFO] Test: [200/579]	Time 0.247 (0.457)
[2024-11-25 20:35:46,615][   train_val.py][line: 371][    INFO] Test: [201/579]	Time 0.274 (0.456)
[2024-11-25 20:35:46,906][   train_val.py][line: 371][    INFO] Test: [202/579]	Time 0.291 (0.455)
[2024-11-25 20:35:48,005][   train_val.py][line: 371][    INFO] Test: [203/579]	Time 1.099 (0.459)
[2024-11-25 20:35:48,250][   train_val.py][line: 371][    INFO] Test: [204/579]	Time 0.245 (0.458)
[2024-11-25 20:35:48,663][   train_val.py][line: 371][    INFO] Test: [205/579]	Time 0.413 (0.457)
[2024-11-25 20:35:48,886][   train_val.py][line: 371][    INFO] Test: [206/579]	Time 0.223 (0.456)
[2024-11-25 20:35:49,411][   train_val.py][line: 371][    INFO] Test: [207/579]	Time 0.524 (0.456)
[2024-11-25 20:35:49,710][   train_val.py][line: 371][    INFO] Test: [208/579]	Time 0.299 (0.456)
[2024-11-25 20:35:49,936][   train_val.py][line: 371][    INFO] Test: [209/579]	Time 0.227 (0.455)
[2024-11-25 20:35:50,162][   train_val.py][line: 371][    INFO] Test: [210/579]	Time 0.225 (0.454)
[2024-11-25 20:35:50,541][   train_val.py][line: 371][    INFO] Test: [211/579]	Time 0.379 (0.453)
[2024-11-25 20:35:50,776][   train_val.py][line: 371][    INFO] Test: [212/579]	Time 0.236 (0.452)
[2024-11-25 20:35:51,001][   train_val.py][line: 371][    INFO] Test: [213/579]	Time 0.225 (0.451)
[2024-11-25 20:35:51,222][   train_val.py][line: 371][    INFO] Test: [214/579]	Time 0.221 (0.450)
[2024-11-25 20:35:51,700][   train_val.py][line: 371][    INFO] Test: [215/579]	Time 0.478 (0.450)
[2024-11-25 20:35:51,923][   train_val.py][line: 371][    INFO] Test: [216/579]	Time 0.223 (0.449)
[2024-11-25 20:35:52,160][   train_val.py][line: 371][    INFO] Test: [217/579]	Time 0.237 (0.448)
[2024-11-25 20:35:52,390][   train_val.py][line: 371][    INFO] Test: [218/579]	Time 0.230 (0.447)
[2024-11-25 20:35:53,262][   train_val.py][line: 371][    INFO] Test: [219/579]	Time 0.872 (0.449)
[2024-11-25 20:35:53,483][   train_val.py][line: 371][    INFO] Test: [220/579]	Time 0.221 (0.448)
[2024-11-25 20:35:55,135][   train_val.py][line: 371][    INFO] Test: [221/579]	Time 1.652 (0.453)
[2024-11-25 20:35:55,620][   train_val.py][line: 371][    INFO] Test: [222/579]	Time 0.485 (0.454)
[2024-11-25 20:35:55,912][   train_val.py][line: 371][    INFO] Test: [223/579]	Time 0.292 (0.453)
[2024-11-25 20:35:56,153][   train_val.py][line: 371][    INFO] Test: [224/579]	Time 0.240 (0.452)
[2024-11-25 20:35:56,373][   train_val.py][line: 371][    INFO] Test: [225/579]	Time 0.221 (0.451)
[2024-11-25 20:35:56,597][   train_val.py][line: 371][    INFO] Test: [226/579]	Time 0.224 (0.450)
[2024-11-25 20:35:56,822][   train_val.py][line: 371][    INFO] Test: [227/579]	Time 0.225 (0.449)
[2024-11-25 20:35:57,074][   train_val.py][line: 371][    INFO] Test: [228/579]	Time 0.253 (0.448)
[2024-11-25 20:35:57,317][   train_val.py][line: 371][    INFO] Test: [229/579]	Time 0.243 (0.447)
[2024-11-25 20:35:57,901][   train_val.py][line: 371][    INFO] Test: [230/579]	Time 0.584 (0.448)
[2024-11-25 20:35:58,136][   train_val.py][line: 371][    INFO] Test: [231/579]	Time 0.235 (0.447)
[2024-11-25 20:35:58,376][   train_val.py][line: 371][    INFO] Test: [232/579]	Time 0.240 (0.446)
[2024-11-25 20:35:58,603][   train_val.py][line: 371][    INFO] Test: [233/579]	Time 0.227 (0.445)
[2024-11-25 20:35:59,305][   train_val.py][line: 371][    INFO] Test: [234/579]	Time 0.702 (0.446)
[2024-11-25 20:35:59,539][   train_val.py][line: 371][    INFO] Test: [235/579]	Time 0.234 (0.445)
[2024-11-25 20:35:59,763][   train_val.py][line: 371][    INFO] Test: [236/579]	Time 0.224 (0.444)
[2024-11-25 20:36:00,019][   train_val.py][line: 371][    INFO] Test: [237/579]	Time 0.256 (0.443)
[2024-11-25 20:36:00,306][   train_val.py][line: 371][    INFO] Test: [238/579]	Time 0.287 (0.443)
[2024-11-25 20:36:00,542][   train_val.py][line: 371][    INFO] Test: [239/579]	Time 0.236 (0.442)
[2024-11-25 20:36:00,764][   train_val.py][line: 371][    INFO] Test: [240/579]	Time 0.223 (0.441)
[2024-11-25 20:36:00,983][   train_val.py][line: 371][    INFO] Test: [241/579]	Time 0.218 (0.440)
[2024-11-25 20:36:04,151][   train_val.py][line: 371][    INFO] Test: [242/579]	Time 3.169 (0.451)
[2024-11-25 20:36:04,458][   train_val.py][line: 371][    INFO] Test: [243/579]	Time 0.307 (0.451)
[2024-11-25 20:36:04,752][   train_val.py][line: 371][    INFO] Test: [244/579]	Time 0.295 (0.450)
[2024-11-25 20:36:05,172][   train_val.py][line: 371][    INFO] Test: [245/579]	Time 0.420 (0.450)
[2024-11-25 20:36:06,133][   train_val.py][line: 371][    INFO] Test: [246/579]	Time 0.961 (0.452)
[2024-11-25 20:36:06,416][   train_val.py][line: 371][    INFO] Test: [247/579]	Time 0.283 (0.451)
[2024-11-25 20:36:06,762][   train_val.py][line: 371][    INFO] Test: [248/579]	Time 0.346 (0.451)
[2024-11-25 20:36:07,022][   train_val.py][line: 371][    INFO] Test: [249/579]	Time 0.260 (0.450)
[2024-11-25 20:36:07,277][   train_val.py][line: 371][    INFO] Test: [250/579]	Time 0.255 (0.449)
[2024-11-25 20:36:07,515][   train_val.py][line: 371][    INFO] Test: [251/579]	Time 0.238 (0.449)
[2024-11-25 20:36:07,759][   train_val.py][line: 371][    INFO] Test: [252/579]	Time 0.244 (0.448)
[2024-11-25 20:36:08,004][   train_val.py][line: 371][    INFO] Test: [253/579]	Time 0.246 (0.447)
[2024-11-25 20:36:08,276][   train_val.py][line: 371][    INFO] Test: [254/579]	Time 0.272 (0.446)
[2024-11-25 20:36:08,497][   train_val.py][line: 371][    INFO] Test: [255/579]	Time 0.220 (0.445)
[2024-11-25 20:36:08,722][   train_val.py][line: 371][    INFO] Test: [256/579]	Time 0.225 (0.445)
[2024-11-25 20:36:08,940][   train_val.py][line: 371][    INFO] Test: [257/579]	Time 0.218 (0.444)
[2024-11-25 20:36:09,164][   train_val.py][line: 371][    INFO] Test: [258/579]	Time 0.224 (0.443)
[2024-11-25 20:36:09,438][   train_val.py][line: 371][    INFO] Test: [259/579]	Time 0.275 (0.442)
[2024-11-25 20:36:09,658][   train_val.py][line: 371][    INFO] Test: [260/579]	Time 0.220 (0.441)
[2024-11-25 20:36:11,787][   train_val.py][line: 371][    INFO] Test: [261/579]	Time 2.129 (0.448)
[2024-11-25 20:36:12,072][   train_val.py][line: 371][    INFO] Test: [262/579]	Time 0.285 (0.447)
[2024-11-25 20:36:12,359][   train_val.py][line: 371][    INFO] Test: [263/579]	Time 0.287 (0.447)
[2024-11-25 20:36:12,678][   train_val.py][line: 371][    INFO] Test: [264/579]	Time 0.319 (0.446)
[2024-11-25 20:36:13,170][   train_val.py][line: 371][    INFO] Test: [265/579]	Time 0.492 (0.446)
[2024-11-25 20:36:13,419][   train_val.py][line: 371][    INFO] Test: [266/579]	Time 0.248 (0.445)
[2024-11-25 20:36:13,712][   train_val.py][line: 371][    INFO] Test: [267/579]	Time 0.294 (0.445)
[2024-11-25 20:36:13,952][   train_val.py][line: 371][    INFO] Test: [268/579]	Time 0.240 (0.444)
[2024-11-25 20:36:14,192][   train_val.py][line: 371][    INFO] Test: [269/579]	Time 0.240 (0.443)
[2024-11-25 20:36:14,444][   train_val.py][line: 371][    INFO] Test: [270/579]	Time 0.252 (0.443)
[2024-11-25 20:36:14,685][   train_val.py][line: 371][    INFO] Test: [271/579]	Time 0.241 (0.442)
[2024-11-25 20:36:14,922][   train_val.py][line: 371][    INFO] Test: [272/579]	Time 0.238 (0.441)
[2024-11-25 20:36:16,004][   train_val.py][line: 371][    INFO] Test: [273/579]	Time 1.082 (0.444)
[2024-11-25 20:36:16,223][   train_val.py][line: 371][    INFO] Test: [274/579]	Time 0.219 (0.443)
[2024-11-25 20:36:16,462][   train_val.py][line: 371][    INFO] Test: [275/579]	Time 0.239 (0.442)
[2024-11-25 20:36:16,725][   train_val.py][line: 371][    INFO] Test: [276/579]	Time 0.262 (0.441)
[2024-11-25 20:36:17,069][   train_val.py][line: 371][    INFO] Test: [277/579]	Time 0.344 (0.441)
[2024-11-25 20:36:17,343][   train_val.py][line: 371][    INFO] Test: [278/579]	Time 0.274 (0.440)
[2024-11-25 20:36:17,570][   train_val.py][line: 371][    INFO] Test: [279/579]	Time 0.227 (0.440)
[2024-11-25 20:36:17,805][   train_val.py][line: 371][    INFO] Test: [280/579]	Time 0.235 (0.439)
[2024-11-25 20:36:18,791][   train_val.py][line: 371][    INFO] Test: [281/579]	Time 0.986 (0.441)
[2024-11-25 20:36:19,052][   train_val.py][line: 371][    INFO] Test: [282/579]	Time 0.261 (0.440)
[2024-11-25 20:36:19,294][   train_val.py][line: 371][    INFO] Test: [283/579]	Time 0.242 (0.439)
[2024-11-25 20:36:19,574][   train_val.py][line: 371][    INFO] Test: [284/579]	Time 0.280 (0.439)
[2024-11-25 20:36:19,798][   train_val.py][line: 371][    INFO] Test: [285/579]	Time 0.223 (0.438)
[2024-11-25 20:36:20,376][   train_val.py][line: 371][    INFO] Test: [286/579]	Time 0.579 (0.439)
[2024-11-25 20:36:20,596][   train_val.py][line: 371][    INFO] Test: [287/579]	Time 0.220 (0.438)
[2024-11-25 20:36:20,816][   train_val.py][line: 371][    INFO] Test: [288/579]	Time 0.220 (0.437)
[2024-11-25 20:36:21,143][   train_val.py][line: 371][    INFO] Test: [289/579]	Time 0.327 (0.437)
[2024-11-25 20:36:22,646][   train_val.py][line: 371][    INFO] Test: [290/579]	Time 1.502 (0.440)
[2024-11-25 20:36:22,881][   train_val.py][line: 371][    INFO] Test: [291/579]	Time 0.236 (0.440)
[2024-11-25 20:36:23,161][   train_val.py][line: 371][    INFO] Test: [292/579]	Time 0.280 (0.439)
[2024-11-25 20:36:23,381][   train_val.py][line: 371][    INFO] Test: [293/579]	Time 0.220 (0.438)
[2024-11-25 20:36:23,781][   train_val.py][line: 371][    INFO] Test: [294/579]	Time 0.400 (0.438)
[2024-11-25 20:36:24,041][   train_val.py][line: 371][    INFO] Test: [295/579]	Time 0.260 (0.438)
[2024-11-25 20:36:24,302][   train_val.py][line: 371][    INFO] Test: [296/579]	Time 0.261 (0.437)
[2024-11-25 20:36:24,589][   train_val.py][line: 371][    INFO] Test: [297/579]	Time 0.287 (0.437)
[2024-11-25 20:36:24,924][   train_val.py][line: 371][    INFO] Test: [298/579]	Time 0.335 (0.436)
[2024-11-25 20:36:25,144][   train_val.py][line: 371][    INFO] Test: [299/579]	Time 0.220 (0.436)
[2024-11-25 20:36:25,394][   train_val.py][line: 371][    INFO] Test: [300/579]	Time 0.250 (0.435)
[2024-11-25 20:36:25,666][   train_val.py][line: 371][    INFO] Test: [301/579]	Time 0.272 (0.434)
[2024-11-25 20:36:26,109][   train_val.py][line: 371][    INFO] Test: [302/579]	Time 0.443 (0.434)
[2024-11-25 20:36:26,333][   train_val.py][line: 371][    INFO] Test: [303/579]	Time 0.224 (0.434)
[2024-11-25 20:36:26,572][   train_val.py][line: 371][    INFO] Test: [304/579]	Time 0.239 (0.433)
[2024-11-25 20:36:26,795][   train_val.py][line: 371][    INFO] Test: [305/579]	Time 0.224 (0.432)
[2024-11-25 20:36:27,168][   train_val.py][line: 371][    INFO] Test: [306/579]	Time 0.373 (0.432)
[2024-11-25 20:36:27,389][   train_val.py][line: 371][    INFO] Test: [307/579]	Time 0.220 (0.432)
[2024-11-25 20:36:27,608][   train_val.py][line: 371][    INFO] Test: [308/579]	Time 0.220 (0.431)
[2024-11-25 20:36:27,833][   train_val.py][line: 371][    INFO] Test: [309/579]	Time 0.225 (0.430)
[2024-11-25 20:36:28,199][   train_val.py][line: 371][    INFO] Test: [310/579]	Time 0.365 (0.430)
[2024-11-25 20:36:28,439][   train_val.py][line: 371][    INFO] Test: [311/579]	Time 0.241 (0.429)
[2024-11-25 20:36:28,690][   train_val.py][line: 371][    INFO] Test: [312/579]	Time 0.251 (0.429)
[2024-11-25 20:36:28,932][   train_val.py][line: 371][    INFO] Test: [313/579]	Time 0.241 (0.428)
[2024-11-25 20:36:29,233][   train_val.py][line: 371][    INFO] Test: [314/579]	Time 0.301 (0.428)
[2024-11-25 20:36:29,474][   train_val.py][line: 371][    INFO] Test: [315/579]	Time 0.242 (0.427)
[2024-11-25 20:36:29,701][   train_val.py][line: 371][    INFO] Test: [316/579]	Time 0.227 (0.427)
[2024-11-25 20:36:30,045][   train_val.py][line: 371][    INFO] Test: [317/579]	Time 0.344 (0.426)
[2024-11-25 20:36:30,357][   train_val.py][line: 371][    INFO] Test: [318/579]	Time 0.312 (0.426)
[2024-11-25 20:36:30,577][   train_val.py][line: 371][    INFO] Test: [319/579]	Time 0.220 (0.425)
[2024-11-25 20:36:30,802][   train_val.py][line: 371][    INFO] Test: [320/579]	Time 0.225 (0.425)
[2024-11-25 20:36:32,328][   train_val.py][line: 371][    INFO] Test: [321/579]	Time 1.525 (0.428)
[2024-11-25 20:36:32,587][   train_val.py][line: 371][    INFO] Test: [322/579]	Time 0.260 (0.428)
[2024-11-25 20:36:32,838][   train_val.py][line: 371][    INFO] Test: [323/579]	Time 0.251 (0.427)
[2024-11-25 20:36:33,098][   train_val.py][line: 371][    INFO] Test: [324/579]	Time 0.260 (0.426)
[2024-11-25 20:36:33,424][   train_val.py][line: 371][    INFO] Test: [325/579]	Time 0.326 (0.426)
[2024-11-25 20:36:33,664][   train_val.py][line: 371][    INFO] Test: [326/579]	Time 0.240 (0.426)
[2024-11-25 20:36:33,900][   train_val.py][line: 371][    INFO] Test: [327/579]	Time 0.236 (0.425)
[2024-11-25 20:36:34,140][   train_val.py][line: 371][    INFO] Test: [328/579]	Time 0.240 (0.424)
[2024-11-25 20:36:34,382][   train_val.py][line: 371][    INFO] Test: [329/579]	Time 0.242 (0.424)
[2024-11-25 20:36:34,611][   train_val.py][line: 371][    INFO] Test: [330/579]	Time 0.229 (0.423)
[2024-11-25 20:36:34,843][   train_val.py][line: 371][    INFO] Test: [331/579]	Time 0.232 (0.423)
[2024-11-25 20:36:35,186][   train_val.py][line: 371][    INFO] Test: [332/579]	Time 0.343 (0.422)
[2024-11-25 20:36:35,409][   train_val.py][line: 371][    INFO] Test: [333/579]	Time 0.222 (0.422)
[2024-11-25 20:36:35,631][   train_val.py][line: 371][    INFO] Test: [334/579]	Time 0.222 (0.421)
[2024-11-25 20:36:35,867][   train_val.py][line: 371][    INFO] Test: [335/579]	Time 0.237 (0.421)
[2024-11-25 20:36:37,009][   train_val.py][line: 371][    INFO] Test: [336/579]	Time 1.142 (0.423)
[2024-11-25 20:36:37,270][   train_val.py][line: 371][    INFO] Test: [337/579]	Time 0.261 (0.422)
[2024-11-25 20:36:37,575][   train_val.py][line: 371][    INFO] Test: [338/579]	Time 0.305 (0.422)
[2024-11-25 20:36:37,830][   train_val.py][line: 371][    INFO] Test: [339/579]	Time 0.255 (0.422)
[2024-11-25 20:36:38,151][   train_val.py][line: 371][    INFO] Test: [340/579]	Time 0.321 (0.421)
[2024-11-25 20:36:38,393][   train_val.py][line: 371][    INFO] Test: [341/579]	Time 0.242 (0.421)
[2024-11-25 20:36:38,653][   train_val.py][line: 371][    INFO] Test: [342/579]	Time 0.260 (0.420)
[2024-11-25 20:36:38,893][   train_val.py][line: 371][    INFO] Test: [343/579]	Time 0.240 (0.420)
[2024-11-25 20:36:40,076][   train_val.py][line: 371][    INFO] Test: [344/579]	Time 1.183 (0.422)
[2024-11-25 20:36:40,297][   train_val.py][line: 371][    INFO] Test: [345/579]	Time 0.221 (0.421)
[2024-11-25 20:36:40,539][   train_val.py][line: 371][    INFO] Test: [346/579]	Time 0.242 (0.421)
[2024-11-25 20:36:40,861][   train_val.py][line: 371][    INFO] Test: [347/579]	Time 0.322 (0.421)
[2024-11-25 20:36:41,332][   train_val.py][line: 371][    INFO] Test: [348/579]	Time 0.471 (0.421)
[2024-11-25 20:36:41,564][   train_val.py][line: 371][    INFO] Test: [349/579]	Time 0.232 (0.420)
[2024-11-25 20:36:41,804][   train_val.py][line: 371][    INFO] Test: [350/579]	Time 0.240 (0.420)
[2024-11-25 20:36:42,048][   train_val.py][line: 371][    INFO] Test: [351/579]	Time 0.244 (0.419)
[2024-11-25 20:36:42,310][   train_val.py][line: 371][    INFO] Test: [352/579]	Time 0.262 (0.419)
[2024-11-25 20:36:42,546][   train_val.py][line: 371][    INFO] Test: [353/579]	Time 0.236 (0.418)
[2024-11-25 20:36:42,767][   train_val.py][line: 371][    INFO] Test: [354/579]	Time 0.221 (0.418)
[2024-11-25 20:36:43,508][   train_val.py][line: 371][    INFO] Test: [355/579]	Time 0.741 (0.419)
[2024-11-25 20:36:43,748][   train_val.py][line: 371][    INFO] Test: [356/579]	Time 0.240 (0.418)
[2024-11-25 20:36:44,008][   train_val.py][line: 371][    INFO] Test: [357/579]	Time 0.260 (0.418)
[2024-11-25 20:36:44,236][   train_val.py][line: 371][    INFO] Test: [358/579]	Time 0.228 (0.417)
[2024-11-25 20:36:44,755][   train_val.py][line: 371][    INFO] Test: [359/579]	Time 0.519 (0.417)
[2024-11-25 20:36:45,118][   train_val.py][line: 371][    INFO] Test: [360/579]	Time 0.363 (0.417)
[2024-11-25 20:36:45,339][   train_val.py][line: 371][    INFO] Test: [361/579]	Time 0.221 (0.417)
[2024-11-25 20:36:45,600][   train_val.py][line: 371][    INFO] Test: [362/579]	Time 0.261 (0.416)
[2024-11-25 20:36:45,840][   train_val.py][line: 371][    INFO] Test: [363/579]	Time 0.240 (0.416)
[2024-11-25 20:36:46,148][   train_val.py][line: 371][    INFO] Test: [364/579]	Time 0.308 (0.415)
[2024-11-25 20:36:46,380][   train_val.py][line: 371][    INFO] Test: [365/579]	Time 0.232 (0.415)
[2024-11-25 20:36:46,620][   train_val.py][line: 371][    INFO] Test: [366/579]	Time 0.240 (0.414)
[2024-11-25 20:36:47,361][   train_val.py][line: 371][    INFO] Test: [367/579]	Time 0.741 (0.415)
[2024-11-25 20:36:47,582][   train_val.py][line: 371][    INFO] Test: [368/579]	Time 0.221 (0.415)
[2024-11-25 20:36:47,803][   train_val.py][line: 371][    INFO] Test: [369/579]	Time 0.221 (0.414)
[2024-11-25 20:36:48,029][   train_val.py][line: 371][    INFO] Test: [370/579]	Time 0.226 (0.414)
[2024-11-25 20:36:48,967][   train_val.py][line: 371][    INFO] Test: [371/579]	Time 0.938 (0.415)
[2024-11-25 20:36:49,186][   train_val.py][line: 371][    INFO] Test: [372/579]	Time 0.219 (0.415)
[2024-11-25 20:36:49,407][   train_val.py][line: 371][    INFO] Test: [373/579]	Time 0.221 (0.414)
[2024-11-25 20:36:49,646][   train_val.py][line: 371][    INFO] Test: [374/579]	Time 0.239 (0.414)
[2024-11-25 20:36:49,870][   train_val.py][line: 371][    INFO] Test: [375/579]	Time 0.224 (0.413)
[2024-11-25 20:36:50,114][   train_val.py][line: 371][    INFO] Test: [376/579]	Time 0.244 (0.413)
[2024-11-25 20:36:50,486][   train_val.py][line: 371][    INFO] Test: [377/579]	Time 0.372 (0.413)
[2024-11-25 20:36:50,726][   train_val.py][line: 371][    INFO] Test: [378/579]	Time 0.240 (0.412)
[2024-11-25 20:36:51,152][   train_val.py][line: 371][    INFO] Test: [379/579]	Time 0.426 (0.412)
[2024-11-25 20:36:51,408][   train_val.py][line: 371][    INFO] Test: [380/579]	Time 0.256 (0.412)
[2024-11-25 20:36:51,669][   train_val.py][line: 371][    INFO] Test: [381/579]	Time 0.260 (0.411)
[2024-11-25 20:36:51,888][   train_val.py][line: 371][    INFO] Test: [382/579]	Time 0.220 (0.411)
[2024-11-25 20:36:52,149][   train_val.py][line: 371][    INFO] Test: [383/579]	Time 0.261 (0.411)
[2024-11-25 20:36:52,397][   train_val.py][line: 371][    INFO] Test: [384/579]	Time 0.248 (0.410)
[2024-11-25 20:36:52,631][   train_val.py][line: 371][    INFO] Test: [385/579]	Time 0.234 (0.410)
[2024-11-25 20:36:52,853][   train_val.py][line: 371][    INFO] Test: [386/579]	Time 0.222 (0.409)
[2024-11-25 20:36:53,418][   train_val.py][line: 371][    INFO] Test: [387/579]	Time 0.565 (0.410)
[2024-11-25 20:36:53,656][   train_val.py][line: 371][    INFO] Test: [388/579]	Time 0.238 (0.409)
[2024-11-25 20:36:53,897][   train_val.py][line: 371][    INFO] Test: [389/579]	Time 0.241 (0.409)
[2024-11-25 20:36:54,117][   train_val.py][line: 371][    INFO] Test: [390/579]	Time 0.220 (0.408)
[2024-11-25 20:36:54,682][   train_val.py][line: 371][    INFO] Test: [391/579]	Time 0.565 (0.409)
[2024-11-25 20:36:54,922][   train_val.py][line: 371][    INFO] Test: [392/579]	Time 0.240 (0.408)
[2024-11-25 20:36:55,144][   train_val.py][line: 371][    INFO] Test: [393/579]	Time 0.222 (0.408)
[2024-11-25 20:36:55,389][   train_val.py][line: 371][    INFO] Test: [394/579]	Time 0.245 (0.407)
[2024-11-25 20:36:55,610][   train_val.py][line: 371][    INFO] Test: [395/579]	Time 0.221 (0.407)
[2024-11-25 20:36:55,847][   train_val.py][line: 371][    INFO] Test: [396/579]	Time 0.238 (0.406)
[2024-11-25 20:36:56,110][   train_val.py][line: 371][    INFO] Test: [397/579]	Time 0.263 (0.406)
[2024-11-25 20:36:56,335][   train_val.py][line: 371][    INFO] Test: [398/579]	Time 0.224 (0.406)
[2024-11-25 20:36:56,613][   train_val.py][line: 371][    INFO] Test: [399/579]	Time 0.279 (0.405)
[2024-11-25 20:36:56,852][   train_val.py][line: 371][    INFO] Test: [400/579]	Time 0.239 (0.405)
[2024-11-25 20:36:57,416][   train_val.py][line: 371][    INFO] Test: [401/579]	Time 0.564 (0.405)
[2024-11-25 20:36:57,655][   train_val.py][line: 371][    INFO] Test: [402/579]	Time 0.239 (0.405)
[2024-11-25 20:36:57,916][   train_val.py][line: 371][    INFO] Test: [403/579]	Time 0.261 (0.404)
[2024-11-25 20:36:58,141][   train_val.py][line: 371][    INFO] Test: [404/579]	Time 0.224 (0.404)
[2024-11-25 20:36:58,378][   train_val.py][line: 371][    INFO] Test: [405/579]	Time 0.237 (0.404)
[2024-11-25 20:36:58,617][   train_val.py][line: 371][    INFO] Test: [406/579]	Time 0.239 (0.403)
[2024-11-25 20:36:59,199][   train_val.py][line: 371][    INFO] Test: [407/579]	Time 0.582 (0.404)
[2024-11-25 20:36:59,420][   train_val.py][line: 371][    INFO] Test: [408/579]	Time 0.221 (0.403)
[2024-11-25 20:36:59,642][   train_val.py][line: 371][    INFO] Test: [409/579]	Time 0.222 (0.403)
[2024-11-25 20:36:59,969][   train_val.py][line: 371][    INFO] Test: [410/579]	Time 0.327 (0.403)
[2024-11-25 20:37:00,364][   train_val.py][line: 371][    INFO] Test: [411/579]	Time 0.395 (0.403)
[2024-11-25 20:37:00,585][   train_val.py][line: 371][    INFO] Test: [412/579]	Time 0.221 (0.402)
[2024-11-25 20:37:00,804][   train_val.py][line: 371][    INFO] Test: [413/579]	Time 0.219 (0.402)
[2024-11-25 20:37:01,144][   train_val.py][line: 371][    INFO] Test: [414/579]	Time 0.340 (0.402)
[2024-11-25 20:37:04,735][   train_val.py][line: 371][    INFO] Test: [415/579]	Time 3.591 (0.409)
[2024-11-25 20:37:05,038][   train_val.py][line: 371][    INFO] Test: [416/579]	Time 0.303 (0.409)
[2024-11-25 20:37:05,365][   train_val.py][line: 371][    INFO] Test: [417/579]	Time 0.326 (0.409)
[2024-11-25 20:37:05,640][   train_val.py][line: 371][    INFO] Test: [418/579]	Time 0.276 (0.408)
[2024-11-25 20:37:05,960][   train_val.py][line: 371][    INFO] Test: [419/579]	Time 0.320 (0.408)
[2024-11-25 20:37:06,220][   train_val.py][line: 371][    INFO] Test: [420/579]	Time 0.260 (0.408)
[2024-11-25 20:37:06,463][   train_val.py][line: 371][    INFO] Test: [421/579]	Time 0.243 (0.407)
[2024-11-25 20:37:06,703][   train_val.py][line: 371][    INFO] Test: [422/579]	Time 0.240 (0.407)
[2024-11-25 20:37:07,275][   train_val.py][line: 371][    INFO] Test: [423/579]	Time 0.572 (0.407)
[2024-11-25 20:37:07,525][   train_val.py][line: 371][    INFO] Test: [424/579]	Time 0.250 (0.407)
[2024-11-25 20:37:07,766][   train_val.py][line: 371][    INFO] Test: [425/579]	Time 0.241 (0.407)
[2024-11-25 20:37:08,006][   train_val.py][line: 371][    INFO] Test: [426/579]	Time 0.240 (0.406)
[2024-11-25 20:37:08,632][   train_val.py][line: 371][    INFO] Test: [427/579]	Time 0.626 (0.407)
[2024-11-25 20:37:08,867][   train_val.py][line: 371][    INFO] Test: [428/579]	Time 0.235 (0.406)
[2024-11-25 20:37:09,135][   train_val.py][line: 371][    INFO] Test: [429/579]	Time 0.268 (0.406)
[2024-11-25 20:37:09,369][   train_val.py][line: 371][    INFO] Test: [430/579]	Time 0.234 (0.406)
[2024-11-25 20:37:10,372][   train_val.py][line: 371][    INFO] Test: [431/579]	Time 1.003 (0.407)
[2024-11-25 20:37:10,672][   train_val.py][line: 371][    INFO] Test: [432/579]	Time 0.300 (0.407)
[2024-11-25 20:37:10,954][   train_val.py][line: 371][    INFO] Test: [433/579]	Time 0.282 (0.407)
[2024-11-25 20:37:11,173][   train_val.py][line: 371][    INFO] Test: [434/579]	Time 0.219 (0.406)
[2024-11-25 20:37:12,457][   train_val.py][line: 371][    INFO] Test: [435/579]	Time 1.285 (0.408)
[2024-11-25 20:37:12,722][   train_val.py][line: 371][    INFO] Test: [436/579]	Time 0.265 (0.408)
[2024-11-25 20:37:12,957][   train_val.py][line: 371][    INFO] Test: [437/579]	Time 0.235 (0.407)
[2024-11-25 20:37:13,183][   train_val.py][line: 371][    INFO] Test: [438/579]	Time 0.225 (0.407)
[2024-11-25 20:37:13,760][   train_val.py][line: 371][    INFO] Test: [439/579]	Time 0.578 (0.407)
[2024-11-25 20:37:13,989][   train_val.py][line: 371][    INFO] Test: [440/579]	Time 0.229 (0.407)
[2024-11-25 20:37:14,225][   train_val.py][line: 371][    INFO] Test: [441/579]	Time 0.236 (0.407)
[2024-11-25 20:37:14,460][   train_val.py][line: 371][    INFO] Test: [442/579]	Time 0.235 (0.406)
[2024-11-25 20:37:15,203][   train_val.py][line: 371][    INFO] Test: [443/579]	Time 0.743 (0.407)
[2024-11-25 20:37:15,449][   train_val.py][line: 371][    INFO] Test: [444/579]	Time 0.245 (0.407)
[2024-11-25 20:37:15,683][   train_val.py][line: 371][    INFO] Test: [445/579]	Time 0.234 (0.406)
[2024-11-25 20:37:15,968][   train_val.py][line: 371][    INFO] Test: [446/579]	Time 0.285 (0.406)
[2024-11-25 20:37:16,310][   train_val.py][line: 371][    INFO] Test: [447/579]	Time 0.341 (0.406)
[2024-11-25 20:37:16,605][   train_val.py][line: 371][    INFO] Test: [448/579]	Time 0.295 (0.406)
[2024-11-25 20:37:16,924][   train_val.py][line: 371][    INFO] Test: [449/579]	Time 0.320 (0.405)
[2024-11-25 20:37:17,145][   train_val.py][line: 371][    INFO] Test: [450/579]	Time 0.220 (0.405)
[2024-11-25 20:37:17,365][   train_val.py][line: 371][    INFO] Test: [451/579]	Time 0.221 (0.405)
[2024-11-25 20:37:17,605][   train_val.py][line: 371][    INFO] Test: [452/579]	Time 0.240 (0.404)
[2024-11-25 20:37:17,833][   train_val.py][line: 371][    INFO] Test: [453/579]	Time 0.228 (0.404)
[2024-11-25 20:37:18,105][   train_val.py][line: 371][    INFO] Test: [454/579]	Time 0.272 (0.403)
[2024-11-25 20:37:18,835][   train_val.py][line: 371][    INFO] Test: [455/579]	Time 0.729 (0.404)
[2024-11-25 20:37:19,692][   train_val.py][line: 371][    INFO] Test: [456/579]	Time 0.858 (0.405)
[2024-11-25 20:37:19,912][   train_val.py][line: 371][    INFO] Test: [457/579]	Time 0.220 (0.405)
[2024-11-25 20:37:20,139][   train_val.py][line: 371][    INFO] Test: [458/579]	Time 0.227 (0.404)
[2024-11-25 20:37:20,373][   train_val.py][line: 371][    INFO] Test: [459/579]	Time 0.234 (0.404)
[2024-11-25 20:37:20,820][   train_val.py][line: 371][    INFO] Test: [460/579]	Time 0.446 (0.404)
[2024-11-25 20:37:21,055][   train_val.py][line: 371][    INFO] Test: [461/579]	Time 0.236 (0.404)
[2024-11-25 20:37:21,275][   train_val.py][line: 371][    INFO] Test: [462/579]	Time 0.220 (0.403)
[2024-11-25 20:37:21,515][   train_val.py][line: 371][    INFO] Test: [463/579]	Time 0.240 (0.403)
[2024-11-25 20:37:22,278][   train_val.py][line: 371][    INFO] Test: [464/579]	Time 0.763 (0.404)
[2024-11-25 20:37:22,504][   train_val.py][line: 371][    INFO] Test: [465/579]	Time 0.226 (0.403)
[2024-11-25 20:37:22,738][   train_val.py][line: 371][    INFO] Test: [466/579]	Time 0.234 (0.403)
[2024-11-25 20:37:22,958][   train_val.py][line: 371][    INFO] Test: [467/579]	Time 0.220 (0.403)
[2024-11-25 20:37:23,378][   train_val.py][line: 371][    INFO] Test: [468/579]	Time 0.420 (0.403)
[2024-11-25 20:37:23,598][   train_val.py][line: 371][    INFO] Test: [469/579]	Time 0.220 (0.402)
[2024-11-25 20:37:23,865][   train_val.py][line: 371][    INFO] Test: [470/579]	Time 0.266 (0.402)
[2024-11-25 20:37:24,120][   train_val.py][line: 371][    INFO] Test: [471/579]	Time 0.256 (0.402)
[2024-11-25 20:37:25,383][   train_val.py][line: 371][    INFO] Test: [472/579]	Time 1.263 (0.404)
[2024-11-25 20:37:25,613][   train_val.py][line: 371][    INFO] Test: [473/579]	Time 0.230 (0.403)
[2024-11-25 20:37:25,849][   train_val.py][line: 371][    INFO] Test: [474/579]	Time 0.236 (0.403)
[2024-11-25 20:37:26,084][   train_val.py][line: 371][    INFO] Test: [475/579]	Time 0.235 (0.402)
[2024-11-25 20:37:26,806][   train_val.py][line: 371][    INFO] Test: [476/579]	Time 0.722 (0.403)
[2024-11-25 20:37:27,087][   train_val.py][line: 371][    INFO] Test: [477/579]	Time 0.281 (0.403)
[2024-11-25 20:37:27,307][   train_val.py][line: 371][    INFO] Test: [478/579]	Time 0.220 (0.402)
[2024-11-25 20:37:27,531][   train_val.py][line: 371][    INFO] Test: [479/579]	Time 0.224 (0.402)
[2024-11-25 20:37:28,531][   train_val.py][line: 371][    INFO] Test: [480/579]	Time 1.000 (0.403)
[2024-11-25 20:37:28,757][   train_val.py][line: 371][    INFO] Test: [481/579]	Time 0.226 (0.403)
[2024-11-25 20:37:28,991][   train_val.py][line: 371][    INFO] Test: [482/579]	Time 0.234 (0.403)
[2024-11-25 20:37:29,214][   train_val.py][line: 371][    INFO] Test: [483/579]	Time 0.223 (0.402)
[2024-11-25 20:37:29,432][   train_val.py][line: 371][    INFO] Test: [484/579]	Time 0.218 (0.402)
[2024-11-25 20:37:29,671][   train_val.py][line: 371][    INFO] Test: [485/579]	Time 0.239 (0.402)
[2024-11-25 20:37:29,961][   train_val.py][line: 371][    INFO] Test: [486/579]	Time 0.290 (0.401)
[2024-11-25 20:37:30,191][   train_val.py][line: 371][    INFO] Test: [487/579]	Time 0.230 (0.401)
[2024-11-25 20:37:33,257][   train_val.py][line: 371][    INFO] Test: [488/579]	Time 3.066 (0.406)
[2024-11-25 20:37:33,567][   train_val.py][line: 371][    INFO] Test: [489/579]	Time 0.309 (0.406)
[2024-11-25 20:37:33,862][   train_val.py][line: 371][    INFO] Test: [490/579]	Time 0.295 (0.406)
[2024-11-25 20:37:34,141][   train_val.py][line: 371][    INFO] Test: [491/579]	Time 0.280 (0.406)
[2024-11-25 20:37:34,402][   train_val.py][line: 371][    INFO] Test: [492/579]	Time 0.260 (0.405)
[2024-11-25 20:37:34,662][   train_val.py][line: 371][    INFO] Test: [493/579]	Time 0.260 (0.405)
[2024-11-25 20:37:34,919][   train_val.py][line: 371][    INFO] Test: [494/579]	Time 0.258 (0.405)
[2024-11-25 20:37:35,159][   train_val.py][line: 371][    INFO] Test: [495/579]	Time 0.240 (0.405)
[2024-11-25 20:37:35,464][   train_val.py][line: 371][    INFO] Test: [496/579]	Time 0.305 (0.404)
[2024-11-25 20:37:35,699][   train_val.py][line: 371][    INFO] Test: [497/579]	Time 0.235 (0.404)
[2024-11-25 20:37:35,980][   train_val.py][line: 371][    INFO] Test: [498/579]	Time 0.281 (0.404)
[2024-11-25 20:37:36,340][   train_val.py][line: 371][    INFO] Test: [499/579]	Time 0.360 (0.404)
[2024-11-25 20:37:37,080][   train_val.py][line: 371][    INFO] Test: [500/579]	Time 0.740 (0.404)
[2024-11-25 20:37:37,381][   train_val.py][line: 371][    INFO] Test: [501/579]	Time 0.301 (0.404)
[2024-11-25 20:37:37,622][   train_val.py][line: 371][    INFO] Test: [502/579]	Time 0.241 (0.404)
[2024-11-25 20:37:37,863][   train_val.py][line: 371][    INFO] Test: [503/579]	Time 0.241 (0.403)
[2024-11-25 20:37:38,125][   train_val.py][line: 371][    INFO] Test: [504/579]	Time 0.262 (0.403)
[2024-11-25 20:37:38,503][   train_val.py][line: 371][    INFO] Test: [505/579]	Time 0.378 (0.403)
[2024-11-25 20:37:38,726][   train_val.py][line: 371][    INFO] Test: [506/579]	Time 0.223 (0.403)
[2024-11-25 20:37:38,964][   train_val.py][line: 371][    INFO] Test: [507/579]	Time 0.238 (0.402)
[2024-11-25 20:37:39,183][   train_val.py][line: 371][    INFO] Test: [508/579]	Time 0.220 (0.402)
[2024-11-25 20:37:39,727][   train_val.py][line: 371][    INFO] Test: [509/579]	Time 0.544 (0.402)
[2024-11-25 20:37:40,325][   train_val.py][line: 371][    INFO] Test: [510/579]	Time 0.598 (0.403)
[2024-11-25 20:37:42,047][   train_val.py][line: 371][    INFO] Test: [511/579]	Time 1.722 (0.405)
[2024-11-25 20:37:42,287][   train_val.py][line: 371][    INFO] Test: [512/579]	Time 0.240 (0.405)
[2024-11-25 20:37:42,557][   train_val.py][line: 371][    INFO] Test: [513/579]	Time 0.270 (0.405)
[2024-11-25 20:37:42,813][   train_val.py][line: 371][    INFO] Test: [514/579]	Time 0.256 (0.404)
[2024-11-25 20:37:43,556][   train_val.py][line: 371][    INFO] Test: [515/579]	Time 0.743 (0.405)
[2024-11-25 20:37:44,177][   train_val.py][line: 371][    INFO] Test: [516/579]	Time 0.621 (0.406)
[2024-11-25 20:37:44,430][   train_val.py][line: 371][    INFO] Test: [517/579]	Time 0.253 (0.405)
[2024-11-25 20:37:44,667][   train_val.py][line: 371][    INFO] Test: [518/579]	Time 0.238 (0.405)
[2024-11-25 20:37:45,132][   train_val.py][line: 371][    INFO] Test: [519/579]	Time 0.465 (0.405)
[2024-11-25 20:37:46,869][   train_val.py][line: 371][    INFO] Test: [520/579]	Time 1.737 (0.408)
[2024-11-25 20:37:47,149][   train_val.py][line: 371][    INFO] Test: [521/579]	Time 0.280 (0.407)
[2024-11-25 20:37:47,409][   train_val.py][line: 371][    INFO] Test: [522/579]	Time 0.260 (0.407)
[2024-11-25 20:37:47,671][   train_val.py][line: 371][    INFO] Test: [523/579]	Time 0.262 (0.407)
[2024-11-25 20:37:48,269][   train_val.py][line: 371][    INFO] Test: [524/579]	Time 0.598 (0.407)
[2024-11-25 20:37:48,559][   train_val.py][line: 371][    INFO] Test: [525/579]	Time 0.289 (0.407)
[2024-11-25 20:37:48,890][   train_val.py][line: 371][    INFO] Test: [526/579]	Time 0.332 (0.407)
[2024-11-25 20:37:49,152][   train_val.py][line: 371][    INFO] Test: [527/579]	Time 0.262 (0.407)
[2024-11-25 20:37:49,394][   train_val.py][line: 371][    INFO] Test: [528/579]	Time 0.242 (0.406)
[2024-11-25 20:37:49,634][   train_val.py][line: 371][    INFO] Test: [529/579]	Time 0.239 (0.406)
[2024-11-25 20:37:50,393][   train_val.py][line: 371][    INFO] Test: [530/579]	Time 0.760 (0.407)
[2024-11-25 20:37:50,780][   train_val.py][line: 371][    INFO] Test: [531/579]	Time 0.387 (0.407)
[2024-11-25 20:37:51,457][   train_val.py][line: 371][    INFO] Test: [532/579]	Time 0.677 (0.407)
[2024-11-25 20:37:51,842][   train_val.py][line: 371][    INFO] Test: [533/579]	Time 0.385 (0.407)
[2024-11-25 20:37:52,067][   train_val.py][line: 371][    INFO] Test: [534/579]	Time 0.225 (0.407)
[2024-11-25 20:37:52,298][   train_val.py][line: 371][    INFO] Test: [535/579]	Time 0.231 (0.406)
[2024-11-25 20:37:53,324][   train_val.py][line: 371][    INFO] Test: [536/579]	Time 1.026 (0.407)
[2024-11-25 20:37:53,580][   train_val.py][line: 371][    INFO] Test: [537/579]	Time 0.256 (0.407)
[2024-11-25 20:37:54,361][   train_val.py][line: 371][    INFO] Test: [538/579]	Time 0.781 (0.408)
[2024-11-25 20:37:54,583][   train_val.py][line: 371][    INFO] Test: [539/579]	Time 0.222 (0.408)
[2024-11-25 20:37:54,821][   train_val.py][line: 371][    INFO] Test: [540/579]	Time 0.238 (0.407)
[2024-11-25 20:37:55,281][   train_val.py][line: 371][    INFO] Test: [541/579]	Time 0.460 (0.407)
[2024-11-25 20:37:55,807][   train_val.py][line: 371][    INFO] Test: [542/579]	Time 0.526 (0.408)
[2024-11-25 20:37:56,089][   train_val.py][line: 371][    INFO] Test: [543/579]	Time 0.282 (0.407)
[2024-11-25 20:37:56,424][   train_val.py][line: 371][    INFO] Test: [544/579]	Time 0.335 (0.407)
[2024-11-25 20:37:56,785][   train_val.py][line: 371][    INFO] Test: [545/579]	Time 0.361 (0.407)
[2024-11-25 20:37:58,088][   train_val.py][line: 371][    INFO] Test: [546/579]	Time 1.302 (0.409)
[2024-11-25 20:37:58,346][   train_val.py][line: 371][    INFO] Test: [547/579]	Time 0.259 (0.408)
[2024-11-25 20:37:58,766][   train_val.py][line: 371][    INFO] Test: [548/579]	Time 0.420 (0.408)
[2024-11-25 20:37:59,070][   train_val.py][line: 371][    INFO] Test: [549/579]	Time 0.303 (0.408)
[2024-11-25 20:37:59,346][   train_val.py][line: 371][    INFO] Test: [550/579]	Time 0.277 (0.408)
[2024-11-25 20:37:59,606][   train_val.py][line: 371][    INFO] Test: [551/579]	Time 0.260 (0.408)
[2024-11-25 20:38:00,014][   train_val.py][line: 371][    INFO] Test: [552/579]	Time 0.408 (0.408)
[2024-11-25 20:38:00,289][   train_val.py][line: 371][    INFO] Test: [553/579]	Time 0.275 (0.408)
[2024-11-25 20:38:01,313][   train_val.py][line: 371][    INFO] Test: [554/579]	Time 1.024 (0.409)
[2024-11-25 20:38:01,593][   train_val.py][line: 371][    INFO] Test: [555/579]	Time 0.280 (0.408)
[2024-11-25 20:38:01,836][   train_val.py][line: 371][    INFO] Test: [556/579]	Time 0.243 (0.408)
[2024-11-25 20:38:04,723][   train_val.py][line: 371][    INFO] Test: [557/579]	Time 2.887 (0.413)
[2024-11-25 20:38:05,825][   train_val.py][line: 371][    INFO] Test: [558/579]	Time 1.102 (0.414)
[2024-11-25 20:38:06,205][   train_val.py][line: 371][    INFO] Test: [559/579]	Time 0.380 (0.414)
[2024-11-25 20:38:06,505][   train_val.py][line: 371][    INFO] Test: [560/579]	Time 0.300 (0.414)
[2024-11-25 20:38:06,973][   train_val.py][line: 371][    INFO] Test: [561/579]	Time 0.468 (0.414)
[2024-11-25 20:38:07,247][   train_val.py][line: 371][    INFO] Test: [562/579]	Time 0.274 (0.413)
[2024-11-25 20:38:07,606][   train_val.py][line: 371][    INFO] Test: [563/579]	Time 0.360 (0.413)
[2024-11-25 20:38:07,870][   train_val.py][line: 371][    INFO] Test: [564/579]	Time 0.263 (0.413)
[2024-11-25 20:38:08,186][   train_val.py][line: 371][    INFO] Test: [565/579]	Time 0.317 (0.413)
[2024-11-25 20:38:08,947][   train_val.py][line: 371][    INFO] Test: [566/579]	Time 0.761 (0.413)
[2024-11-25 20:38:09,388][   train_val.py][line: 371][    INFO] Test: [567/579]	Time 0.441 (0.414)
[2024-11-25 20:38:09,628][   train_val.py][line: 371][    INFO] Test: [568/579]	Time 0.240 (0.413)
[2024-11-25 20:38:09,894][   train_val.py][line: 371][    INFO] Test: [569/579]	Time 0.266 (0.413)
[2024-11-25 20:38:10,688][   train_val.py][line: 371][    INFO] Test: [570/579]	Time 0.794 (0.414)
[2024-11-25 20:38:11,290][   train_val.py][line: 371][    INFO] Test: [571/579]	Time 0.602 (0.414)
[2024-11-25 20:38:12,672][   train_val.py][line: 371][    INFO] Test: [572/579]	Time 1.382 (0.416)
[2024-11-25 20:38:13,037][   train_val.py][line: 371][    INFO] Test: [573/579]	Time 0.365 (0.416)
[2024-11-25 20:38:13,350][   train_val.py][line: 371][    INFO] Test: [574/579]	Time 0.313 (0.415)
[2024-11-25 20:38:13,650][   train_val.py][line: 371][    INFO] Test: [575/579]	Time 0.300 (0.415)
[2024-11-25 20:38:14,261][   train_val.py][line: 371][    INFO] Test: [576/579]	Time 0.610 (0.416)
[2024-11-25 20:38:14,611][   train_val.py][line: 371][    INFO] Test: [577/579]	Time 0.351 (0.415)
[2024-11-25 20:38:14,872][   train_val.py][line: 371][    INFO] Test: [578/579]	Time 0.261 (0.415)
[2024-11-25 20:38:15,534][   train_val.py][line: 371][    INFO] Test: [579/579]	Time 0.662 (0.416)
[2024-11-25 20:38:15,577][   train_val.py][line: 392][    INFO] Gathering final results ...
[2024-11-25 20:38:15,578][   train_val.py][line: 394][    INFO]  * Loss 5.04247	total_num=4628.0
[2024-11-25 20:41:01,147][ eval_helper.py][line: 343][    INFO] 
|  clsname   |  max_auc  |  max_ap  |  pixel_auc  |  pixel_ap  |
|:----------:|:---------:|:--------:|:-----------:|:----------:|
|     01     |  99.0282  | 99.6541  |   97.4866   |  58.3362   |
|     02     |  79.2025  |  96.507  |   96.5221   |  57.6744   |
|     03     |  99.7797  | 97.6237  |   99.7087   |  63.3255   |
|   bottle   |  99.8413  |  99.95   |   98.6743   |  83.6671   |
|   cable    |  98.7256  |  99.278  |   97.7343   |   62.182   |
|   candle   |   95.87   |  96.33   |   99.1627   |  32.1314   |
|  capsule   |  90.6661  | 97.7699  |   98.6387   |  49.3558   |
|  capsules  |   74.7    | 86.8423  |   98.2172   |  55.1368   |
|   carpet   |  99.9197  | 99.9749  |   99.1043   |  72.0838   |
|   cashew   |   92.42   | 95.9198  |   99.1307   |  65.6767   |
| chewinggum |   99.52   | 99.7753  |   99.0089   |   61.932   |
|   fryum    |   88.2    | 94.2112  |   97.5176   |  45.7686   |
|    grid    |  98.914   | 99.6742  |   98.2208   |  44.8402   |
|  hazelnut  |  99.9643  | 99.9799  |   98.0274   |  61.1912   |
|  leather   |    100    |   100    |   99.6442   |  70.2061   |
| macaroni1  |   91.6    |  91.963  |   99.2148   |  18.6218   |
| macaroni2  |   81.39   | 83.5441  |   97.5918   |  7.88336   |
| metal_nut  |  99.7067  | 99.9313  |   95.412    |  66.7268   |
|    pcb1    |   95.54   | 94.4518  |   99.6035   |  73.9968   |
|    pcb2    |   94.25   | 94.7833  |   98.0802   |  11.7483   |
|    pcb3    |  90.5545  | 91.7368  |   98.3529   |  22.5081   |
|    pcb4    |  99.3168  | 99.2819  |   97.8517   |  38.0464   |
|    pill    |  94.8718  | 99.0476  |   95.7995   |  46.0082   |
| pipe_fryum |   97.76   | 98.9394  |   99.3405   |  70.3711   |
|   screw    |  85.8578  | 94.7152  |   98.5486   |  36.1629   |
|    tile    |  99.531   | 99.8119  |   95.2031   |  76.6317   |
| toothbrush |  94.4444  | 97.7415  |   98.676    |  51.9491   |
| transistor |  99.3333  | 99.0241  |   98.0455   |  75.6964   |
|    wood    |  98.9474  | 99.6946  |   94.5511   |  65.5286   |
|   zipper   |  98.5819  | 99.6334  |   97.8074   |  58.8344   |
|    mean    |  94.6146  | 96.9263  |   98.0292   |  53.4741   |
