[2024-11-25 20:41:19,913][   train_val.py][line: 116][    INFO] args: Namespace(config='../configs/onenip_config.yaml', evaluate=True, local_rank='0', opts=['dataset.image_reader.kwargs.image_dir', '/fuxi_team2/persons/danylgao/weicun_ceph/datasets/mvtec+btad+visa', 'dataset.train.dtd_dir', '/fuxi_team2/persons/danylgao/weicun_ceph/datasets/dtd', 'dataset.train.meta_file', '../data/mvtec+btad+visa/train.json', 'dataset.test.meta_file', '../data/mvtec+btad+visa/test.json', 'dataset.input_size', '[256, 256]', 'net[2].kwargs.num_encoder_layers', '4', 'net[2].kwargs.num_decoder_layers', '4', 'saver.save_dir', '../checkpoints-retraining-1111/onenip-mvtec+btad+visa-4-4-256'])
[2024-11-25 20:41:19,915][   train_val.py][line: 117][    INFO] config: {'criterion': [{'kwargs': {'weight': 1.0},
                'name': 'FeatureMSELoss',
                'type': 'FeatureMSELoss'},
               {'kwargs': {'weight': 0.5},
                'name': 'DiceLoss',
                'type': 'DiceLoss'}],
 'dataset': {'batch_size': 8,
             'image_reader': {'kwargs': {'color_mode': 'RGB',
                                         'image_dir': '/fuxi_team2/persons/danylgao/weicun_ceph/datasets/mvtec+btad+visa'},
                              'type': 'opencv'},
             'input_size': [256, 256],
             'pixel_mean': [0.485, 0.456, 0.406],
             'pixel_std': [0.229, 0.224, 0.225],
             'test': {'meta_file': '../data/mvtec+btad+visa/test.json'},
             'train': {'dtd_dir': '/fuxi_team2/persons/danylgao/weicun_ceph/datasets/dtd',
                       'hflip': False,
                       'meta_file': '../data/mvtec+btad+visa/train.json',
                       'rebalance': False,
                       'rotate': False,
                       'vflip': False},
             'type': 'onenip',
             'workers': 4},
 'evaluator': {'eval_dir': '../checkpoints-retraining-1111/onenip-mvtec+btad+visa-4-4-256/result_eval_temp',
               'key_metric': 'mean_pixel_auc',
               'metrics': {'auc': [{'kwargs': {'avgpool_size': [16, 16]},
                                    'name': 'max'},
                                   {'name': 'pixel'}]},
               'save_dir': '../checkpoints-retraining-1111/onenip-mvtec+btad+visa-4-4-256/result_eval_temp',
               'vis_compound': {'max_score': None,
                                'min_score': None,
                                'save_dir': '../checkpoints-retraining-1111/onenip-mvtec+btad+visa-4-4-256/vis_compound'}},
 'exp_path': '../checkpoints-retraining-1111/onenip-mvtec+btad+visa-4-4-256',
 'frozen_layers': ['backbone'],
 'log_path': '../checkpoints-retraining-1111/onenip-mvtec+btad+visa-4-4-256/log',
 'net': [{'frozen': True,
          'kwargs': {'outblocks': [1, 5, 9, 21],
                     'outstrides': [2, 4, 8, 16],
                     'pretrained': True},
          'name': 'backbone',
          'type': 'models.backbones.efficientnet_b4'},
         {'kwargs': {'outplanes': [272], 'outstrides': [16]},
          'name': 'neck',
          'prev': 'backbone',
          'type': 'models.necks.MFCN'},
         {'kwargs': {'activation': 'relu',
                     'dim_feedforward': 1024,
                     'dropout': 0.1,
                     'feature_jitter': {'prob': 1.0, 'scale': 20.0},
                     'feature_size': [16, 16],
                     'hidden_dim': 256,
                     'initializer': {'method': 'xavier_uniform'},
                     'neighbor_mask': {'mask': [True, True, True],
                                       'neighbor_size': [8, 8]},
                     'nhead': 8,
                     'normalize_before': False,
                     'num_decoder_layers': 4.0,
                     'num_encoder_layers': 4.0,
                     'pos_embed_type': 'learned',
                     'save_recon': {'save_dir': '../checkpoints-retraining-1111/onenip-mvtec+btad+visa-4-4-256/result_recon'}},
          'name': 'reconstruction',
          'prev': 'neck',
          'type': 'models.reconstructions.OneNIP'}],
 'port': 11111,
 'random_seed': 133,
 'save_path': '../checkpoints-retraining-1111/onenip-mvtec+btad+visa-4-4-256',
 'saver': {'always_save': False,
           'auto_resume': False,
           'load_path': '../checkpoints-retraining-1111/onenip-mvtec+btad+visa-4-4-256/ckpt.pkl',
           'log_dir': '../checkpoints-retraining-1111/onenip-mvtec+btad+visa-4-4-256/log',
           'save_dir': '../checkpoints-retraining-1111/onenip-mvtec+btad+visa-4-4-256'},
 'trainer': {'clip_max_norm': 0.1,
             'lr_scheduler': {'kwargs': {'gamma': 0.1, 'step_size': 800},
                              'type': 'StepLR'},
             'max_epoch': 1000,
             'optimizer': {'kwargs': {'betas': [0.9, 0.999],
                                      'lr': 0.0001,
                                      'weight_decay': 0.0001},
                           'type': 'AdamW'},
             'print_freq_step': 1,
             'tb_freq_step': 1,
             'val_freq_epoch': 10},
 'version': 'v1.0.0'}
[2024-11-25 20:41:20,300][       utils.py][line: 740][    INFO]  not exist, load from https://github.com/lukemelas/EfficientNet-PyTorch/releases/download/1.0/efficientnet-b4-6ed6700e.pth
[2024-11-25 20:41:20,416][       utils.py][line: 761][    INFO] Loaded ImageNet pretrained efficientnet-b4
[2024-11-25 20:41:24,074][   train_val.py][line: 143][    INFO] layers: ['backbone', 'neck', 'reconstruction']
[2024-11-25 20:41:24,074][   train_val.py][line: 144][    INFO] active layers: ['reconstruction', 'neck']
[2024-11-25 20:41:36,183][custom_dataset.py][line: 175][    INFO] building CustomDataset from: ../data/mvtec+btad+visa/train.json
[2024-11-25 20:41:36,282][custom_dataset.py][line: 175][    INFO] building CustomDataset from: ../data/mvtec+btad+visa/test.json
[2024-11-25 20:41:41,299][   train_val.py][line: 371][    INFO] Test: [1/579]	Time 4.900 (4.900)
[2024-11-25 20:41:41,617][   train_val.py][line: 371][    INFO] Test: [2/579]	Time 0.318 (2.609)
[2024-11-25 20:41:41,924][   train_val.py][line: 371][    INFO] Test: [3/579]	Time 0.307 (1.842)
[2024-11-25 20:41:42,203][   train_val.py][line: 371][    INFO] Test: [4/579]	Time 0.279 (1.451)
[2024-11-25 20:41:42,580][   train_val.py][line: 371][    INFO] Test: [5/579]	Time 0.377 (1.236)
[2024-11-25 20:41:43,023][   train_val.py][line: 371][    INFO] Test: [6/579]	Time 0.443 (1.104)
[2024-11-25 20:41:43,308][   train_val.py][line: 371][    INFO] Test: [7/579]	Time 0.285 (0.987)
[2024-11-25 20:41:43,584][   train_val.py][line: 371][    INFO] Test: [8/579]	Time 0.276 (0.898)
[2024-11-25 20:41:45,125][   train_val.py][line: 371][    INFO] Test: [9/579]	Time 1.541 (0.969)
[2024-11-25 20:41:45,565][   train_val.py][line: 371][    INFO] Test: [10/579]	Time 0.440 (0.917)
[2024-11-25 20:41:45,845][   train_val.py][line: 371][    INFO] Test: [11/579]	Time 0.280 (0.859)
[2024-11-25 20:41:46,188][   train_val.py][line: 371][    INFO] Test: [12/579]	Time 0.343 (0.816)
[2024-11-25 20:41:46,727][   train_val.py][line: 371][    INFO] Test: [13/579]	Time 0.539 (0.794)
[2024-11-25 20:41:47,631][   train_val.py][line: 371][    INFO] Test: [14/579]	Time 0.903 (0.802)
[2024-11-25 20:41:47,929][   train_val.py][line: 371][    INFO] Test: [15/579]	Time 0.299 (0.769)
[2024-11-25 20:41:48,215][   train_val.py][line: 371][    INFO] Test: [16/579]	Time 0.286 (0.738)
[2024-11-25 20:41:48,529][   train_val.py][line: 371][    INFO] Test: [17/579]	Time 0.314 (0.714)
[2024-11-25 20:41:49,429][   train_val.py][line: 371][    INFO] Test: [18/579]	Time 0.900 (0.724)
[2024-11-25 20:41:49,709][   train_val.py][line: 371][    INFO] Test: [19/579]	Time 0.280 (0.701)
[2024-11-25 20:41:49,975][   train_val.py][line: 371][    INFO] Test: [20/579]	Time 0.265 (0.679)
[2024-11-25 20:41:50,260][   train_val.py][line: 371][    INFO] Test: [21/579]	Time 0.285 (0.660)
[2024-11-25 20:41:51,314][   train_val.py][line: 371][    INFO] Test: [22/579]	Time 1.054 (0.678)
[2024-11-25 20:41:51,593][   train_val.py][line: 371][    INFO] Test: [23/579]	Time 0.280 (0.661)
[2024-11-25 20:41:51,880][   train_val.py][line: 371][    INFO] Test: [24/579]	Time 0.287 (0.645)
[2024-11-25 20:41:52,176][   train_val.py][line: 371][    INFO] Test: [25/579]	Time 0.296 (0.631)
[2024-11-25 20:41:53,224][   train_val.py][line: 371][    INFO] Test: [26/579]	Time 1.048 (0.647)
[2024-11-25 20:41:53,496][   train_val.py][line: 371][    INFO] Test: [27/579]	Time 0.273 (0.633)
[2024-11-25 20:41:53,902][   train_val.py][line: 371][    INFO] Test: [28/579]	Time 0.406 (0.625)
[2024-11-25 20:41:54,207][   train_val.py][line: 371][    INFO] Test: [29/579]	Time 0.304 (0.614)
[2024-11-25 20:41:54,565][   train_val.py][line: 371][    INFO] Test: [30/579]	Time 0.358 (0.606)
[2024-11-25 20:41:54,878][   train_val.py][line: 371][    INFO] Test: [31/579]	Time 0.313 (0.596)
[2024-11-25 20:41:55,159][   train_val.py][line: 371][    INFO] Test: [32/579]	Time 0.281 (0.586)
[2024-11-25 20:41:55,477][   train_val.py][line: 371][    INFO] Test: [33/579]	Time 0.318 (0.578)
[2024-11-25 20:41:55,898][   train_val.py][line: 371][    INFO] Test: [34/579]	Time 0.421 (0.573)
[2024-11-25 20:41:56,205][   train_val.py][line: 371][    INFO] Test: [35/579]	Time 0.307 (0.566)
[2024-11-25 20:41:56,498][   train_val.py][line: 371][    INFO] Test: [36/579]	Time 0.293 (0.558)
[2024-11-25 20:41:56,801][   train_val.py][line: 371][    INFO] Test: [37/579]	Time 0.303 (0.551)
[2024-11-25 20:41:57,163][   train_val.py][line: 371][    INFO] Test: [38/579]	Time 0.362 (0.546)
[2024-11-25 20:41:57,450][   train_val.py][line: 371][    INFO] Test: [39/579]	Time 0.286 (0.540)
[2024-11-25 20:41:57,815][   train_val.py][line: 371][    INFO] Test: [40/579]	Time 0.365 (0.535)
[2024-11-25 20:41:58,147][   train_val.py][line: 371][    INFO] Test: [41/579]	Time 0.332 (0.530)
[2024-11-25 20:41:58,594][   train_val.py][line: 371][    INFO] Test: [42/579]	Time 0.446 (0.528)
[2024-11-25 20:41:58,990][   train_val.py][line: 371][    INFO] Test: [43/579]	Time 0.397 (0.525)
[2024-11-25 20:41:59,273][   train_val.py][line: 371][    INFO] Test: [44/579]	Time 0.283 (0.520)
[2024-11-25 20:41:59,553][   train_val.py][line: 371][    INFO] Test: [45/579]	Time 0.280 (0.515)
[2024-11-25 20:41:59,995][   train_val.py][line: 371][    INFO] Test: [46/579]	Time 0.442 (0.513)
[2024-11-25 20:42:00,296][   train_val.py][line: 371][    INFO] Test: [47/579]	Time 0.301 (0.508)
[2024-11-25 20:42:00,577][   train_val.py][line: 371][    INFO] Test: [48/579]	Time 0.281 (0.504)
[2024-11-25 20:42:00,898][   train_val.py][line: 371][    INFO] Test: [49/579]	Time 0.321 (0.500)
[2024-11-25 20:42:01,444][   train_val.py][line: 371][    INFO] Test: [50/579]	Time 0.546 (0.501)
[2024-11-25 20:42:03,463][   train_val.py][line: 371][    INFO] Test: [51/579]	Time 2.019 (0.531)
[2024-11-25 20:42:03,902][   train_val.py][line: 371][    INFO] Test: [52/579]	Time 0.440 (0.529)
[2024-11-25 20:42:04,246][   train_val.py][line: 371][    INFO] Test: [53/579]	Time 0.343 (0.525)
[2024-11-25 20:42:04,563][   train_val.py][line: 371][    INFO] Test: [54/579]	Time 0.317 (0.522)
[2024-11-25 20:42:04,887][   train_val.py][line: 371][    INFO] Test: [55/579]	Time 0.323 (0.518)
[2024-11-25 20:42:05,170][   train_val.py][line: 371][    INFO] Test: [56/579]	Time 0.283 (0.514)
[2024-11-25 20:42:05,491][   train_val.py][line: 371][    INFO] Test: [57/579]	Time 0.322 (0.510)
[2024-11-25 20:42:05,769][   train_val.py][line: 371][    INFO] Test: [58/579]	Time 0.278 (0.506)
[2024-11-25 20:42:06,046][   train_val.py][line: 371][    INFO] Test: [59/579]	Time 0.277 (0.502)
[2024-11-25 20:42:06,326][   train_val.py][line: 371][    INFO] Test: [60/579]	Time 0.280 (0.499)
[2024-11-25 20:42:06,609][   train_val.py][line: 371][    INFO] Test: [61/579]	Time 0.282 (0.495)
[2024-11-25 20:42:06,916][   train_val.py][line: 371][    INFO] Test: [62/579]	Time 0.307 (0.492)
[2024-11-25 20:42:07,208][   train_val.py][line: 371][    INFO] Test: [63/579]	Time 0.292 (0.489)
[2024-11-25 20:42:07,570][   train_val.py][line: 371][    INFO] Test: [64/579]	Time 0.361 (0.487)
[2024-11-25 20:42:07,869][   train_val.py][line: 371][    INFO] Test: [65/579]	Time 0.300 (0.484)
[2024-11-25 20:42:08,158][   train_val.py][line: 371][    INFO] Test: [66/579]	Time 0.288 (0.481)
[2024-11-25 20:42:08,430][   train_val.py][line: 371][    INFO] Test: [67/579]	Time 0.273 (0.478)
[2024-11-25 20:42:08,697][   train_val.py][line: 371][    INFO] Test: [68/579]	Time 0.267 (0.475)
[2024-11-25 20:42:09,018][   train_val.py][line: 371][    INFO] Test: [69/579]	Time 0.321 (0.473)
[2024-11-25 20:42:09,557][   train_val.py][line: 371][    INFO] Test: [70/579]	Time 0.539 (0.474)
[2024-11-25 20:42:09,873][   train_val.py][line: 371][    INFO] Test: [71/579]	Time 0.316 (0.471)
[2024-11-25 20:42:10,194][   train_val.py][line: 371][    INFO] Test: [72/579]	Time 0.321 (0.469)
[2024-11-25 20:42:10,477][   train_val.py][line: 371][    INFO] Test: [73/579]	Time 0.283 (0.467)
[2024-11-25 20:42:11,499][   train_val.py][line: 371][    INFO] Test: [74/579]	Time 1.022 (0.474)
[2024-11-25 20:42:11,864][   train_val.py][line: 371][    INFO] Test: [75/579]	Time 0.365 (0.473)
[2024-11-25 20:42:12,161][   train_val.py][line: 371][    INFO] Test: [76/579]	Time 0.297 (0.471)
[2024-11-25 20:42:12,432][   train_val.py][line: 371][    INFO] Test: [77/579]	Time 0.271 (0.468)
[2024-11-25 20:42:12,706][   train_val.py][line: 371][    INFO] Test: [78/579]	Time 0.274 (0.465)
[2024-11-25 20:42:12,984][   train_val.py][line: 371][    INFO] Test: [79/579]	Time 0.278 (0.463)
[2024-11-25 20:42:13,264][   train_val.py][line: 371][    INFO] Test: [80/579]	Time 0.280 (0.461)
[2024-11-25 20:42:13,545][   train_val.py][line: 371][    INFO] Test: [81/579]	Time 0.281 (0.459)
[2024-11-25 20:42:13,845][   train_val.py][line: 371][    INFO] Test: [82/579]	Time 0.300 (0.457)
[2024-11-25 20:42:14,133][   train_val.py][line: 371][    INFO] Test: [83/579]	Time 0.287 (0.455)
[2024-11-25 20:42:14,749][   train_val.py][line: 371][    INFO] Test: [84/579]	Time 0.617 (0.457)
[2024-11-25 20:42:15,019][   train_val.py][line: 371][    INFO] Test: [85/579]	Time 0.270 (0.454)
[2024-11-25 20:42:15,321][   train_val.py][line: 371][    INFO] Test: [86/579]	Time 0.302 (0.453)
[2024-11-25 20:42:15,614][   train_val.py][line: 371][    INFO] Test: [87/579]	Time 0.293 (0.451)
[2024-11-25 20:42:15,934][   train_val.py][line: 371][    INFO] Test: [88/579]	Time 0.320 (0.449)
[2024-11-25 20:42:16,215][   train_val.py][line: 371][    INFO] Test: [89/579]	Time 0.281 (0.447)
[2024-11-25 20:42:16,536][   train_val.py][line: 371][    INFO] Test: [90/579]	Time 0.321 (0.446)
[2024-11-25 20:42:16,836][   train_val.py][line: 371][    INFO] Test: [91/579]	Time 0.300 (0.444)
[2024-11-25 20:42:17,138][   train_val.py][line: 371][    INFO] Test: [92/579]	Time 0.302 (0.443)
[2024-11-25 20:42:17,418][   train_val.py][line: 371][    INFO] Test: [93/579]	Time 0.280 (0.441)
[2024-11-25 20:42:17,698][   train_val.py][line: 371][    INFO] Test: [94/579]	Time 0.280 (0.439)
[2024-11-25 20:42:17,968][   train_val.py][line: 371][    INFO] Test: [95/579]	Time 0.270 (0.438)
[2024-11-25 20:42:18,290][   train_val.py][line: 371][    INFO] Test: [96/579]	Time 0.321 (0.436)
[2024-11-25 20:42:18,604][   train_val.py][line: 371][    INFO] Test: [97/579]	Time 0.316 (0.435)
[2024-11-25 20:42:18,933][   train_val.py][line: 371][    INFO] Test: [98/579]	Time 0.329 (0.434)
[2024-11-25 20:42:19,229][   train_val.py][line: 371][    INFO] Test: [99/579]	Time 0.295 (0.433)
[2024-11-25 20:42:19,530][   train_val.py][line: 371][    INFO] Test: [100/579]	Time 0.302 (0.431)
[2024-11-25 20:42:19,957][   train_val.py][line: 371][    INFO] Test: [101/579]	Time 0.427 (0.431)
[2024-11-25 20:42:20,298][   train_val.py][line: 371][    INFO] Test: [102/579]	Time 0.341 (0.430)
[2024-11-25 20:42:20,600][   train_val.py][line: 371][    INFO] Test: [103/579]	Time 0.302 (0.429)
[2024-11-25 20:42:20,887][   train_val.py][line: 371][    INFO] Test: [104/579]	Time 0.286 (0.428)
[2024-11-25 20:42:21,201][   train_val.py][line: 371][    INFO] Test: [105/579]	Time 0.315 (0.427)
[2024-11-25 20:42:21,543][   train_val.py][line: 371][    INFO] Test: [106/579]	Time 0.342 (0.426)
[2024-11-25 20:42:21,831][   train_val.py][line: 371][    INFO] Test: [107/579]	Time 0.287 (0.425)
[2024-11-25 20:42:22,150][   train_val.py][line: 371][    INFO] Test: [108/579]	Time 0.320 (0.424)
[2024-11-25 20:42:22,432][   train_val.py][line: 371][    INFO] Test: [109/579]	Time 0.282 (0.422)
[2024-11-25 20:42:22,715][   train_val.py][line: 371][    INFO] Test: [110/579]	Time 0.283 (0.421)
[2024-11-25 20:42:23,005][   train_val.py][line: 371][    INFO] Test: [111/579]	Time 0.289 (0.420)
[2024-11-25 20:42:23,295][   train_val.py][line: 371][    INFO] Test: [112/579]	Time 0.291 (0.419)
[2024-11-25 20:42:23,565][   train_val.py][line: 371][    INFO] Test: [113/579]	Time 0.270 (0.417)
[2024-11-25 20:42:23,859][   train_val.py][line: 371][    INFO] Test: [114/579]	Time 0.294 (0.416)
[2024-11-25 20:42:24,161][   train_val.py][line: 371][    INFO] Test: [115/579]	Time 0.302 (0.415)
[2024-11-25 20:42:24,437][   train_val.py][line: 371][    INFO] Test: [116/579]	Time 0.276 (0.414)
[2024-11-25 20:42:24,703][   train_val.py][line: 371][    INFO] Test: [117/579]	Time 0.266 (0.413)
[2024-11-25 20:42:24,985][   train_val.py][line: 371][    INFO] Test: [118/579]	Time 0.281 (0.412)
[2024-11-25 20:42:25,261][   train_val.py][line: 371][    INFO] Test: [119/579]	Time 0.276 (0.411)
[2024-11-25 20:42:25,539][   train_val.py][line: 371][    INFO] Test: [120/579]	Time 0.278 (0.409)
[2024-11-25 20:42:25,809][   train_val.py][line: 371][    INFO] Test: [121/579]	Time 0.270 (0.408)
[2024-11-25 20:42:26,101][   train_val.py][line: 371][    INFO] Test: [122/579]	Time 0.292 (0.407)
[2024-11-25 20:42:26,383][   train_val.py][line: 371][    INFO] Test: [123/579]	Time 0.282 (0.406)
[2024-11-25 20:42:26,663][   train_val.py][line: 371][    INFO] Test: [124/579]	Time 0.280 (0.405)
[2024-11-25 20:42:26,948][   train_val.py][line: 371][    INFO] Test: [125/579]	Time 0.285 (0.404)
[2024-11-25 20:42:27,329][   train_val.py][line: 371][    INFO] Test: [126/579]	Time 0.381 (0.404)
[2024-11-25 20:42:27,615][   train_val.py][line: 371][    INFO] Test: [127/579]	Time 0.286 (0.403)
[2024-11-25 20:42:27,897][   train_val.py][line: 371][    INFO] Test: [128/579]	Time 0.282 (0.402)
[2024-11-25 20:42:28,213][   train_val.py][line: 371][    INFO] Test: [129/579]	Time 0.316 (0.402)
[2024-11-25 20:42:28,489][   train_val.py][line: 371][    INFO] Test: [130/579]	Time 0.277 (0.401)
[2024-11-25 20:42:28,779][   train_val.py][line: 371][    INFO] Test: [131/579]	Time 0.289 (0.400)
[2024-11-25 20:42:29,055][   train_val.py][line: 371][    INFO] Test: [132/579]	Time 0.276 (0.399)
[2024-11-25 20:42:29,351][   train_val.py][line: 371][    INFO] Test: [133/579]	Time 0.297 (0.398)
[2024-11-25 20:42:29,632][   train_val.py][line: 371][    INFO] Test: [134/579]	Time 0.281 (0.397)
[2024-11-25 20:42:29,901][   train_val.py][line: 371][    INFO] Test: [135/579]	Time 0.269 (0.396)
[2024-11-25 20:42:30,192][   train_val.py][line: 371][    INFO] Test: [136/579]	Time 0.291 (0.396)
[2024-11-25 20:42:30,474][   train_val.py][line: 371][    INFO] Test: [137/579]	Time 0.282 (0.395)
[2024-11-25 20:42:30,737][   train_val.py][line: 371][    INFO] Test: [138/579]	Time 0.263 (0.394)
[2024-11-25 20:42:31,019][   train_val.py][line: 371][    INFO] Test: [139/579]	Time 0.281 (0.393)
[2024-11-25 20:42:31,297][   train_val.py][line: 371][    INFO] Test: [140/579]	Time 0.279 (0.392)
[2024-11-25 20:42:31,578][   train_val.py][line: 371][    INFO] Test: [141/579]	Time 0.281 (0.391)
[2024-11-25 20:42:31,858][   train_val.py][line: 371][    INFO] Test: [142/579]	Time 0.280 (0.391)
[2024-11-25 20:42:32,136][   train_val.py][line: 371][    INFO] Test: [143/579]	Time 0.278 (0.390)
[2024-11-25 20:42:32,417][   train_val.py][line: 371][    INFO] Test: [144/579]	Time 0.280 (0.389)
[2024-11-25 20:42:33,164][   train_val.py][line: 371][    INFO] Test: [145/579]	Time 0.747 (0.391)
[2024-11-25 20:42:33,458][   train_val.py][line: 371][    INFO] Test: [146/579]	Time 0.294 (0.391)
[2024-11-25 20:42:33,726][   train_val.py][line: 371][    INFO] Test: [147/579]	Time 0.268 (0.390)
[2024-11-25 20:42:34,002][   train_val.py][line: 371][    INFO] Test: [148/579]	Time 0.275 (0.389)
[2024-11-25 20:42:34,304][   train_val.py][line: 371][    INFO] Test: [149/579]	Time 0.302 (0.389)
[2024-11-25 20:42:34,582][   train_val.py][line: 371][    INFO] Test: [150/579]	Time 0.278 (0.388)
[2024-11-25 20:42:34,884][   train_val.py][line: 371][    INFO] Test: [151/579]	Time 0.302 (0.387)
[2024-11-25 20:42:35,164][   train_val.py][line: 371][    INFO] Test: [152/579]	Time 0.280 (0.387)
[2024-11-25 20:42:35,473][   train_val.py][line: 371][    INFO] Test: [153/579]	Time 0.308 (0.386)
[2024-11-25 20:42:35,750][   train_val.py][line: 371][    INFO] Test: [154/579]	Time 0.277 (0.385)
[2024-11-25 20:42:36,035][   train_val.py][line: 371][    INFO] Test: [155/579]	Time 0.286 (0.385)
[2024-11-25 20:42:36,314][   train_val.py][line: 371][    INFO] Test: [156/579]	Time 0.279 (0.384)
[2024-11-25 20:42:36,610][   train_val.py][line: 371][    INFO] Test: [157/579]	Time 0.296 (0.384)
[2024-11-25 20:42:36,894][   train_val.py][line: 371][    INFO] Test: [158/579]	Time 0.283 (0.383)
[2024-11-25 20:42:37,169][   train_val.py][line: 371][    INFO] Test: [159/579]	Time 0.276 (0.382)
[2024-11-25 20:42:37,450][   train_val.py][line: 371][    INFO] Test: [160/579]	Time 0.281 (0.382)
[2024-11-25 20:42:37,736][   train_val.py][line: 371][    INFO] Test: [161/579]	Time 0.285 (0.381)
[2024-11-25 20:42:38,030][   train_val.py][line: 371][    INFO] Test: [162/579]	Time 0.295 (0.380)
[2024-11-25 20:42:38,310][   train_val.py][line: 371][    INFO] Test: [163/579]	Time 0.280 (0.380)
[2024-11-25 20:42:38,610][   train_val.py][line: 371][    INFO] Test: [164/579]	Time 0.300 (0.379)
[2024-11-25 20:42:38,930][   train_val.py][line: 371][    INFO] Test: [165/579]	Time 0.320 (0.379)
[2024-11-25 20:42:39,214][   train_val.py][line: 371][    INFO] Test: [166/579]	Time 0.283 (0.378)
[2024-11-25 20:42:39,510][   train_val.py][line: 371][    INFO] Test: [167/579]	Time 0.297 (0.378)
[2024-11-25 20:42:39,792][   train_val.py][line: 371][    INFO] Test: [168/579]	Time 0.282 (0.377)
[2024-11-25 20:42:40,072][   train_val.py][line: 371][    INFO] Test: [169/579]	Time 0.280 (0.377)
[2024-11-25 20:42:40,336][   train_val.py][line: 371][    INFO] Test: [170/579]	Time 0.263 (0.376)
[2024-11-25 20:42:40,614][   train_val.py][line: 371][    INFO] Test: [171/579]	Time 0.278 (0.376)
[2024-11-25 20:42:40,873][   train_val.py][line: 371][    INFO] Test: [172/579]	Time 0.260 (0.375)
[2024-11-25 20:42:41,135][   train_val.py][line: 371][    INFO] Test: [173/579]	Time 0.262 (0.374)
[2024-11-25 20:42:41,419][   train_val.py][line: 371][    INFO] Test: [174/579]	Time 0.284 (0.374)
[2024-11-25 20:42:41,775][   train_val.py][line: 371][    INFO] Test: [175/579]	Time 0.356 (0.374)
[2024-11-25 20:42:42,056][   train_val.py][line: 371][    INFO] Test: [176/579]	Time 0.281 (0.373)
[2024-11-25 20:42:42,338][   train_val.py][line: 371][    INFO] Test: [177/579]	Time 0.282 (0.373)
[2024-11-25 20:42:42,620][   train_val.py][line: 371][    INFO] Test: [178/579]	Time 0.282 (0.372)
[2024-11-25 20:42:42,982][   train_val.py][line: 371][    INFO] Test: [179/579]	Time 0.362 (0.372)
[2024-11-25 20:42:43,281][   train_val.py][line: 371][    INFO] Test: [180/579]	Time 0.299 (0.372)
[2024-11-25 20:42:43,566][   train_val.py][line: 371][    INFO] Test: [181/579]	Time 0.285 (0.371)
[2024-11-25 20:42:43,846][   train_val.py][line: 371][    INFO] Test: [182/579]	Time 0.279 (0.371)
[2024-11-25 20:42:44,225][   train_val.py][line: 371][    INFO] Test: [183/579]	Time 0.379 (0.371)
[2024-11-25 20:42:44,489][   train_val.py][line: 371][    INFO] Test: [184/579]	Time 0.264 (0.370)
[2024-11-25 20:42:44,776][   train_val.py][line: 371][    INFO] Test: [185/579]	Time 0.287 (0.370)
[2024-11-25 20:42:45,068][   train_val.py][line: 371][    INFO] Test: [186/579]	Time 0.293 (0.369)
[2024-11-25 20:42:45,349][   train_val.py][line: 371][    INFO] Test: [187/579]	Time 0.281 (0.369)
[2024-11-25 20:42:45,632][   train_val.py][line: 371][    INFO] Test: [188/579]	Time 0.283 (0.368)
[2024-11-25 20:42:45,913][   train_val.py][line: 371][    INFO] Test: [189/579]	Time 0.280 (0.368)
[2024-11-25 20:42:46,193][   train_val.py][line: 371][    INFO] Test: [190/579]	Time 0.280 (0.367)
[2024-11-25 20:42:46,501][   train_val.py][line: 371][    INFO] Test: [191/579]	Time 0.308 (0.367)
[2024-11-25 20:42:46,793][   train_val.py][line: 371][    INFO] Test: [192/579]	Time 0.293 (0.367)
[2024-11-25 20:42:47,078][   train_val.py][line: 371][    INFO] Test: [193/579]	Time 0.285 (0.366)
[2024-11-25 20:42:47,355][   train_val.py][line: 371][    INFO] Test: [194/579]	Time 0.277 (0.366)
[2024-11-25 20:42:47,636][   train_val.py][line: 371][    INFO] Test: [195/579]	Time 0.281 (0.365)
[2024-11-25 20:42:47,902][   train_val.py][line: 371][    INFO] Test: [196/579]	Time 0.266 (0.365)
[2024-11-25 20:42:48,190][   train_val.py][line: 371][    INFO] Test: [197/579]	Time 0.288 (0.364)
[2024-11-25 20:42:48,502][   train_val.py][line: 371][    INFO] Test: [198/579]	Time 0.312 (0.364)
[2024-11-25 20:42:48,787][   train_val.py][line: 371][    INFO] Test: [199/579]	Time 0.284 (0.364)
[2024-11-25 20:42:49,083][   train_val.py][line: 371][    INFO] Test: [200/579]	Time 0.296 (0.363)
[2024-11-25 20:42:49,352][   train_val.py][line: 371][    INFO] Test: [201/579]	Time 0.269 (0.363)
[2024-11-25 20:42:49,654][   train_val.py][line: 371][    INFO] Test: [202/579]	Time 0.301 (0.363)
[2024-11-25 20:42:49,926][   train_val.py][line: 371][    INFO] Test: [203/579]	Time 0.273 (0.362)
[2024-11-25 20:42:50,212][   train_val.py][line: 371][    INFO] Test: [204/579]	Time 0.286 (0.362)
[2024-11-25 20:42:50,506][   train_val.py][line: 371][    INFO] Test: [205/579]	Time 0.294 (0.361)
[2024-11-25 20:42:50,788][   train_val.py][line: 371][    INFO] Test: [206/579]	Time 0.282 (0.361)
[2024-11-25 20:42:51,052][   train_val.py][line: 371][    INFO] Test: [207/579]	Time 0.264 (0.361)
[2024-11-25 20:42:51,334][   train_val.py][line: 371][    INFO] Test: [208/579]	Time 0.281 (0.360)
[2024-11-25 20:42:51,608][   train_val.py][line: 371][    INFO] Test: [209/579]	Time 0.275 (0.360)
[2024-11-25 20:42:51,890][   train_val.py][line: 371][    INFO] Test: [210/579]	Time 0.282 (0.359)
[2024-11-25 20:42:52,171][   train_val.py][line: 371][    INFO] Test: [211/579]	Time 0.281 (0.359)
[2024-11-25 20:42:52,452][   train_val.py][line: 371][    INFO] Test: [212/579]	Time 0.281 (0.359)
[2024-11-25 20:42:52,734][   train_val.py][line: 371][    INFO] Test: [213/579]	Time 0.282 (0.358)
[2024-11-25 20:42:53,015][   train_val.py][line: 371][    INFO] Test: [214/579]	Time 0.281 (0.358)
[2024-11-25 20:42:53,295][   train_val.py][line: 371][    INFO] Test: [215/579]	Time 0.280 (0.358)
[2024-11-25 20:42:53,566][   train_val.py][line: 371][    INFO] Test: [216/579]	Time 0.271 (0.357)
[2024-11-25 20:42:53,857][   train_val.py][line: 371][    INFO] Test: [217/579]	Time 0.291 (0.357)
[2024-11-25 20:42:54,138][   train_val.py][line: 371][    INFO] Test: [218/579]	Time 0.281 (0.357)
[2024-11-25 20:42:54,405][   train_val.py][line: 371][    INFO] Test: [219/579]	Time 0.266 (0.356)
[2024-11-25 20:42:54,699][   train_val.py][line: 371][    INFO] Test: [220/579]	Time 0.295 (0.356)
[2024-11-25 20:42:54,980][   train_val.py][line: 371][    INFO] Test: [221/579]	Time 0.281 (0.356)
[2024-11-25 20:42:55,261][   train_val.py][line: 371][    INFO] Test: [222/579]	Time 0.280 (0.355)
[2024-11-25 20:42:55,530][   train_val.py][line: 371][    INFO] Test: [223/579]	Time 0.269 (0.355)
[2024-11-25 20:42:55,822][   train_val.py][line: 371][    INFO] Test: [224/579]	Time 0.293 (0.355)
[2024-11-25 20:42:56,111][   train_val.py][line: 371][    INFO] Test: [225/579]	Time 0.289 (0.354)
[2024-11-25 20:42:56,402][   train_val.py][line: 371][    INFO] Test: [226/579]	Time 0.291 (0.354)
[2024-11-25 20:42:56,683][   train_val.py][line: 371][    INFO] Test: [227/579]	Time 0.280 (0.354)
[2024-11-25 20:42:56,971][   train_val.py][line: 371][    INFO] Test: [228/579]	Time 0.288 (0.353)
[2024-11-25 20:42:57,247][   train_val.py][line: 371][    INFO] Test: [229/579]	Time 0.276 (0.353)
[2024-11-25 20:42:57,527][   train_val.py][line: 371][    INFO] Test: [230/579]	Time 0.281 (0.353)
[2024-11-25 20:42:57,797][   train_val.py][line: 371][    INFO] Test: [231/579]	Time 0.269 (0.352)
[2024-11-25 20:42:58,077][   train_val.py][line: 371][    INFO] Test: [232/579]	Time 0.280 (0.352)
[2024-11-25 20:42:58,355][   train_val.py][line: 371][    INFO] Test: [233/579]	Time 0.278 (0.352)
[2024-11-25 20:42:58,632][   train_val.py][line: 371][    INFO] Test: [234/579]	Time 0.277 (0.351)
[2024-11-25 20:42:58,933][   train_val.py][line: 371][    INFO] Test: [235/579]	Time 0.301 (0.351)
[2024-11-25 20:42:59,214][   train_val.py][line: 371][    INFO] Test: [236/579]	Time 0.282 (0.351)
[2024-11-25 20:42:59,490][   train_val.py][line: 371][    INFO] Test: [237/579]	Time 0.276 (0.351)
[2024-11-25 20:42:59,754][   train_val.py][line: 371][    INFO] Test: [238/579]	Time 0.264 (0.350)
[2024-11-25 20:43:00,035][   train_val.py][line: 371][    INFO] Test: [239/579]	Time 0.281 (0.350)
[2024-11-25 20:43:00,314][   train_val.py][line: 371][    INFO] Test: [240/579]	Time 0.279 (0.350)
[2024-11-25 20:43:00,613][   train_val.py][line: 371][    INFO] Test: [241/579]	Time 0.300 (0.349)
[2024-11-25 20:43:00,893][   train_val.py][line: 371][    INFO] Test: [242/579]	Time 0.280 (0.349)
[2024-11-25 20:43:01,194][   train_val.py][line: 371][    INFO] Test: [243/579]	Time 0.301 (0.349)
[2024-11-25 20:43:01,557][   train_val.py][line: 371][    INFO] Test: [244/579]	Time 0.363 (0.349)
[2024-11-25 20:43:01,846][   train_val.py][line: 371][    INFO] Test: [245/579]	Time 0.289 (0.349)
[2024-11-25 20:43:03,592][   train_val.py][line: 371][    INFO] Test: [246/579]	Time 1.746 (0.354)
[2024-11-25 20:43:03,963][   train_val.py][line: 371][    INFO] Test: [247/579]	Time 0.372 (0.355)
[2024-11-25 20:43:04,330][   train_val.py][line: 371][    INFO] Test: [248/579]	Time 0.366 (0.355)
[2024-11-25 20:43:04,647][   train_val.py][line: 371][    INFO] Test: [249/579]	Time 0.317 (0.354)
[2024-11-25 20:43:04,934][   train_val.py][line: 371][    INFO] Test: [250/579]	Time 0.288 (0.354)
[2024-11-25 20:43:05,236][   train_val.py][line: 371][    INFO] Test: [251/579]	Time 0.302 (0.354)
[2024-11-25 20:43:05,534][   train_val.py][line: 371][    INFO] Test: [252/579]	Time 0.297 (0.354)
[2024-11-25 20:43:05,812][   train_val.py][line: 371][    INFO] Test: [253/579]	Time 0.278 (0.353)
[2024-11-25 20:43:06,089][   train_val.py][line: 371][    INFO] Test: [254/579]	Time 0.278 (0.353)
[2024-11-25 20:43:06,389][   train_val.py][line: 371][    INFO] Test: [255/579]	Time 0.300 (0.353)
[2024-11-25 20:43:06,669][   train_val.py][line: 371][    INFO] Test: [256/579]	Time 0.280 (0.353)
[2024-11-25 20:43:06,956][   train_val.py][line: 371][    INFO] Test: [257/579]	Time 0.287 (0.352)
[2024-11-25 20:43:07,229][   train_val.py][line: 371][    INFO] Test: [258/579]	Time 0.273 (0.352)
[2024-11-25 20:43:07,513][   train_val.py][line: 371][    INFO] Test: [259/579]	Time 0.284 (0.352)
[2024-11-25 20:43:07,810][   train_val.py][line: 371][    INFO] Test: [260/579]	Time 0.297 (0.352)
[2024-11-25 20:43:08,079][   train_val.py][line: 371][    INFO] Test: [261/579]	Time 0.268 (0.351)
[2024-11-25 20:43:08,357][   train_val.py][line: 371][    INFO] Test: [262/579]	Time 0.279 (0.351)
[2024-11-25 20:43:08,654][   train_val.py][line: 371][    INFO] Test: [263/579]	Time 0.297 (0.351)
[2024-11-25 20:43:08,955][   train_val.py][line: 371][    INFO] Test: [264/579]	Time 0.301 (0.351)
[2024-11-25 20:43:09,221][   train_val.py][line: 371][    INFO] Test: [265/579]	Time 0.265 (0.350)
[2024-11-25 20:43:09,497][   train_val.py][line: 371][    INFO] Test: [266/579]	Time 0.277 (0.350)
[2024-11-25 20:43:09,778][   train_val.py][line: 371][    INFO] Test: [267/579]	Time 0.281 (0.350)
[2024-11-25 20:43:10,045][   train_val.py][line: 371][    INFO] Test: [268/579]	Time 0.266 (0.349)
[2024-11-25 20:43:10,322][   train_val.py][line: 371][    INFO] Test: [269/579]	Time 0.278 (0.349)
[2024-11-25 20:43:10,602][   train_val.py][line: 371][    INFO] Test: [270/579]	Time 0.280 (0.349)
[2024-11-25 20:43:10,865][   train_val.py][line: 371][    INFO] Test: [271/579]	Time 0.263 (0.349)
[2024-11-25 20:43:11,144][   train_val.py][line: 371][    INFO] Test: [272/579]	Time 0.279 (0.348)
[2024-11-25 20:43:11,443][   train_val.py][line: 371][    INFO] Test: [273/579]	Time 0.299 (0.348)
[2024-11-25 20:43:11,743][   train_val.py][line: 371][    INFO] Test: [274/579]	Time 0.300 (0.348)
[2024-11-25 20:43:12,011][   train_val.py][line: 371][    INFO] Test: [275/579]	Time 0.267 (0.348)
[2024-11-25 20:43:12,287][   train_val.py][line: 371][    INFO] Test: [276/579]	Time 0.276 (0.347)
[2024-11-25 20:43:12,566][   train_val.py][line: 371][    INFO] Test: [277/579]	Time 0.279 (0.347)
[2024-11-25 20:43:12,836][   train_val.py][line: 371][    INFO] Test: [278/579]	Time 0.270 (0.347)
[2024-11-25 20:43:13,151][   train_val.py][line: 371][    INFO] Test: [279/579]	Time 0.315 (0.347)
[2024-11-25 20:43:13,432][   train_val.py][line: 371][    INFO] Test: [280/579]	Time 0.281 (0.347)
[2024-11-25 20:43:13,733][   train_val.py][line: 371][    INFO] Test: [281/579]	Time 0.301 (0.346)
[2024-11-25 20:43:14,020][   train_val.py][line: 371][    INFO] Test: [282/579]	Time 0.287 (0.346)
[2024-11-25 20:43:14,301][   train_val.py][line: 371][    INFO] Test: [283/579]	Time 0.281 (0.346)
[2024-11-25 20:43:14,593][   train_val.py][line: 371][    INFO] Test: [284/579]	Time 0.292 (0.346)
[2024-11-25 20:43:14,863][   train_val.py][line: 371][    INFO] Test: [285/579]	Time 0.269 (0.345)
[2024-11-25 20:43:15,144][   train_val.py][line: 371][    INFO] Test: [286/579]	Time 0.281 (0.345)
[2024-11-25 20:43:15,421][   train_val.py][line: 371][    INFO] Test: [287/579]	Time 0.277 (0.345)
[2024-11-25 20:43:15,719][   train_val.py][line: 371][    INFO] Test: [288/579]	Time 0.299 (0.345)
[2024-11-25 20:43:15,984][   train_val.py][line: 371][    INFO] Test: [289/579]	Time 0.264 (0.345)
[2024-11-25 20:43:16,280][   train_val.py][line: 371][    INFO] Test: [290/579]	Time 0.297 (0.344)
[2024-11-25 20:43:16,544][   train_val.py][line: 371][    INFO] Test: [291/579]	Time 0.264 (0.344)
[2024-11-25 20:43:16,820][   train_val.py][line: 371][    INFO] Test: [292/579]	Time 0.276 (0.344)
[2024-11-25 20:43:17,103][   train_val.py][line: 371][    INFO] Test: [293/579]	Time 0.282 (0.344)
[2024-11-25 20:43:17,380][   train_val.py][line: 371][    INFO] Test: [294/579]	Time 0.278 (0.343)
[2024-11-25 20:43:17,661][   train_val.py][line: 371][    INFO] Test: [295/579]	Time 0.281 (0.343)
[2024-11-25 20:43:17,942][   train_val.py][line: 371][    INFO] Test: [296/579]	Time 0.281 (0.343)
[2024-11-25 20:43:18,223][   train_val.py][line: 371][    INFO] Test: [297/579]	Time 0.281 (0.343)
[2024-11-25 20:43:18,506][   train_val.py][line: 371][    INFO] Test: [298/579]	Time 0.283 (0.343)
[2024-11-25 20:43:18,795][   train_val.py][line: 371][    INFO] Test: [299/579]	Time 0.288 (0.342)
[2024-11-25 20:43:19,087][   train_val.py][line: 371][    INFO] Test: [300/579]	Time 0.293 (0.342)
[2024-11-25 20:43:19,370][   train_val.py][line: 371][    INFO] Test: [301/579]	Time 0.283 (0.342)
[2024-11-25 20:43:19,651][   train_val.py][line: 371][    INFO] Test: [302/579]	Time 0.280 (0.342)
[2024-11-25 20:43:19,930][   train_val.py][line: 371][    INFO] Test: [303/579]	Time 0.280 (0.342)
[2024-11-25 20:43:20,210][   train_val.py][line: 371][    INFO] Test: [304/579]	Time 0.280 (0.341)
[2024-11-25 20:43:20,474][   train_val.py][line: 371][    INFO] Test: [305/579]	Time 0.264 (0.341)
[2024-11-25 20:43:20,774][   train_val.py][line: 371][    INFO] Test: [306/579]	Time 0.300 (0.341)
[2024-11-25 20:43:21,056][   train_val.py][line: 371][    INFO] Test: [307/579]	Time 0.281 (0.341)
[2024-11-25 20:43:21,335][   train_val.py][line: 371][    INFO] Test: [308/579]	Time 0.280 (0.341)
[2024-11-25 20:43:21,615][   train_val.py][line: 371][    INFO] Test: [309/579]	Time 0.280 (0.341)
[2024-11-25 20:43:21,881][   train_val.py][line: 371][    INFO] Test: [310/579]	Time 0.265 (0.340)
[2024-11-25 20:43:22,155][   train_val.py][line: 371][    INFO] Test: [311/579]	Time 0.275 (0.340)
[2024-11-25 20:43:22,439][   train_val.py][line: 371][    INFO] Test: [312/579]	Time 0.283 (0.340)
[2024-11-25 20:43:22,716][   train_val.py][line: 371][    INFO] Test: [313/579]	Time 0.278 (0.340)
[2024-11-25 20:43:22,996][   train_val.py][line: 371][    INFO] Test: [314/579]	Time 0.280 (0.339)
[2024-11-25 20:43:23,276][   train_val.py][line: 371][    INFO] Test: [315/579]	Time 0.280 (0.339)
[2024-11-25 20:43:23,558][   train_val.py][line: 371][    INFO] Test: [316/579]	Time 0.282 (0.339)
[2024-11-25 20:43:23,839][   train_val.py][line: 371][    INFO] Test: [317/579]	Time 0.281 (0.339)
[2024-11-25 20:43:24,104][   train_val.py][line: 371][    INFO] Test: [318/579]	Time 0.264 (0.339)
[2024-11-25 20:43:24,512][   train_val.py][line: 371][    INFO] Test: [319/579]	Time 0.408 (0.339)
[2024-11-25 20:43:24,786][   train_val.py][line: 371][    INFO] Test: [320/579]	Time 0.275 (0.339)
[2024-11-25 20:43:25,071][   train_val.py][line: 371][    INFO] Test: [321/579]	Time 0.285 (0.339)
[2024-11-25 20:43:25,364][   train_val.py][line: 371][    INFO] Test: [322/579]	Time 0.293 (0.338)
[2024-11-25 20:43:25,633][   train_val.py][line: 371][    INFO] Test: [323/579]	Time 0.269 (0.338)
[2024-11-25 20:43:25,925][   train_val.py][line: 371][    INFO] Test: [324/579]	Time 0.292 (0.338)
[2024-11-25 20:43:26,192][   train_val.py][line: 371][    INFO] Test: [325/579]	Time 0.267 (0.338)
[2024-11-25 20:43:26,469][   train_val.py][line: 371][    INFO] Test: [326/579]	Time 0.277 (0.338)
[2024-11-25 20:43:26,738][   train_val.py][line: 371][    INFO] Test: [327/579]	Time 0.269 (0.337)
[2024-11-25 20:43:27,013][   train_val.py][line: 371][    INFO] Test: [328/579]	Time 0.274 (0.337)
[2024-11-25 20:43:27,290][   train_val.py][line: 371][    INFO] Test: [329/579]	Time 0.278 (0.337)
[2024-11-25 20:43:27,554][   train_val.py][line: 371][    INFO] Test: [330/579]	Time 0.264 (0.337)
[2024-11-25 20:43:27,833][   train_val.py][line: 371][    INFO] Test: [331/579]	Time 0.279 (0.337)
[2024-11-25 20:43:28,132][   train_val.py][line: 371][    INFO] Test: [332/579]	Time 0.299 (0.337)
[2024-11-25 20:43:28,399][   train_val.py][line: 371][    INFO] Test: [333/579]	Time 0.266 (0.336)
[2024-11-25 20:43:28,681][   train_val.py][line: 371][    INFO] Test: [334/579]	Time 0.282 (0.336)
[2024-11-25 20:43:28,976][   train_val.py][line: 371][    INFO] Test: [335/579]	Time 0.296 (0.336)
[2024-11-25 20:43:29,257][   train_val.py][line: 371][    INFO] Test: [336/579]	Time 0.281 (0.336)
[2024-11-25 20:43:29,538][   train_val.py][line: 371][    INFO] Test: [337/579]	Time 0.281 (0.336)
[2024-11-25 20:43:29,809][   train_val.py][line: 371][    INFO] Test: [338/579]	Time 0.271 (0.336)
[2024-11-25 20:43:30,101][   train_val.py][line: 371][    INFO] Test: [339/579]	Time 0.292 (0.335)
[2024-11-25 20:43:30,383][   train_val.py][line: 371][    INFO] Test: [340/579]	Time 0.282 (0.335)
[2024-11-25 20:43:30,646][   train_val.py][line: 371][    INFO] Test: [341/579]	Time 0.263 (0.335)
[2024-11-25 20:43:30,925][   train_val.py][line: 371][    INFO] Test: [342/579]	Time 0.279 (0.335)
[2024-11-25 20:43:31,213][   train_val.py][line: 371][    INFO] Test: [343/579]	Time 0.288 (0.335)
[2024-11-25 20:43:31,490][   train_val.py][line: 371][    INFO] Test: [344/579]	Time 0.277 (0.335)
[2024-11-25 20:43:31,767][   train_val.py][line: 371][    INFO] Test: [345/579]	Time 0.277 (0.334)
[2024-11-25 20:43:32,047][   train_val.py][line: 371][    INFO] Test: [346/579]	Time 0.281 (0.334)
[2024-11-25 20:43:32,318][   train_val.py][line: 371][    INFO] Test: [347/579]	Time 0.270 (0.334)
[2024-11-25 20:43:32,592][   train_val.py][line: 371][    INFO] Test: [348/579]	Time 0.274 (0.334)
[2024-11-25 20:43:32,869][   train_val.py][line: 371][    INFO] Test: [349/579]	Time 0.278 (0.334)
[2024-11-25 20:43:33,170][   train_val.py][line: 371][    INFO] Test: [350/579]	Time 0.301 (0.334)
[2024-11-25 20:43:33,452][   train_val.py][line: 371][    INFO] Test: [351/579]	Time 0.281 (0.333)
[2024-11-25 20:43:33,730][   train_val.py][line: 371][    INFO] Test: [352/579]	Time 0.279 (0.333)
[2024-11-25 20:43:33,997][   train_val.py][line: 371][    INFO] Test: [353/579]	Time 0.267 (0.333)
[2024-11-25 20:43:34,280][   train_val.py][line: 371][    INFO] Test: [354/579]	Time 0.282 (0.333)
[2024-11-25 20:43:34,576][   train_val.py][line: 371][    INFO] Test: [355/579]	Time 0.297 (0.333)
[2024-11-25 20:43:34,842][   train_val.py][line: 371][    INFO] Test: [356/579]	Time 0.266 (0.333)
[2024-11-25 20:43:35,137][   train_val.py][line: 371][    INFO] Test: [357/579]	Time 0.295 (0.333)
[2024-11-25 20:43:35,426][   train_val.py][line: 371][    INFO] Test: [358/579]	Time 0.289 (0.332)
[2024-11-25 20:43:35,710][   train_val.py][line: 371][    INFO] Test: [359/579]	Time 0.284 (0.332)
[2024-11-25 20:43:36,002][   train_val.py][line: 371][    INFO] Test: [360/579]	Time 0.292 (0.332)
[2024-11-25 20:43:36,282][   train_val.py][line: 371][    INFO] Test: [361/579]	Time 0.280 (0.332)
[2024-11-25 20:43:36,562][   train_val.py][line: 371][    INFO] Test: [362/579]	Time 0.280 (0.332)
[2024-11-25 20:43:36,829][   train_val.py][line: 371][    INFO] Test: [363/579]	Time 0.266 (0.332)
[2024-11-25 20:43:37,111][   train_val.py][line: 371][    INFO] Test: [364/579]	Time 0.283 (0.332)
[2024-11-25 20:43:37,398][   train_val.py][line: 371][    INFO] Test: [365/579]	Time 0.286 (0.331)
[2024-11-25 20:43:37,708][   train_val.py][line: 371][    INFO] Test: [366/579]	Time 0.311 (0.331)
[2024-11-25 20:43:37,989][   train_val.py][line: 371][    INFO] Test: [367/579]	Time 0.281 (0.331)
[2024-11-25 20:43:38,254][   train_val.py][line: 371][    INFO] Test: [368/579]	Time 0.264 (0.331)
[2024-11-25 20:43:38,530][   train_val.py][line: 371][    INFO] Test: [369/579]	Time 0.277 (0.331)
[2024-11-25 20:43:38,810][   train_val.py][line: 371][    INFO] Test: [370/579]	Time 0.280 (0.331)
[2024-11-25 20:43:39,095][   train_val.py][line: 371][    INFO] Test: [371/579]	Time 0.284 (0.331)
[2024-11-25 20:43:39,370][   train_val.py][line: 371][    INFO] Test: [372/579]	Time 0.276 (0.331)
[2024-11-25 20:43:39,637][   train_val.py][line: 371][    INFO] Test: [373/579]	Time 0.266 (0.330)
[2024-11-25 20:43:39,915][   train_val.py][line: 371][    INFO] Test: [374/579]	Time 0.279 (0.330)
[2024-11-25 20:43:40,191][   train_val.py][line: 371][    INFO] Test: [375/579]	Time 0.276 (0.330)
[2024-11-25 20:43:41,596][   train_val.py][line: 371][    INFO] Test: [376/579]	Time 1.404 (0.333)
[2024-11-25 20:43:41,876][   train_val.py][line: 371][    INFO] Test: [377/579]	Time 0.281 (0.333)
[2024-11-25 20:43:42,174][   train_val.py][line: 371][    INFO] Test: [378/579]	Time 0.298 (0.333)
[2024-11-25 20:43:42,438][   train_val.py][line: 371][    INFO] Test: [379/579]	Time 0.263 (0.333)
[2024-11-25 20:43:42,735][   train_val.py][line: 371][    INFO] Test: [380/579]	Time 0.298 (0.332)
[2024-11-25 20:43:43,015][   train_val.py][line: 371][    INFO] Test: [381/579]	Time 0.280 (0.332)
[2024-11-25 20:43:43,315][   train_val.py][line: 371][    INFO] Test: [382/579]	Time 0.300 (0.332)
[2024-11-25 20:43:43,595][   train_val.py][line: 371][    INFO] Test: [383/579]	Time 0.280 (0.332)
[2024-11-25 20:43:43,875][   train_val.py][line: 371][    INFO] Test: [384/579]	Time 0.280 (0.332)
[2024-11-25 20:43:44,155][   train_val.py][line: 371][    INFO] Test: [385/579]	Time 0.280 (0.332)
[2024-11-25 20:43:44,420][   train_val.py][line: 371][    INFO] Test: [386/579]	Time 0.264 (0.332)
[2024-11-25 20:43:44,700][   train_val.py][line: 371][    INFO] Test: [387/579]	Time 0.281 (0.332)
[2024-11-25 20:43:44,981][   train_val.py][line: 371][    INFO] Test: [388/579]	Time 0.281 (0.331)
[2024-11-25 20:43:45,263][   train_val.py][line: 371][    INFO] Test: [389/579]	Time 0.282 (0.331)
[2024-11-25 20:43:45,546][   train_val.py][line: 371][    INFO] Test: [390/579]	Time 0.283 (0.331)
[2024-11-25 20:43:45,847][   train_val.py][line: 371][    INFO] Test: [391/579]	Time 0.301 (0.331)
[2024-11-25 20:43:46,114][   train_val.py][line: 371][    INFO] Test: [392/579]	Time 0.267 (0.331)
[2024-11-25 20:43:46,429][   train_val.py][line: 371][    INFO] Test: [393/579]	Time 0.315 (0.331)
[2024-11-25 20:43:46,712][   train_val.py][line: 371][    INFO] Test: [394/579]	Time 0.283 (0.331)
[2024-11-25 20:43:46,991][   train_val.py][line: 371][    INFO] Test: [395/579]	Time 0.279 (0.331)
[2024-11-25 20:43:47,259][   train_val.py][line: 371][    INFO] Test: [396/579]	Time 0.267 (0.330)
[2024-11-25 20:43:47,554][   train_val.py][line: 371][    INFO] Test: [397/579]	Time 0.295 (0.330)
[2024-11-25 20:43:47,832][   train_val.py][line: 371][    INFO] Test: [398/579]	Time 0.278 (0.330)
[2024-11-25 20:43:48,102][   train_val.py][line: 371][    INFO] Test: [399/579]	Time 0.270 (0.330)
[2024-11-25 20:43:48,398][   train_val.py][line: 371][    INFO] Test: [400/579]	Time 0.296 (0.330)
[2024-11-25 20:43:48,676][   train_val.py][line: 371][    INFO] Test: [401/579]	Time 0.279 (0.330)
[2024-11-25 20:43:48,944][   train_val.py][line: 371][    INFO] Test: [402/579]	Time 0.267 (0.330)
[2024-11-25 20:43:49,236][   train_val.py][line: 371][    INFO] Test: [403/579]	Time 0.293 (0.330)
[2024-11-25 20:43:49,519][   train_val.py][line: 371][    INFO] Test: [404/579]	Time 0.283 (0.330)
[2024-11-25 20:43:49,799][   train_val.py][line: 371][    INFO] Test: [405/579]	Time 0.280 (0.329)
[2024-11-25 20:43:50,079][   train_val.py][line: 371][    INFO] Test: [406/579]	Time 0.280 (0.329)
[2024-11-25 20:43:50,362][   train_val.py][line: 371][    INFO] Test: [407/579]	Time 0.283 (0.329)
[2024-11-25 20:43:50,641][   train_val.py][line: 371][    INFO] Test: [408/579]	Time 0.279 (0.329)
[2024-11-25 20:43:50,919][   train_val.py][line: 371][    INFO] Test: [409/579]	Time 0.279 (0.329)
[2024-11-25 20:43:51,220][   train_val.py][line: 371][    INFO] Test: [410/579]	Time 0.301 (0.329)
[2024-11-25 20:43:51,562][   train_val.py][line: 371][    INFO] Test: [411/579]	Time 0.341 (0.329)
[2024-11-25 20:43:51,842][   train_val.py][line: 371][    INFO] Test: [412/579]	Time 0.281 (0.329)
[2024-11-25 20:43:52,123][   train_val.py][line: 371][    INFO] Test: [413/579]	Time 0.280 (0.329)
[2024-11-25 20:43:52,386][   train_val.py][line: 371][    INFO] Test: [414/579]	Time 0.264 (0.328)
[2024-11-25 20:43:52,665][   train_val.py][line: 371][    INFO] Test: [415/579]	Time 0.279 (0.328)
[2024-11-25 20:43:52,946][   train_val.py][line: 371][    INFO] Test: [416/579]	Time 0.281 (0.328)
[2024-11-25 20:43:53,252][   train_val.py][line: 371][    INFO] Test: [417/579]	Time 0.306 (0.328)
[2024-11-25 20:43:53,527][   train_val.py][line: 371][    INFO] Test: [418/579]	Time 0.275 (0.328)
[2024-11-25 20:43:53,812][   train_val.py][line: 371][    INFO] Test: [419/579]	Time 0.285 (0.328)
[2024-11-25 20:43:54,079][   train_val.py][line: 371][    INFO] Test: [420/579]	Time 0.267 (0.328)
[2024-11-25 20:43:54,356][   train_val.py][line: 371][    INFO] Test: [421/579]	Time 0.277 (0.328)
[2024-11-25 20:43:54,705][   train_val.py][line: 371][    INFO] Test: [422/579]	Time 0.348 (0.328)
[2024-11-25 20:43:54,980][   train_val.py][line: 371][    INFO] Test: [423/579]	Time 0.275 (0.328)
[2024-11-25 20:43:55,262][   train_val.py][line: 371][    INFO] Test: [424/579]	Time 0.282 (0.328)
[2024-11-25 20:43:55,538][   train_val.py][line: 371][    INFO] Test: [425/579]	Time 0.276 (0.327)
[2024-11-25 20:43:55,819][   train_val.py][line: 371][    INFO] Test: [426/579]	Time 0.281 (0.327)
[2024-11-25 20:43:56,099][   train_val.py][line: 371][    INFO] Test: [427/579]	Time 0.280 (0.327)
[2024-11-25 20:43:56,362][   train_val.py][line: 371][    INFO] Test: [428/579]	Time 0.263 (0.327)
[2024-11-25 20:43:56,642][   train_val.py][line: 371][    INFO] Test: [429/579]	Time 0.280 (0.327)
[2024-11-25 20:43:56,966][   train_val.py][line: 371][    INFO] Test: [430/579]	Time 0.324 (0.327)
[2024-11-25 20:43:57,242][   train_val.py][line: 371][    INFO] Test: [431/579]	Time 0.277 (0.327)
[2024-11-25 20:43:57,508][   train_val.py][line: 371][    INFO] Test: [432/579]	Time 0.265 (0.327)
[2024-11-25 20:43:57,803][   train_val.py][line: 371][    INFO] Test: [433/579]	Time 0.296 (0.327)
[2024-11-25 20:43:58,084][   train_val.py][line: 371][    INFO] Test: [434/579]	Time 0.281 (0.326)
[2024-11-25 20:43:58,355][   train_val.py][line: 371][    INFO] Test: [435/579]	Time 0.271 (0.326)
[2024-11-25 20:43:58,649][   train_val.py][line: 371][    INFO] Test: [436/579]	Time 0.294 (0.326)
[2024-11-25 20:43:58,953][   train_val.py][line: 371][    INFO] Test: [437/579]	Time 0.305 (0.326)
[2024-11-25 20:43:59,259][   train_val.py][line: 371][    INFO] Test: [438/579]	Time 0.305 (0.326)
[2024-11-25 20:43:59,552][   train_val.py][line: 371][    INFO] Test: [439/579]	Time 0.294 (0.326)
[2024-11-25 20:43:59,817][   train_val.py][line: 371][    INFO] Test: [440/579]	Time 0.265 (0.326)
[2024-11-25 20:44:00,156][   train_val.py][line: 371][    INFO] Test: [441/579]	Time 0.339 (0.326)
[2024-11-25 20:44:00,425][   train_val.py][line: 371][    INFO] Test: [442/579]	Time 0.268 (0.326)
[2024-11-25 20:44:00,707][   train_val.py][line: 371][    INFO] Test: [443/579]	Time 0.282 (0.326)
[2024-11-25 20:44:00,984][   train_val.py][line: 371][    INFO] Test: [444/579]	Time 0.277 (0.326)
[2024-11-25 20:44:01,264][   train_val.py][line: 371][    INFO] Test: [445/579]	Time 0.280 (0.326)
[2024-11-25 20:44:01,565][   train_val.py][line: 371][    INFO] Test: [446/579]	Time 0.301 (0.325)
[2024-11-25 20:44:01,866][   train_val.py][line: 371][    INFO] Test: [447/579]	Time 0.301 (0.325)
[2024-11-25 20:44:02,148][   train_val.py][line: 371][    INFO] Test: [448/579]	Time 0.282 (0.325)
[2024-11-25 20:44:03,777][   train_val.py][line: 371][    INFO] Test: [449/579]	Time 1.628 (0.328)
[2024-11-25 20:44:04,056][   train_val.py][line: 371][    INFO] Test: [450/579]	Time 0.280 (0.328)
[2024-11-25 20:44:04,336][   train_val.py][line: 371][    INFO] Test: [451/579]	Time 0.280 (0.328)
[2024-11-25 20:44:04,618][   train_val.py][line: 371][    INFO] Test: [452/579]	Time 0.282 (0.328)
[2024-11-25 20:44:04,905][   train_val.py][line: 371][    INFO] Test: [453/579]	Time 0.286 (0.328)
[2024-11-25 20:44:05,187][   train_val.py][line: 371][    INFO] Test: [454/579]	Time 0.282 (0.328)
[2024-11-25 20:44:05,475][   train_val.py][line: 371][    INFO] Test: [455/579]	Time 0.289 (0.328)
[2024-11-25 20:44:05,789][   train_val.py][line: 371][    INFO] Test: [456/579]	Time 0.314 (0.328)
[2024-11-25 20:44:06,072][   train_val.py][line: 371][    INFO] Test: [457/579]	Time 0.282 (0.328)
[2024-11-25 20:44:06,352][   train_val.py][line: 371][    INFO] Test: [458/579]	Time 0.280 (0.327)
[2024-11-25 20:44:06,652][   train_val.py][line: 371][    INFO] Test: [459/579]	Time 0.301 (0.327)
[2024-11-25 20:44:06,939][   train_val.py][line: 371][    INFO] Test: [460/579]	Time 0.286 (0.327)
[2024-11-25 20:44:07,232][   train_val.py][line: 371][    INFO] Test: [461/579]	Time 0.294 (0.327)
[2024-11-25 20:44:07,513][   train_val.py][line: 371][    INFO] Test: [462/579]	Time 0.281 (0.327)
[2024-11-25 20:44:07,795][   train_val.py][line: 371][    INFO] Test: [463/579]	Time 0.282 (0.327)
[2024-11-25 20:44:08,095][   train_val.py][line: 371][    INFO] Test: [464/579]	Time 0.300 (0.327)
[2024-11-25 20:44:08,360][   train_val.py][line: 371][    INFO] Test: [465/579]	Time 0.264 (0.327)
[2024-11-25 20:44:08,659][   train_val.py][line: 371][    INFO] Test: [466/579]	Time 0.299 (0.327)
[2024-11-25 20:44:08,963][   train_val.py][line: 371][    INFO] Test: [467/579]	Time 0.304 (0.327)
[2024-11-25 20:44:09,239][   train_val.py][line: 371][    INFO] Test: [468/579]	Time 0.276 (0.327)
[2024-11-25 20:44:09,538][   train_val.py][line: 371][    INFO] Test: [469/579]	Time 0.299 (0.327)
[2024-11-25 20:44:09,818][   train_val.py][line: 371][    INFO] Test: [470/579]	Time 0.280 (0.326)
[2024-11-25 20:44:10,118][   train_val.py][line: 371][    INFO] Test: [471/579]	Time 0.300 (0.326)
[2024-11-25 20:44:10,388][   train_val.py][line: 371][    INFO] Test: [472/579]	Time 0.270 (0.326)
[2024-11-25 20:44:10,660][   train_val.py][line: 371][    INFO] Test: [473/579]	Time 0.272 (0.326)
[2024-11-25 20:44:10,947][   train_val.py][line: 371][    INFO] Test: [474/579]	Time 0.286 (0.326)
[2024-11-25 20:44:11,462][   train_val.py][line: 371][    INFO] Test: [475/579]	Time 0.516 (0.326)
[2024-11-25 20:44:11,749][   train_val.py][line: 371][    INFO] Test: [476/579]	Time 0.287 (0.326)
[2024-11-25 20:44:12,024][   train_val.py][line: 371][    INFO] Test: [477/579]	Time 0.275 (0.326)
[2024-11-25 20:44:12,304][   train_val.py][line: 371][    INFO] Test: [478/579]	Time 0.280 (0.326)
[2024-11-25 20:44:12,586][   train_val.py][line: 371][    INFO] Test: [479/579]	Time 0.282 (0.326)
[2024-11-25 20:44:12,853][   train_val.py][line: 371][    INFO] Test: [480/579]	Time 0.267 (0.326)
[2024-11-25 20:44:13,153][   train_val.py][line: 371][    INFO] Test: [481/579]	Time 0.299 (0.326)
[2024-11-25 20:44:13,433][   train_val.py][line: 371][    INFO] Test: [482/579]	Time 0.280 (0.326)
[2024-11-25 20:44:13,736][   train_val.py][line: 371][    INFO] Test: [483/579]	Time 0.304 (0.326)
[2024-11-25 20:44:14,028][   train_val.py][line: 371][    INFO] Test: [484/579]	Time 0.292 (0.326)
[2024-11-25 20:44:14,291][   train_val.py][line: 371][    INFO] Test: [485/579]	Time 0.263 (0.326)
[2024-11-25 20:44:14,588][   train_val.py][line: 371][    INFO] Test: [486/579]	Time 0.297 (0.325)
[2024-11-25 20:44:14,888][   train_val.py][line: 371][    INFO] Test: [487/579]	Time 0.300 (0.325)
[2024-11-25 20:44:15,172][   train_val.py][line: 371][    INFO] Test: [488/579]	Time 0.283 (0.325)
[2024-11-25 20:44:15,469][   train_val.py][line: 371][    INFO] Test: [489/579]	Time 0.298 (0.325)
[2024-11-25 20:44:15,738][   train_val.py][line: 371][    INFO] Test: [490/579]	Time 0.268 (0.325)
[2024-11-25 20:44:16,035][   train_val.py][line: 371][    INFO] Test: [491/579]	Time 0.297 (0.325)
[2024-11-25 20:44:16,313][   train_val.py][line: 371][    INFO] Test: [492/579]	Time 0.279 (0.325)
[2024-11-25 20:44:16,593][   train_val.py][line: 371][    INFO] Test: [493/579]	Time 0.280 (0.325)
[2024-11-25 20:44:16,875][   train_val.py][line: 371][    INFO] Test: [494/579]	Time 0.282 (0.325)
[2024-11-25 20:44:17,156][   train_val.py][line: 371][    INFO] Test: [495/579]	Time 0.281 (0.325)
[2024-11-25 20:44:17,459][   train_val.py][line: 371][    INFO] Test: [496/579]	Time 0.303 (0.325)
[2024-11-25 20:44:17,724][   train_val.py][line: 371][    INFO] Test: [497/579]	Time 0.265 (0.325)
[2024-11-25 20:44:18,000][   train_val.py][line: 371][    INFO] Test: [498/579]	Time 0.276 (0.324)
[2024-11-25 20:44:18,265][   train_val.py][line: 371][    INFO] Test: [499/579]	Time 0.265 (0.324)
[2024-11-25 20:44:18,547][   train_val.py][line: 371][    INFO] Test: [500/579]	Time 0.282 (0.324)
[2024-11-25 20:44:18,827][   train_val.py][line: 371][    INFO] Test: [501/579]	Time 0.280 (0.324)
[2024-11-25 20:44:19,090][   train_val.py][line: 371][    INFO] Test: [502/579]	Time 0.263 (0.324)
[2024-11-25 20:44:19,378][   train_val.py][line: 371][    INFO] Test: [503/579]	Time 0.288 (0.324)
[2024-11-25 20:44:19,651][   train_val.py][line: 371][    INFO] Test: [504/579]	Time 0.273 (0.324)
[2024-11-25 20:44:19,929][   train_val.py][line: 371][    INFO] Test: [505/579]	Time 0.278 (0.324)
[2024-11-25 20:44:20,198][   train_val.py][line: 371][    INFO] Test: [506/579]	Time 0.268 (0.324)
[2024-11-25 20:44:20,474][   train_val.py][line: 371][    INFO] Test: [507/579]	Time 0.276 (0.324)
[2024-11-25 20:44:20,757][   train_val.py][line: 371][    INFO] Test: [508/579]	Time 0.283 (0.324)
[2024-11-25 20:44:21,113][   train_val.py][line: 371][    INFO] Test: [509/579]	Time 0.356 (0.324)
[2024-11-25 20:44:21,394][   train_val.py][line: 371][    INFO] Test: [510/579]	Time 0.282 (0.324)
[2024-11-25 20:44:21,675][   train_val.py][line: 371][    INFO] Test: [511/579]	Time 0.281 (0.323)
[2024-11-25 20:44:21,956][   train_val.py][line: 371][    INFO] Test: [512/579]	Time 0.281 (0.323)
[2024-11-25 20:44:22,223][   train_val.py][line: 371][    INFO] Test: [513/579]	Time 0.266 (0.323)
[2024-11-25 20:44:22,506][   train_val.py][line: 371][    INFO] Test: [514/579]	Time 0.283 (0.323)
[2024-11-25 20:44:22,796][   train_val.py][line: 371][    INFO] Test: [515/579]	Time 0.291 (0.323)
[2024-11-25 20:44:23,181][   train_val.py][line: 371][    INFO] Test: [516/579]	Time 0.385 (0.323)
[2024-11-25 20:44:23,457][   train_val.py][line: 371][    INFO] Test: [517/579]	Time 0.276 (0.323)
[2024-11-25 20:44:23,720][   train_val.py][line: 371][    INFO] Test: [518/579]	Time 0.263 (0.323)
[2024-11-25 20:44:23,998][   train_val.py][line: 371][    INFO] Test: [519/579]	Time 0.278 (0.323)
[2024-11-25 20:44:24,299][   train_val.py][line: 371][    INFO] Test: [520/579]	Time 0.301 (0.323)
[2024-11-25 20:44:24,580][   train_val.py][line: 371][    INFO] Test: [521/579]	Time 0.281 (0.323)
[2024-11-25 20:44:24,863][   train_val.py][line: 371][    INFO] Test: [522/579]	Time 0.282 (0.323)
[2024-11-25 20:44:25,181][   train_val.py][line: 371][    INFO] Test: [523/579]	Time 0.319 (0.323)
[2024-11-25 20:44:25,461][   train_val.py][line: 371][    INFO] Test: [524/579]	Time 0.280 (0.323)
[2024-11-25 20:44:25,762][   train_val.py][line: 371][    INFO] Test: [525/579]	Time 0.301 (0.323)
[2024-11-25 20:44:26,051][   train_val.py][line: 371][    INFO] Test: [526/579]	Time 0.288 (0.323)
[2024-11-25 20:44:26,343][   train_val.py][line: 371][    INFO] Test: [527/579]	Time 0.293 (0.322)
[2024-11-25 20:44:26,609][   train_val.py][line: 371][    INFO] Test: [528/579]	Time 0.265 (0.322)
[2024-11-25 20:44:26,885][   train_val.py][line: 371][    INFO] Test: [529/579]	Time 0.277 (0.322)
[2024-11-25 20:44:27,206][   train_val.py][line: 371][    INFO] Test: [530/579]	Time 0.321 (0.322)
[2024-11-25 20:44:27,488][   train_val.py][line: 371][    INFO] Test: [531/579]	Time 0.282 (0.322)
[2024-11-25 20:44:27,751][   train_val.py][line: 371][    INFO] Test: [532/579]	Time 0.263 (0.322)
[2024-11-25 20:44:28,037][   train_val.py][line: 371][    INFO] Test: [533/579]	Time 0.285 (0.322)
[2024-11-25 20:44:28,316][   train_val.py][line: 371][    INFO] Test: [534/579]	Time 0.279 (0.322)
[2024-11-25 20:44:28,576][   train_val.py][line: 371][    INFO] Test: [535/579]	Time 0.260 (0.322)
[2024-11-25 20:44:28,878][   train_val.py][line: 371][    INFO] Test: [536/579]	Time 0.302 (0.322)
[2024-11-25 20:44:29,163][   train_val.py][line: 371][    INFO] Test: [537/579]	Time 0.284 (0.322)
[2024-11-25 20:44:29,441][   train_val.py][line: 371][    INFO] Test: [538/579]	Time 0.279 (0.322)
[2024-11-25 20:44:29,727][   train_val.py][line: 371][    INFO] Test: [539/579]	Time 0.286 (0.322)
[2024-11-25 20:44:30,004][   train_val.py][line: 371][    INFO] Test: [540/579]	Time 0.277 (0.321)
[2024-11-25 20:44:30,288][   train_val.py][line: 371][    INFO] Test: [541/579]	Time 0.284 (0.321)
[2024-11-25 20:44:30,566][   train_val.py][line: 371][    INFO] Test: [542/579]	Time 0.278 (0.321)
[2024-11-25 20:44:30,847][   train_val.py][line: 371][    INFO] Test: [543/579]	Time 0.282 (0.321)
[2024-11-25 20:44:31,127][   train_val.py][line: 371][    INFO] Test: [544/579]	Time 0.280 (0.321)
[2024-11-25 20:44:31,410][   train_val.py][line: 371][    INFO] Test: [545/579]	Time 0.282 (0.321)
[2024-11-25 20:44:31,689][   train_val.py][line: 371][    INFO] Test: [546/579]	Time 0.279 (0.321)
[2024-11-25 20:44:31,971][   train_val.py][line: 371][    INFO] Test: [547/579]	Time 0.281 (0.321)
[2024-11-25 20:44:32,248][   train_val.py][line: 371][    INFO] Test: [548/579]	Time 0.278 (0.321)
[2024-11-25 20:44:32,554][   train_val.py][line: 371][    INFO] Test: [549/579]	Time 0.306 (0.321)
[2024-11-25 20:44:32,829][   train_val.py][line: 371][    INFO] Test: [550/579]	Time 0.275 (0.321)
[2024-11-25 20:44:33,094][   train_val.py][line: 371][    INFO] Test: [551/579]	Time 0.265 (0.321)
[2024-11-25 20:44:33,391][   train_val.py][line: 371][    INFO] Test: [552/579]	Time 0.297 (0.321)
[2024-11-25 20:44:33,671][   train_val.py][line: 371][    INFO] Test: [553/579]	Time 0.280 (0.321)
[2024-11-25 20:44:33,959][   train_val.py][line: 371][    INFO] Test: [554/579]	Time 0.288 (0.321)
[2024-11-25 20:44:34,253][   train_val.py][line: 371][    INFO] Test: [555/579]	Time 0.294 (0.320)
[2024-11-25 20:44:34,523][   train_val.py][line: 371][    INFO] Test: [556/579]	Time 0.270 (0.320)
[2024-11-25 20:44:34,816][   train_val.py][line: 371][    INFO] Test: [557/579]	Time 0.293 (0.320)
[2024-11-25 20:44:35,096][   train_val.py][line: 371][    INFO] Test: [558/579]	Time 0.280 (0.320)
[2024-11-25 20:44:35,377][   train_val.py][line: 371][    INFO] Test: [559/579]	Time 0.281 (0.320)
[2024-11-25 20:44:35,659][   train_val.py][line: 371][    INFO] Test: [560/579]	Time 0.282 (0.320)
[2024-11-25 20:44:35,940][   train_val.py][line: 371][    INFO] Test: [561/579]	Time 0.281 (0.320)
[2024-11-25 20:44:36,224][   train_val.py][line: 371][    INFO] Test: [562/579]	Time 0.284 (0.320)
[2024-11-25 20:44:36,514][   train_val.py][line: 371][    INFO] Test: [563/579]	Time 0.290 (0.320)
[2024-11-25 20:44:36,813][   train_val.py][line: 371][    INFO] Test: [564/579]	Time 0.298 (0.320)
[2024-11-25 20:44:37,093][   train_val.py][line: 371][    INFO] Test: [565/579]	Time 0.280 (0.320)
[2024-11-25 20:44:37,387][   train_val.py][line: 371][    INFO] Test: [566/579]	Time 0.295 (0.320)
[2024-11-25 20:44:37,689][   train_val.py][line: 371][    INFO] Test: [567/579]	Time 0.302 (0.320)
[2024-11-25 20:44:37,957][   train_val.py][line: 371][    INFO] Test: [568/579]	Time 0.268 (0.320)
[2024-11-25 20:44:38,233][   train_val.py][line: 371][    INFO] Test: [569/579]	Time 0.276 (0.320)
[2024-11-25 20:44:38,496][   train_val.py][line: 371][    INFO] Test: [570/579]	Time 0.263 (0.319)
[2024-11-25 20:44:38,779][   train_val.py][line: 371][    INFO] Test: [571/579]	Time 0.282 (0.319)
[2024-11-25 20:44:39,073][   train_val.py][line: 371][    INFO] Test: [572/579]	Time 0.295 (0.319)
[2024-11-25 20:44:39,336][   train_val.py][line: 371][    INFO] Test: [573/579]	Time 0.262 (0.319)
[2024-11-25 20:44:39,613][   train_val.py][line: 371][    INFO] Test: [574/579]	Time 0.278 (0.319)
[2024-11-25 20:44:39,955][   train_val.py][line: 371][    INFO] Test: [575/579]	Time 0.342 (0.319)
[2024-11-25 20:44:40,238][   train_val.py][line: 371][    INFO] Test: [576/579]	Time 0.282 (0.319)
[2024-11-25 20:44:40,515][   train_val.py][line: 371][    INFO] Test: [577/579]	Time 0.278 (0.319)
[2024-11-25 20:44:40,778][   train_val.py][line: 371][    INFO] Test: [578/579]	Time 0.262 (0.319)
[2024-11-25 20:44:41,469][   train_val.py][line: 371][    INFO] Test: [579/579]	Time 0.691 (0.320)
[2024-11-25 20:44:41,566][   train_val.py][line: 392][    INFO] Gathering final results ...
[2024-11-25 20:44:41,567][   train_val.py][line: 394][    INFO]  * Loss 5.05572	total_num=4628.0
[2024-11-25 20:48:13,908][ eval_helper.py][line: 343][    INFO] 
|  clsname   |  max_auc  |  max_ap  |  pixel_auc  |  pixel_ap  |
|:----------:|:---------:|:--------:|:-----------:|:----------:|
|     01     |  99.6113  |  99.846  |   97.8296   |  61.3292   |
|     02     |  79.8022  | 96.5662  |   96.4622   |  58.4333   |
|     03     |  99.4571  | 93.7637  |   99.6087   |  60.9909   |
|   bottle   |  99.9206  | 99.9752  |   98.2773   |  79.9181   |
|   cable    |  97.976   | 98.7839  |   97.1441   |   53.653   |
|   candle   |   97.33   | 97.3293  |   99.3324   |  34.3097   |
|  capsule   |  89.7886  | 97.6277  |   98.7512   |  51.9111   |
|  capsules  |  75.0833  | 86.8783  |   98.7256   |   57.267   |
|   carpet   |  99.9599  | 99.9875  |    99.09    |  72.4435   |
|   cashew   |   91.3    | 95.6853  |   98.6215   |  56.9553   |
| chewinggum |   99.26   | 99.6826  |   99.0184   |  60.3631   |
|   fryum    |   90.32   | 95.5349  |   97.4165   |  45.8425   |
|    grid    |  98.5798  |  99.597  |   98.2571   |  47.9141   |
|  hazelnut  |   99.5    | 99.6938  |   97.7245   |  57.4777   |
|  leather   |    100    |   100    |   99.6744   |  70.3212   |
| macaroni1  |   91.73   | 92.2276  |   99.3814   |  24.1635   |
| macaroni2  |   82.55   | 83.6981  |   98.0287   |  7.69049   |
| metal_nut  |  99.4135  | 99.8601  |   94.0077   |  60.2041   |
|    pcb1    |   97.5    | 97.1819  |   99.6491   |  75.4701   |
|    pcb2    |   95.28   | 95.1079  |   98.5094   |  12.5479   |
|    pcb3    |  94.3069  | 95.4534  |   98.834    |  22.6265   |
|    pcb4    |  99.3861  |  99.408  |   97.764    |   38.087   |
|    pill    |  92.2804  | 98.5084  |   95.6261   |  46.6193   |
| pipe_fryum |   97.98   |  99.043  |   99.3451   |  71.9176   |
|   screw    |  88.3583  | 95.9112  |   98.6844   |  38.5104   |
|    tile    |  99.9639  |  99.986  |   94.887    |  75.7946   |
| toothbrush |   92.5    | 96.8423  |   98.6882   |  52.3216   |
| transistor |   99.5    | 99.2333  |   97.5777   |  73.9133   |
|    wood    |  98.6842  | 99.6278  |   94.478    |  63.8643   |
|   zipper   |  98.8971  | 99.7098  |   98.0459   |  60.2642   |
|    mean    |  94.874   | 97.0917  |   97.9813   |  53.1042   |
