[2024-11-25 20:17:22,307][   train_val.py][line: 116][    INFO] args: Namespace(config='../configs/onenip_config.yaml', evaluate=True, local_rank='0', opts=['dataset.image_reader.kwargs.image_dir', '/fuxi_team2/persons/danylgao/weicun_ceph/datasets/visa', 'dataset.train.dtd_dir', '/fuxi_team2/persons/danylgao/weicun_ceph/datasets/dtd', 'dataset.train.meta_file', '../data/visa/train.json', 'dataset.test.meta_file', '../data/visa/test.json', 'dataset.input_size', '[224, 224]', 'net[2].kwargs.num_encoder_layers', '4', 'net[2].kwargs.num_decoder_layers', '4', 'saver.save_dir', '../checkpoints-retraining-1111/onenip-visa-4-4-224'])
[2024-11-25 20:17:22,310][   train_val.py][line: 117][    INFO] config: {'criterion': [{'kwargs': {'weight': 1.0},
                'name': 'FeatureMSELoss',
                'type': 'FeatureMSELoss'},
               {'kwargs': {'weight': 0.5},
                'name': 'DiceLoss',
                'type': 'DiceLoss'}],
 'dataset': {'batch_size': 8,
             'image_reader': {'kwargs': {'color_mode': 'RGB',
                                         'image_dir': '/fuxi_team2/persons/danylgao/weicun_ceph/datasets/visa'},
                              'type': 'opencv'},
             'input_size': [224, 224],
             'pixel_mean': [0.485, 0.456, 0.406],
             'pixel_std': [0.229, 0.224, 0.225],
             'test': {'meta_file': '../data/visa/test.json'},
             'train': {'dtd_dir': '/fuxi_team2/persons/danylgao/weicun_ceph/datasets/dtd',
                       'hflip': False,
                       'meta_file': '../data/visa/train.json',
                       'rebalance': False,
                       'rotate': False,
                       'vflip': False},
             'type': 'onenip',
             'workers': 4},
 'evaluator': {'eval_dir': '../checkpoints-retraining-1111/onenip-visa-4-4-224/result_eval_temp',
               'key_metric': 'mean_pixel_auc',
               'metrics': {'auc': [{'kwargs': {'avgpool_size': [16, 16]},
                                    'name': 'max'},
                                   {'name': 'pixel'}]},
               'save_dir': '../checkpoints-retraining-1111/onenip-visa-4-4-224/result_eval_temp',
               'vis_compound': {'max_score': None,
                                'min_score': None,
                                'save_dir': '../checkpoints-retraining-1111/onenip-visa-4-4-224/vis_compound'}},
 'exp_path': '../checkpoints-retraining-1111/onenip-visa-4-4-224',
 'frozen_layers': ['backbone'],
 'log_path': '../checkpoints-retraining-1111/onenip-visa-4-4-224/log',
 'net': [{'frozen': True,
          'kwargs': {'outblocks': [1, 5, 9, 21],
                     'outstrides': [2, 4, 8, 16],
                     'pretrained': True},
          'name': 'backbone',
          'type': 'models.backbones.efficientnet_b4'},
         {'kwargs': {'outplanes': [272], 'outstrides': [16]},
          'name': 'neck',
          'prev': 'backbone',
          'type': 'models.necks.MFCN'},
         {'kwargs': {'activation': 'relu',
                     'dim_feedforward': 1024,
                     'dropout': 0.1,
                     'feature_jitter': {'prob': 1.0, 'scale': 20.0},
                     'feature_size': [14, 14],
                     'hidden_dim': 256,
                     'initializer': {'method': 'xavier_uniform'},
                     'neighbor_mask': {'mask': [True, True, True],
                                       'neighbor_size': [7, 7]},
                     'nhead': 8,
                     'normalize_before': False,
                     'num_decoder_layers': 4.0,
                     'num_encoder_layers': 4.0,
                     'pos_embed_type': 'learned',
                     'save_recon': {'save_dir': '../checkpoints-retraining-1111/onenip-visa-4-4-224/result_recon'}},
          'name': 'reconstruction',
          'prev': 'neck',
          'type': 'models.reconstructions.OneNIP'}],
 'port': 11111,
 'random_seed': 133,
 'save_path': '../checkpoints-retraining-1111/onenip-visa-4-4-224',
 'saver': {'always_save': False,
           'auto_resume': False,
           'load_path': '../checkpoints-retraining-1111/onenip-visa-4-4-224/ckpt.pkl',
           'log_dir': '../checkpoints-retraining-1111/onenip-visa-4-4-224/log',
           'save_dir': '../checkpoints-retraining-1111/onenip-visa-4-4-224'},
 'trainer': {'clip_max_norm': 0.1,
             'lr_scheduler': {'kwargs': {'gamma': 0.1, 'step_size': 800},
                              'type': 'StepLR'},
             'max_epoch': 1000,
             'optimizer': {'kwargs': {'betas': [0.9, 0.999],
                                      'lr': 0.0001,
                                      'weight_decay': 0.0001},
                           'type': 'AdamW'},
             'print_freq_step': 1,
             'tb_freq_step': 1,
             'val_freq_epoch': 10},
 'version': 'v1.0.0'}
[2024-11-25 20:17:22,692][       utils.py][line: 740][    INFO]  not exist, load from https://github.com/lukemelas/EfficientNet-PyTorch/releases/download/1.0/efficientnet-b4-6ed6700e.pth
[2024-11-25 20:17:22,809][       utils.py][line: 761][    INFO] Loaded ImageNet pretrained efficientnet-b4
[2024-11-25 20:17:26,453][   train_val.py][line: 143][    INFO] layers: ['backbone', 'neck', 'reconstruction']
[2024-11-25 20:17:26,454][   train_val.py][line: 144][    INFO] active layers: ['reconstruction', 'neck']
[2024-11-25 20:17:35,669][custom_dataset.py][line: 175][    INFO] building CustomDataset from: ../data/visa/train.json
[2024-11-25 20:17:35,745][custom_dataset.py][line: 175][    INFO] building CustomDataset from: ../data/visa/test.json
[2024-11-25 20:17:39,813][   train_val.py][line: 371][    INFO] Test: [1/271]	Time 3.992 (3.992)
[2024-11-25 20:17:40,033][   train_val.py][line: 371][    INFO] Test: [2/271]	Time 0.220 (2.106)
[2024-11-25 20:17:40,314][   train_val.py][line: 371][    INFO] Test: [3/271]	Time 0.281 (1.498)
[2024-11-25 20:17:40,536][   train_val.py][line: 371][    INFO] Test: [4/271]	Time 0.222 (1.179)
[2024-11-25 20:17:40,756][   train_val.py][line: 371][    INFO] Test: [5/271]	Time 0.220 (0.987)
[2024-11-25 20:17:40,997][   train_val.py][line: 371][    INFO] Test: [6/271]	Time 0.241 (0.863)
[2024-11-25 20:17:41,220][   train_val.py][line: 371][    INFO] Test: [7/271]	Time 0.223 (0.771)
[2024-11-25 20:17:41,440][   train_val.py][line: 371][    INFO] Test: [8/271]	Time 0.220 (0.702)
[2024-11-25 20:17:41,662][   train_val.py][line: 371][    INFO] Test: [9/271]	Time 0.222 (0.649)
[2024-11-25 20:17:41,890][   train_val.py][line: 371][    INFO] Test: [10/271]	Time 0.227 (0.607)
[2024-11-25 20:17:42,151][   train_val.py][line: 371][    INFO] Test: [11/271]	Time 0.261 (0.575)
[2024-11-25 20:17:42,385][   train_val.py][line: 371][    INFO] Test: [12/271]	Time 0.234 (0.547)
[2024-11-25 20:17:42,607][   train_val.py][line: 371][    INFO] Test: [13/271]	Time 0.222 (0.522)
[2024-11-25 20:17:42,829][   train_val.py][line: 371][    INFO] Test: [14/271]	Time 0.222 (0.501)
[2024-11-25 20:17:43,067][   train_val.py][line: 371][    INFO] Test: [15/271]	Time 0.238 (0.483)
[2024-11-25 20:17:43,291][   train_val.py][line: 371][    INFO] Test: [16/271]	Time 0.224 (0.467)
[2024-11-25 20:17:43,529][   train_val.py][line: 371][    INFO] Test: [17/271]	Time 0.238 (0.453)
[2024-11-25 20:17:43,756][   train_val.py][line: 371][    INFO] Test: [18/271]	Time 0.227 (0.441)
[2024-11-25 20:17:43,992][   train_val.py][line: 371][    INFO] Test: [19/271]	Time 0.236 (0.430)
[2024-11-25 20:17:44,215][   train_val.py][line: 371][    INFO] Test: [20/271]	Time 0.223 (0.420)
[2024-11-25 20:17:44,475][   train_val.py][line: 371][    INFO] Test: [21/271]	Time 0.260 (0.412)
[2024-11-25 20:17:44,698][   train_val.py][line: 371][    INFO] Test: [22/271]	Time 0.223 (0.403)
[2024-11-25 20:17:44,955][   train_val.py][line: 371][    INFO] Test: [23/271]	Time 0.257 (0.397)
[2024-11-25 20:17:45,178][   train_val.py][line: 371][    INFO] Test: [24/271]	Time 0.223 (0.390)
[2024-11-25 20:17:45,404][   train_val.py][line: 371][    INFO] Test: [25/271]	Time 0.226 (0.383)
[2024-11-25 20:17:45,642][   train_val.py][line: 371][    INFO] Test: [26/271]	Time 0.238 (0.378)
[2024-11-25 20:17:45,883][   train_val.py][line: 371][    INFO] Test: [27/271]	Time 0.241 (0.373)
[2024-11-25 20:17:46,110][   train_val.py][line: 371][    INFO] Test: [28/271]	Time 0.227 (0.367)
[2024-11-25 20:17:46,354][   train_val.py][line: 371][    INFO] Test: [29/271]	Time 0.244 (0.363)
[2024-11-25 20:17:46,589][   train_val.py][line: 371][    INFO] Test: [30/271]	Time 0.235 (0.359)
[2024-11-25 20:17:46,827][   train_val.py][line: 371][    INFO] Test: [31/271]	Time 0.238 (0.355)
[2024-11-25 20:17:47,051][   train_val.py][line: 371][    INFO] Test: [32/271]	Time 0.224 (0.351)
[2024-11-25 20:17:47,274][   train_val.py][line: 371][    INFO] Test: [33/271]	Time 0.224 (0.347)
[2024-11-25 20:17:47,510][   train_val.py][line: 371][    INFO] Test: [34/271]	Time 0.235 (0.344)
[2024-11-25 20:17:47,732][   train_val.py][line: 371][    INFO] Test: [35/271]	Time 0.222 (0.340)
[2024-11-25 20:17:47,977][   train_val.py][line: 371][    INFO] Test: [36/271]	Time 0.245 (0.338)
[2024-11-25 20:17:48,210][   train_val.py][line: 371][    INFO] Test: [37/271]	Time 0.233 (0.335)
[2024-11-25 20:17:48,431][   train_val.py][line: 371][    INFO] Test: [38/271]	Time 0.221 (0.332)
[2024-11-25 20:17:48,653][   train_val.py][line: 371][    INFO] Test: [39/271]	Time 0.222 (0.329)
[2024-11-25 20:17:48,874][   train_val.py][line: 371][    INFO] Test: [40/271]	Time 0.222 (0.326)
[2024-11-25 20:17:49,123][   train_val.py][line: 371][    INFO] Test: [41/271]	Time 0.248 (0.324)
[2024-11-25 20:17:49,355][   train_val.py][line: 371][    INFO] Test: [42/271]	Time 0.233 (0.322)
[2024-11-25 20:17:49,577][   train_val.py][line: 371][    INFO] Test: [43/271]	Time 0.221 (0.320)
[2024-11-25 20:17:49,816][   train_val.py][line: 371][    INFO] Test: [44/271]	Time 0.239 (0.318)
[2024-11-25 20:17:50,037][   train_val.py][line: 371][    INFO] Test: [45/271]	Time 0.221 (0.316)
[2024-11-25 20:17:50,322][   train_val.py][line: 371][    INFO] Test: [46/271]	Time 0.285 (0.315)
[2024-11-25 20:17:50,558][   train_val.py][line: 371][    INFO] Test: [47/271]	Time 0.236 (0.314)
[2024-11-25 20:17:50,778][   train_val.py][line: 371][    INFO] Test: [48/271]	Time 0.220 (0.312)
[2024-11-25 20:17:51,019][   train_val.py][line: 371][    INFO] Test: [49/271]	Time 0.241 (0.310)
[2024-11-25 20:17:51,240][   train_val.py][line: 371][    INFO] Test: [50/271]	Time 0.221 (0.308)
[2024-11-25 20:17:51,459][   train_val.py][line: 371][    INFO] Test: [51/271]	Time 0.218 (0.307)
[2024-11-25 20:17:51,698][   train_val.py][line: 371][    INFO] Test: [52/271]	Time 0.239 (0.305)
[2024-11-25 20:17:51,919][   train_val.py][line: 371][    INFO] Test: [53/271]	Time 0.221 (0.304)
[2024-11-25 20:17:52,144][   train_val.py][line: 371][    INFO] Test: [54/271]	Time 0.225 (0.302)
[2024-11-25 20:17:52,380][   train_val.py][line: 371][    INFO] Test: [55/271]	Time 0.236 (0.301)
[2024-11-25 20:17:52,621][   train_val.py][line: 371][    INFO] Test: [56/271]	Time 0.241 (0.300)
[2024-11-25 20:17:52,841][   train_val.py][line: 371][    INFO] Test: [57/271]	Time 0.220 (0.299)
[2024-11-25 20:17:53,090][   train_val.py][line: 371][    INFO] Test: [58/271]	Time 0.249 (0.298)
[2024-11-25 20:17:53,324][   train_val.py][line: 371][    INFO] Test: [59/271]	Time 0.234 (0.297)
[2024-11-25 20:17:53,544][   train_val.py][line: 371][    INFO] Test: [60/271]	Time 0.221 (0.295)
[2024-11-25 20:17:53,765][   train_val.py][line: 371][    INFO] Test: [61/271]	Time 0.221 (0.294)
[2024-11-25 20:17:54,002][   train_val.py][line: 371][    INFO] Test: [62/271]	Time 0.237 (0.293)
[2024-11-25 20:17:54,222][   train_val.py][line: 371][    INFO] Test: [63/271]	Time 0.220 (0.292)
[2024-11-25 20:17:54,448][   train_val.py][line: 371][    INFO] Test: [64/271]	Time 0.226 (0.291)
[2024-11-25 20:17:54,685][   train_val.py][line: 371][    INFO] Test: [65/271]	Time 0.237 (0.290)
[2024-11-25 20:17:54,911][   train_val.py][line: 371][    INFO] Test: [66/271]	Time 0.227 (0.289)
[2024-11-25 20:17:55,132][   train_val.py][line: 371][    INFO] Test: [67/271]	Time 0.220 (0.288)
[2024-11-25 20:17:55,351][   train_val.py][line: 371][    INFO] Test: [68/271]	Time 0.220 (0.287)
[2024-11-25 20:17:55,573][   train_val.py][line: 371][    INFO] Test: [69/271]	Time 0.222 (0.286)
[2024-11-25 20:17:55,801][   train_val.py][line: 371][    INFO] Test: [70/271]	Time 0.228 (0.285)
[2024-11-25 20:17:56,052][   train_val.py][line: 371][    INFO] Test: [71/271]	Time 0.251 (0.285)
[2024-11-25 20:17:56,275][   train_val.py][line: 371][    INFO] Test: [72/271]	Time 0.223 (0.284)
[2024-11-25 20:17:56,492][   train_val.py][line: 371][    INFO] Test: [73/271]	Time 0.217 (0.283)
[2024-11-25 20:17:56,716][   train_val.py][line: 371][    INFO] Test: [74/271]	Time 0.224 (0.282)
[2024-11-25 20:17:56,935][   train_val.py][line: 371][    INFO] Test: [75/271]	Time 0.219 (0.282)
[2024-11-25 20:17:57,174][   train_val.py][line: 371][    INFO] Test: [76/271]	Time 0.239 (0.281)
[2024-11-25 20:17:57,396][   train_val.py][line: 371][    INFO] Test: [77/271]	Time 0.222 (0.280)
[2024-11-25 20:17:57,620][   train_val.py][line: 371][    INFO] Test: [78/271]	Time 0.224 (0.279)
[2024-11-25 20:17:57,839][   train_val.py][line: 371][    INFO] Test: [79/271]	Time 0.219 (0.279)
[2024-11-25 20:17:58,059][   train_val.py][line: 371][    INFO] Test: [80/271]	Time 0.219 (0.278)
[2024-11-25 20:17:58,278][   train_val.py][line: 371][    INFO] Test: [81/271]	Time 0.219 (0.277)
[2024-11-25 20:17:58,500][   train_val.py][line: 371][    INFO] Test: [82/271]	Time 0.222 (0.277)
[2024-11-25 20:17:58,738][   train_val.py][line: 371][    INFO] Test: [83/271]	Time 0.238 (0.276)
[2024-11-25 20:17:58,965][   train_val.py][line: 371][    INFO] Test: [84/271]	Time 0.227 (0.276)
[2024-11-25 20:17:59,205][   train_val.py][line: 371][    INFO] Test: [85/271]	Time 0.239 (0.275)
[2024-11-25 20:17:59,425][   train_val.py][line: 371][    INFO] Test: [86/271]	Time 0.220 (0.274)
[2024-11-25 20:17:59,662][   train_val.py][line: 371][    INFO] Test: [87/271]	Time 0.237 (0.274)
[2024-11-25 20:17:59,902][   train_val.py][line: 371][    INFO] Test: [88/271]	Time 0.240 (0.274)
[2024-11-25 20:18:00,227][   train_val.py][line: 371][    INFO] Test: [89/271]	Time 0.325 (0.274)
[2024-11-25 20:18:00,447][   train_val.py][line: 371][    INFO] Test: [90/271]	Time 0.220 (0.274)
[2024-11-25 20:18:00,671][   train_val.py][line: 371][    INFO] Test: [91/271]	Time 0.224 (0.273)
[2024-11-25 20:18:00,892][   train_val.py][line: 371][    INFO] Test: [92/271]	Time 0.220 (0.272)
[2024-11-25 20:18:01,128][   train_val.py][line: 371][    INFO] Test: [93/271]	Time 0.236 (0.272)
[2024-11-25 20:18:01,376][   train_val.py][line: 371][    INFO] Test: [94/271]	Time 0.248 (0.272)
[2024-11-25 20:18:01,698][   train_val.py][line: 371][    INFO] Test: [95/271]	Time 0.322 (0.272)
[2024-11-25 20:18:01,931][   train_val.py][line: 371][    INFO] Test: [96/271]	Time 0.233 (0.272)
[2024-11-25 20:18:03,781][   train_val.py][line: 371][    INFO] Test: [97/271]	Time 1.850 (0.288)
[2024-11-25 20:18:03,999][   train_val.py][line: 371][    INFO] Test: [98/271]	Time 0.218 (0.288)
[2024-11-25 20:18:04,244][   train_val.py][line: 371][    INFO] Test: [99/271]	Time 0.245 (0.287)
[2024-11-25 20:18:04,485][   train_val.py][line: 371][    INFO] Test: [100/271]	Time 0.241 (0.287)
[2024-11-25 20:18:04,709][   train_val.py][line: 371][    INFO] Test: [101/271]	Time 0.224 (0.286)
[2024-11-25 20:18:04,944][   train_val.py][line: 371][    INFO] Test: [102/271]	Time 0.235 (0.286)
[2024-11-25 20:18:05,168][   train_val.py][line: 371][    INFO] Test: [103/271]	Time 0.224 (0.285)
[2024-11-25 20:18:05,406][   train_val.py][line: 371][    INFO] Test: [104/271]	Time 0.238 (0.284)
[2024-11-25 20:18:05,646][   train_val.py][line: 371][    INFO] Test: [105/271]	Time 0.240 (0.284)
[2024-11-25 20:18:05,869][   train_val.py][line: 371][    INFO] Test: [106/271]	Time 0.223 (0.283)
[2024-11-25 20:18:06,106][   train_val.py][line: 371][    INFO] Test: [107/271]	Time 0.237 (0.283)
[2024-11-25 20:18:06,329][   train_val.py][line: 371][    INFO] Test: [108/271]	Time 0.223 (0.282)
[2024-11-25 20:18:06,551][   train_val.py][line: 371][    INFO] Test: [109/271]	Time 0.222 (0.282)
[2024-11-25 20:18:06,809][   train_val.py][line: 371][    INFO] Test: [110/271]	Time 0.258 (0.282)
[2024-11-25 20:18:07,031][   train_val.py][line: 371][    INFO] Test: [111/271]	Time 0.222 (0.281)
[2024-11-25 20:18:07,274][   train_val.py][line: 371][    INFO] Test: [112/271]	Time 0.243 (0.281)
[2024-11-25 20:18:07,495][   train_val.py][line: 371][    INFO] Test: [113/271]	Time 0.221 (0.280)
[2024-11-25 20:18:07,731][   train_val.py][line: 371][    INFO] Test: [114/271]	Time 0.236 (0.280)
[2024-11-25 20:18:07,955][   train_val.py][line: 371][    INFO] Test: [115/271]	Time 0.224 (0.279)
[2024-11-25 20:18:08,194][   train_val.py][line: 371][    INFO] Test: [116/271]	Time 0.239 (0.279)
[2024-11-25 20:18:08,438][   train_val.py][line: 371][    INFO] Test: [117/271]	Time 0.244 (0.279)
[2024-11-25 20:18:08,659][   train_val.py][line: 371][    INFO] Test: [118/271]	Time 0.221 (0.278)
[2024-11-25 20:18:08,938][   train_val.py][line: 371][    INFO] Test: [119/271]	Time 0.279 (0.278)
[2024-11-25 20:18:09,167][   train_val.py][line: 371][    INFO] Test: [120/271]	Time 0.229 (0.278)
[2024-11-25 20:18:09,401][   train_val.py][line: 371][    INFO] Test: [121/271]	Time 0.234 (0.278)
[2024-11-25 20:18:09,619][   train_val.py][line: 371][    INFO] Test: [122/271]	Time 0.218 (0.277)
[2024-11-25 20:18:09,840][   train_val.py][line: 371][    INFO] Test: [123/271]	Time 0.221 (0.277)
[2024-11-25 20:18:10,080][   train_val.py][line: 371][    INFO] Test: [124/271]	Time 0.240 (0.276)
[2024-11-25 20:18:10,320][   train_val.py][line: 371][    INFO] Test: [125/271]	Time 0.240 (0.276)
[2024-11-25 20:18:10,540][   train_val.py][line: 371][    INFO] Test: [126/271]	Time 0.220 (0.276)
[2024-11-25 20:18:10,771][   train_val.py][line: 371][    INFO] Test: [127/271]	Time 0.231 (0.275)
[2024-11-25 20:18:11,001][   train_val.py][line: 371][    INFO] Test: [128/271]	Time 0.230 (0.275)
[2024-11-25 20:18:11,225][   train_val.py][line: 371][    INFO] Test: [129/271]	Time 0.224 (0.274)
[2024-11-25 20:18:11,445][   train_val.py][line: 371][    INFO] Test: [130/271]	Time 0.220 (0.274)
[2024-11-25 20:18:11,669][   train_val.py][line: 371][    INFO] Test: [131/271]	Time 0.224 (0.274)
[2024-11-25 20:18:11,886][   train_val.py][line: 371][    INFO] Test: [132/271]	Time 0.217 (0.273)
[2024-11-25 20:18:12,107][   train_val.py][line: 371][    INFO] Test: [133/271]	Time 0.221 (0.273)
[2024-11-25 20:18:12,327][   train_val.py][line: 371][    INFO] Test: [134/271]	Time 0.220 (0.272)
[2024-11-25 20:18:12,553][   train_val.py][line: 371][    INFO] Test: [135/271]	Time 0.226 (0.272)
[2024-11-25 20:18:12,771][   train_val.py][line: 371][    INFO] Test: [136/271]	Time 0.218 (0.272)
[2024-11-25 20:18:13,017][   train_val.py][line: 371][    INFO] Test: [137/271]	Time 0.246 (0.271)
[2024-11-25 20:18:13,252][   train_val.py][line: 371][    INFO] Test: [138/271]	Time 0.235 (0.271)
[2024-11-25 20:18:13,470][   train_val.py][line: 371][    INFO] Test: [139/271]	Time 0.218 (0.271)
[2024-11-25 20:18:13,690][   train_val.py][line: 371][    INFO] Test: [140/271]	Time 0.220 (0.270)
[2024-11-25 20:18:13,913][   train_val.py][line: 371][    INFO] Test: [141/271]	Time 0.223 (0.270)
[2024-11-25 20:18:14,139][   train_val.py][line: 371][    INFO] Test: [142/271]	Time 0.226 (0.270)
[2024-11-25 20:18:14,374][   train_val.py][line: 371][    INFO] Test: [143/271]	Time 0.235 (0.270)
[2024-11-25 20:18:14,594][   train_val.py][line: 371][    INFO] Test: [144/271]	Time 0.220 (0.269)
[2024-11-25 20:18:14,814][   train_val.py][line: 371][    INFO] Test: [145/271]	Time 0.220 (0.269)
[2024-11-25 20:18:15,054][   train_val.py][line: 371][    INFO] Test: [146/271]	Time 0.240 (0.269)
[2024-11-25 20:18:15,354][   train_val.py][line: 371][    INFO] Test: [147/271]	Time 0.300 (0.269)
[2024-11-25 20:18:15,594][   train_val.py][line: 371][    INFO] Test: [148/271]	Time 0.240 (0.269)
[2024-11-25 20:18:15,817][   train_val.py][line: 371][    INFO] Test: [149/271]	Time 0.222 (0.268)
[2024-11-25 20:18:16,058][   train_val.py][line: 371][    INFO] Test: [150/271]	Time 0.241 (0.268)
[2024-11-25 20:18:16,281][   train_val.py][line: 371][    INFO] Test: [151/271]	Time 0.223 (0.268)
[2024-11-25 20:18:16,517][   train_val.py][line: 371][    INFO] Test: [152/271]	Time 0.236 (0.268)
[2024-11-25 20:18:16,741][   train_val.py][line: 371][    INFO] Test: [153/271]	Time 0.224 (0.267)
[2024-11-25 20:18:16,963][   train_val.py][line: 371][    INFO] Test: [154/271]	Time 0.223 (0.267)
[2024-11-25 20:18:17,199][   train_val.py][line: 371][    INFO] Test: [155/271]	Time 0.236 (0.267)
[2024-11-25 20:18:17,418][   train_val.py][line: 371][    INFO] Test: [156/271]	Time 0.219 (0.267)
[2024-11-25 20:18:17,639][   train_val.py][line: 371][    INFO] Test: [157/271]	Time 0.221 (0.266)
[2024-11-25 20:18:17,864][   train_val.py][line: 371][    INFO] Test: [158/271]	Time 0.224 (0.266)
[2024-11-25 20:18:18,099][   train_val.py][line: 371][    INFO] Test: [159/271]	Time 0.235 (0.266)
[2024-11-25 20:18:18,323][   train_val.py][line: 371][    INFO] Test: [160/271]	Time 0.224 (0.266)
[2024-11-25 20:18:18,544][   train_val.py][line: 371][    INFO] Test: [161/271]	Time 0.221 (0.265)
[2024-11-25 20:18:18,765][   train_val.py][line: 371][    INFO] Test: [162/271]	Time 0.221 (0.265)
[2024-11-25 20:18:19,005][   train_val.py][line: 371][    INFO] Test: [163/271]	Time 0.240 (0.265)
[2024-11-25 20:18:19,230][   train_val.py][line: 371][    INFO] Test: [164/271]	Time 0.224 (0.265)
[2024-11-25 20:18:19,457][   train_val.py][line: 371][    INFO] Test: [165/271]	Time 0.228 (0.264)
[2024-11-25 20:18:19,691][   train_val.py][line: 371][    INFO] Test: [166/271]	Time 0.233 (0.264)
[2024-11-25 20:18:19,915][   train_val.py][line: 371][    INFO] Test: [167/271]	Time 0.224 (0.264)
[2024-11-25 20:18:20,152][   train_val.py][line: 371][    INFO] Test: [168/271]	Time 0.237 (0.264)
[2024-11-25 20:18:20,376][   train_val.py][line: 371][    INFO] Test: [169/271]	Time 0.224 (0.264)
[2024-11-25 20:18:20,614][   train_val.py][line: 371][    INFO] Test: [170/271]	Time 0.238 (0.263)
[2024-11-25 20:18:20,836][   train_val.py][line: 371][    INFO] Test: [171/271]	Time 0.222 (0.263)
[2024-11-25 20:18:21,056][   train_val.py][line: 371][    INFO] Test: [172/271]	Time 0.220 (0.263)
[2024-11-25 20:18:21,276][   train_val.py][line: 371][    INFO] Test: [173/271]	Time 0.220 (0.263)
[2024-11-25 20:18:21,499][   train_val.py][line: 371][    INFO] Test: [174/271]	Time 0.223 (0.263)
[2024-11-25 20:18:21,717][   train_val.py][line: 371][    INFO] Test: [175/271]	Time 0.218 (0.262)
[2024-11-25 20:18:21,939][   train_val.py][line: 371][    INFO] Test: [176/271]	Time 0.222 (0.262)
[2024-11-25 20:18:22,168][   train_val.py][line: 371][    INFO] Test: [177/271]	Time 0.229 (0.262)
[2024-11-25 20:18:22,407][   train_val.py][line: 371][    INFO] Test: [178/271]	Time 0.239 (0.262)
[2024-11-25 20:18:22,644][   train_val.py][line: 371][    INFO] Test: [179/271]	Time 0.237 (0.262)
[2024-11-25 20:18:22,860][   train_val.py][line: 371][    INFO] Test: [180/271]	Time 0.216 (0.261)
[2024-11-25 20:18:23,082][   train_val.py][line: 371][    INFO] Test: [181/271]	Time 0.222 (0.261)
[2024-11-25 20:18:23,308][   train_val.py][line: 371][    INFO] Test: [182/271]	Time 0.226 (0.261)
[2024-11-25 20:18:23,545][   train_val.py][line: 371][    INFO] Test: [183/271]	Time 0.237 (0.261)
[2024-11-25 20:18:23,766][   train_val.py][line: 371][    INFO] Test: [184/271]	Time 0.221 (0.261)
[2024-11-25 20:18:23,986][   train_val.py][line: 371][    INFO] Test: [185/271]	Time 0.220 (0.260)
[2024-11-25 20:18:24,207][   train_val.py][line: 371][    INFO] Test: [186/271]	Time 0.222 (0.260)
[2024-11-25 20:18:24,425][   train_val.py][line: 371][    INFO] Test: [187/271]	Time 0.218 (0.260)
[2024-11-25 20:18:24,649][   train_val.py][line: 371][    INFO] Test: [188/271]	Time 0.223 (0.260)
[2024-11-25 20:18:24,868][   train_val.py][line: 371][    INFO] Test: [189/271]	Time 0.220 (0.260)
[2024-11-25 20:18:25,095][   train_val.py][line: 371][    INFO] Test: [190/271]	Time 0.227 (0.259)
[2024-11-25 20:18:25,328][   train_val.py][line: 371][    INFO] Test: [191/271]	Time 0.233 (0.259)
[2024-11-25 20:18:25,550][   train_val.py][line: 371][    INFO] Test: [192/271]	Time 0.222 (0.259)
[2024-11-25 20:18:25,771][   train_val.py][line: 371][    INFO] Test: [193/271]	Time 0.221 (0.259)
[2024-11-25 20:18:25,996][   train_val.py][line: 371][    INFO] Test: [194/271]	Time 0.225 (0.259)
[2024-11-25 20:18:26,249][   train_val.py][line: 371][    INFO] Test: [195/271]	Time 0.253 (0.259)
[2024-11-25 20:18:26,511][   train_val.py][line: 371][    INFO] Test: [196/271]	Time 0.262 (0.259)
[2024-11-25 20:18:26,731][   train_val.py][line: 371][    INFO] Test: [197/271]	Time 0.220 (0.258)
[2024-11-25 20:18:26,970][   train_val.py][line: 371][    INFO] Test: [198/271]	Time 0.239 (0.258)
[2024-11-25 20:18:27,195][   train_val.py][line: 371][    INFO] Test: [199/271]	Time 0.225 (0.258)
[2024-11-25 20:18:27,431][   train_val.py][line: 371][    INFO] Test: [200/271]	Time 0.236 (0.258)
[2024-11-25 20:18:27,671][   train_val.py][line: 371][    INFO] Test: [201/271]	Time 0.240 (0.258)
[2024-11-25 20:18:27,911][   train_val.py][line: 371][    INFO] Test: [202/271]	Time 0.240 (0.258)
[2024-11-25 20:18:28,138][   train_val.py][line: 371][    INFO] Test: [203/271]	Time 0.227 (0.258)
[2024-11-25 20:18:28,372][   train_val.py][line: 371][    INFO] Test: [204/271]	Time 0.235 (0.258)
[2024-11-25 20:18:28,594][   train_val.py][line: 371][    INFO] Test: [205/271]	Time 0.222 (0.257)
[2024-11-25 20:18:28,832][   train_val.py][line: 371][    INFO] Test: [206/271]	Time 0.238 (0.257)
[2024-11-25 20:18:29,061][   train_val.py][line: 371][    INFO] Test: [207/271]	Time 0.229 (0.257)
[2024-11-25 20:18:29,293][   train_val.py][line: 371][    INFO] Test: [208/271]	Time 0.232 (0.257)
[2024-11-25 20:18:29,520][   train_val.py][line: 371][    INFO] Test: [209/271]	Time 0.227 (0.257)
[2024-11-25 20:18:29,754][   train_val.py][line: 371][    INFO] Test: [210/271]	Time 0.234 (0.257)
[2024-11-25 20:18:29,976][   train_val.py][line: 371][    INFO] Test: [211/271]	Time 0.222 (0.257)
[2024-11-25 20:18:30,219][   train_val.py][line: 371][    INFO] Test: [212/271]	Time 0.243 (0.257)
[2024-11-25 20:18:30,440][   train_val.py][line: 371][    INFO] Test: [213/271]	Time 0.221 (0.256)
[2024-11-25 20:18:30,661][   train_val.py][line: 371][    INFO] Test: [214/271]	Time 0.221 (0.256)
[2024-11-25 20:18:30,883][   train_val.py][line: 371][    INFO] Test: [215/271]	Time 0.222 (0.256)
[2024-11-25 20:18:31,116][   train_val.py][line: 371][    INFO] Test: [216/271]	Time 0.233 (0.256)
[2024-11-25 20:18:31,358][   train_val.py][line: 371][    INFO] Test: [217/271]	Time 0.242 (0.256)
[2024-11-25 20:18:31,589][   train_val.py][line: 371][    INFO] Test: [218/271]	Time 0.231 (0.256)
[2024-11-25 20:18:31,820][   train_val.py][line: 371][    INFO] Test: [219/271]	Time 0.231 (0.256)
[2024-11-25 20:18:32,045][   train_val.py][line: 371][    INFO] Test: [220/271]	Time 0.225 (0.256)
[2024-11-25 20:18:32,300][   train_val.py][line: 371][    INFO] Test: [221/271]	Time 0.255 (0.256)
[2024-11-25 20:18:32,521][   train_val.py][line: 371][    INFO] Test: [222/271]	Time 0.221 (0.255)
[2024-11-25 20:18:32,761][   train_val.py][line: 371][    INFO] Test: [223/271]	Time 0.240 (0.255)
[2024-11-25 20:18:32,986][   train_val.py][line: 371][    INFO] Test: [224/271]	Time 0.225 (0.255)
[2024-11-25 20:18:33,214][   train_val.py][line: 371][    INFO] Test: [225/271]	Time 0.228 (0.255)
[2024-11-25 20:18:33,446][   train_val.py][line: 371][    INFO] Test: [226/271]	Time 0.232 (0.255)
[2024-11-25 20:18:33,674][   train_val.py][line: 371][    INFO] Test: [227/271]	Time 0.228 (0.255)
[2024-11-25 20:18:33,901][   train_val.py][line: 371][    INFO] Test: [228/271]	Time 0.227 (0.255)
[2024-11-25 20:18:34,194][   train_val.py][line: 371][    INFO] Test: [229/271]	Time 0.293 (0.255)
[2024-11-25 20:18:34,427][   train_val.py][line: 371][    INFO] Test: [230/271]	Time 0.233 (0.255)
[2024-11-25 20:18:34,653][   train_val.py][line: 371][    INFO] Test: [231/271]	Time 0.226 (0.255)
[2024-11-25 20:18:34,872][   train_val.py][line: 371][    INFO] Test: [232/271]	Time 0.219 (0.255)
[2024-11-25 20:18:35,109][   train_val.py][line: 371][    INFO] Test: [233/271]	Time 0.237 (0.254)
[2024-11-25 20:18:35,331][   train_val.py][line: 371][    INFO] Test: [234/271]	Time 0.222 (0.254)
[2024-11-25 20:18:35,600][   train_val.py][line: 371][    INFO] Test: [235/271]	Time 0.269 (0.254)
[2024-11-25 20:18:35,882][   train_val.py][line: 371][    INFO] Test: [236/271]	Time 0.282 (0.254)
[2024-11-25 20:18:36,160][   train_val.py][line: 371][    INFO] Test: [237/271]	Time 0.277 (0.255)
[2024-11-25 20:18:36,637][   train_val.py][line: 371][    INFO] Test: [238/271]	Time 0.477 (0.256)
[2024-11-25 20:18:36,901][   train_val.py][line: 371][    INFO] Test: [239/271]	Time 0.264 (0.256)
[2024-11-25 20:18:37,180][   train_val.py][line: 371][    INFO] Test: [240/271]	Time 0.279 (0.256)
[2024-11-25 20:18:37,460][   train_val.py][line: 371][    INFO] Test: [241/271]	Time 0.280 (0.256)
[2024-11-25 20:18:37,780][   train_val.py][line: 371][    INFO] Test: [242/271]	Time 0.320 (0.256)
[2024-11-25 20:18:38,007][   train_val.py][line: 371][    INFO] Test: [243/271]	Time 0.227 (0.256)
[2024-11-25 20:18:38,244][   train_val.py][line: 371][    INFO] Test: [244/271]	Time 0.237 (0.256)
[2024-11-25 20:18:38,465][   train_val.py][line: 371][    INFO] Test: [245/271]	Time 0.222 (0.256)
[2024-11-25 20:18:38,703][   train_val.py][line: 371][    INFO] Test: [246/271]	Time 0.238 (0.256)
[2024-11-25 20:18:38,942][   train_val.py][line: 371][    INFO] Test: [247/271]	Time 0.239 (0.256)
[2024-11-25 20:18:39,167][   train_val.py][line: 371][    INFO] Test: [248/271]	Time 0.225 (0.255)
[2024-11-25 20:18:39,404][   train_val.py][line: 371][    INFO] Test: [249/271]	Time 0.237 (0.255)
[2024-11-25 20:18:39,627][   train_val.py][line: 371][    INFO] Test: [250/271]	Time 0.223 (0.255)
[2024-11-25 20:18:39,889][   train_val.py][line: 371][    INFO] Test: [251/271]	Time 0.261 (0.255)
[2024-11-25 20:18:40,127][   train_val.py][line: 371][    INFO] Test: [252/271]	Time 0.238 (0.255)
[2024-11-25 20:18:40,404][   train_val.py][line: 371][    INFO] Test: [253/271]	Time 0.277 (0.255)
[2024-11-25 20:18:40,664][   train_val.py][line: 371][    INFO] Test: [254/271]	Time 0.260 (0.255)
[2024-11-25 20:18:41,064][   train_val.py][line: 371][    INFO] Test: [255/271]	Time 0.400 (0.256)
[2024-11-25 20:18:41,305][   train_val.py][line: 371][    INFO] Test: [256/271]	Time 0.241 (0.256)
[2024-11-25 20:18:41,546][   train_val.py][line: 371][    INFO] Test: [257/271]	Time 0.241 (0.256)
[2024-11-25 20:18:41,787][   train_val.py][line: 371][    INFO] Test: [258/271]	Time 0.241 (0.256)
[2024-11-25 20:18:42,069][   train_val.py][line: 371][    INFO] Test: [259/271]	Time 0.282 (0.256)
[2024-11-25 20:18:42,293][   train_val.py][line: 371][    INFO] Test: [260/271]	Time 0.224 (0.256)
[2024-11-25 20:18:42,533][   train_val.py][line: 371][    INFO] Test: [261/271]	Time 0.240 (0.256)
[2024-11-25 20:18:42,760][   train_val.py][line: 371][    INFO] Test: [262/271]	Time 0.227 (0.255)
[2024-11-25 20:18:43,013][   train_val.py][line: 371][    INFO] Test: [263/271]	Time 0.253 (0.255)
[2024-11-25 20:18:43,234][   train_val.py][line: 371][    INFO] Test: [264/271]	Time 0.221 (0.255)
[2024-11-25 20:18:43,455][   train_val.py][line: 371][    INFO] Test: [265/271]	Time 0.221 (0.255)
[2024-11-25 20:18:43,681][   train_val.py][line: 371][    INFO] Test: [266/271]	Time 0.226 (0.255)
[2024-11-25 20:18:43,902][   train_val.py][line: 371][    INFO] Test: [267/271]	Time 0.221 (0.255)
[2024-11-25 20:18:44,165][   train_val.py][line: 371][    INFO] Test: [268/271]	Time 0.263 (0.255)
[2024-11-25 20:18:44,422][   train_val.py][line: 371][    INFO] Test: [269/271]	Time 0.257 (0.255)
[2024-11-25 20:18:44,643][   train_val.py][line: 371][    INFO] Test: [270/271]	Time 0.221 (0.255)
[2024-11-25 20:18:45,209][   train_val.py][line: 371][    INFO] Test: [271/271]	Time 0.566 (0.256)
[2024-11-25 20:18:45,249][   train_val.py][line: 392][    INFO] Gathering final results ...
[2024-11-25 20:18:45,249][   train_val.py][line: 394][    INFO]  * Loss 4.35904	total_num=2162.0
[2024-11-25 20:19:58,898][ eval_helper.py][line: 343][    INFO] 
|  clsname   |  max_auc  |  max_ap  |  pixel_auc  |  pixel_ap  |
|:----------:|:---------:|:--------:|:-----------:|:----------:|
|   candle   |   96.55   | 96.8794  |   99.2128   |  33.0335   |
|  capsules  |  78.7333  | 89.3093  |   98.518    |  57.4936   |
|   cashew   |   94.08   | 96.8862  |   99.2995   |  72.7383   |
| chewinggum |   98.96   |  99.538  |   99.0012   |  60.3075   |
|   fryum    |   88.86   | 94.5329  |   97.604    |  47.6634   |
| macaroni1  |   92.04   | 91.4031  |   99.2517   |  20.9522   |
| macaroni2  |   84.85   | 86.4026  |   97.9424   |  6.37902   |
|    pcb1    |   96.34   | 95.7845  |   99.6126   |  73.7529   |
|    pcb2    |   94.66   | 95.1862  |   98.173    |  10.9338   |
|    pcb3    |  93.0297  | 94.0564  |   98.4104   |  19.6519   |
|    pcb4    |  99.4554  | 99.4409  |   98.026    |  32.0077   |
| pipe_fryum |   96.58   | 98.2649  |   99.4715   |  75.1739   |
|    mean    |  92.8449  |  94.807  |   98.7103   |  42.5073   |
