[2024-09-21 22:12:27,430][   train_val.py][line: 113][    INFO] args: Namespace(config='../configs/config_onenip.yaml', evaluate=True, local_rank='0', opts=['dataset.image_reader.kwargs.image_dir', '/fuxi_team2/persons/danylgao/weicun_ceph/datasets/btad', 'dataset.train.meta_file', '../data/btad/train.json', 'dataset.test.meta_file', '../data/btad/test.json', 'dataset.input_size', '[224, 224]', 'net[2].kwargs.num_encoder_layers', '4', 'net[2].kwargs.num_decoder_layers', '4', 'saver.save_dir', '../checkpoints/onenip-btad-4-4-224'])
[2024-09-21 22:12:27,432][   train_val.py][line: 114][    INFO] config: {'criterion': [{'kwargs': {'weight': 1.0},
                'name': 'FeatureMSELoss',
                'type': 'FeatureMSELoss'},
               {'kwargs': {'weight': 0.5},
                'name': 'DiceLoss',
                'type': 'DiceLoss'}],
 'dataset': {'batch_size': 8,
             'image_reader': {'kwargs': {'color_mode': 'RGB',
                                         'image_dir': '/fuxi_team2/persons/danylgao/weicun_ceph/datasets/btad'},
                              'type': 'opencv'},
             'input_size': [224, 224],
             'pixel_mean': [0.485, 0.456, 0.406],
             'pixel_std': [0.229, 0.224, 0.225],
             'test': {'meta_file': '../data/btad/test.json'},
             'train': {'hflip': False,
                       'meta_file': '../data/btad/train.json',
                       'rebalance': False,
                       'rotate': False,
                       'vflip': False},
             'type': 'onenip',
             'workers': 4},
 'evaluator': {'eval_dir': '../checkpoints/onenip-btad-4-4-224/result_eval_temp',
               'key_metric': 'mean_pixel_auc',
               'metrics': {'auc': [{'kwargs': {'avgpool_size': [16, 16]},
                                    'name': 'max'},
                                   {'name': 'pixel'}]},
               'save_dir': '../checkpoints/onenip-btad-4-4-224/result_eval_temp',
               'vis_compound': {'max_score': None,
                                'min_score': None,
                                'save_dir': '../checkpoints/onenip-btad-4-4-224/vis_compound'}},
 'exp_path': '../configs',
 'frozen_layers': ['backbone'],
 'log_path': '../checkpoints/onenip-btad-4-4-224/log',
 'net': [{'frozen': True,
          'kwargs': {'outblocks': [1, 5, 9, 21],
                     'outstrides': [2, 4, 8, 16],
                     'pretrained': True},
          'name': 'backbone',
          'type': 'models.backbones.efficientnet_b4'},
         {'kwargs': {'outplanes': [272], 'outstrides': [16]},
          'name': 'neck',
          'prev': 'backbone',
          'type': 'models.necks.MFCN'},
         {'kwargs': {'activation': 'relu',
                     'dim_feedforward': 1024,
                     'dropout': 0.1,
                     'feature_jitter': {'prob': 1.0, 'scale': 20.0},
                     'feature_size': [14, 14],
                     'hidden_dim': 256,
                     'initializer': {'method': 'xavier_uniform'},
                     'neighbor_mask': {'mask': [True, True, True],
                                       'neighbor_size': [7, 7]},
                     'nhead': 8,
                     'normalize_before': False,
                     'num_decoder_layers': 4.0,
                     'num_encoder_layers': 4.0,
                     'pos_embed_type': 'learned',
                     'save_recon': {'save_dir': '../checkpoints/onenip-btad-4-4-224/result_recon'}},
          'name': 'reconstruction',
          'prev': 'neck',
          'type': 'models.reconstructions.OneNIP'}],
 'port': 11111,
 'random_seed': 133,
 'save_path': '../checkpoints/onenip-btad-4-4-224',
 'saver': {'always_save': False,
           'auto_resume': False,
           'load_path': '../checkpoints/onenip-btad-4-4-224/ckpt.pkl',
           'log_dir': '../checkpoints/onenip-btad-4-4-224/log',
           'save_dir': '../checkpoints/onenip-btad-4-4-224'},
 'trainer': {'clip_max_norm': 0.1,
             'lr_scheduler': {'kwargs': {'gamma': 0.1, 'step_size': 800},
                              'type': 'StepLR'},
             'max_epoch': 1000,
             'optimizer': {'kwargs': {'betas': [0.9, 0.999],
                                      'lr': 0.0001,
                                      'weight_decay': 0.0001},
                           'type': 'AdamW'},
             'print_freq_step': 1,
             'tb_freq_step': 1,
             'val_freq_epoch': 10},
 'version': 'v1.0.0'}
[2024-09-21 22:12:28,070][       utils.py][line: 740][    INFO]  not exist, load from https://github.com/lukemelas/EfficientNet-PyTorch/releases/download/1.0/efficientnet-b4-6ed6700e.pth
[2024-09-21 22:12:28,209][       utils.py][line: 761][    INFO] Loaded ImageNet pretrained efficientnet-b4
[2024-09-21 22:12:32,281][   train_val.py][line: 140][    INFO] layers: ['backbone', 'neck', 'reconstruction']
[2024-09-21 22:12:32,281][   train_val.py][line: 141][    INFO] active layers: ['neck', 'reconstruction']
[2024-09-21 22:12:41,925][custom_dataset.py][line: 169][    INFO] building CustomDataset from: ../data/btad/train.json
[2024-09-21 22:12:42,017][custom_dataset.py][line: 169][    INFO] building CustomDataset from: ../data/btad/test.json
[2024-09-21 22:12:47,432][   train_val.py][line: 372][    INFO] Test: [1/12]	Time 5.343 (5.343)
[2024-09-21 22:12:47,581][   train_val.py][line: 372][    INFO] Test: [2/12]	Time 0.150 (2.746)
[2024-09-21 22:12:47,691][   train_val.py][line: 372][    INFO] Test: [3/12]	Time 0.110 (1.867)
[2024-09-21 22:12:47,797][   train_val.py][line: 372][    INFO] Test: [4/12]	Time 0.106 (1.427)
[2024-09-21 22:12:47,887][   train_val.py][line: 372][    INFO] Test: [5/12]	Time 0.090 (1.160)
[2024-09-21 22:12:47,989][   train_val.py][line: 372][    INFO] Test: [6/12]	Time 0.102 (0.983)
[2024-09-21 22:12:48,099][   train_val.py][line: 372][    INFO] Test: [7/12]	Time 0.110 (0.859)
[2024-09-21 22:12:48,366][   train_val.py][line: 372][    INFO] Test: [8/12]	Time 0.267 (0.785)
[2024-09-21 22:12:48,599][   train_val.py][line: 372][    INFO] Test: [9/12]	Time 0.233 (0.723)
[2024-09-21 22:12:48,839][   train_val.py][line: 372][    INFO] Test: [10/12]	Time 0.240 (0.675)
[2024-09-21 22:12:49,108][   train_val.py][line: 372][    INFO] Test: [11/12]	Time 0.269 (0.638)
[2024-09-21 22:12:49,628][   train_val.py][line: 372][    INFO] Test: [12/12]	Time 0.520 (0.628)
[2024-09-21 22:12:51,764][   train_val.py][line: 393][    INFO] Gathering final results ...
[2024-09-21 22:12:51,764][   train_val.py][line: 395][    INFO]  * Loss 4.75206	total_num=744.0
[2024-09-21 22:13:26,758][ eval_helper.py][line: 361][    INFO] 
|  clsname  |  max_auc  |  max_ap  |  pixel_auc  |  pixel_ap  |
|:---------:|:---------:|:--------:|:-----------:|:----------:|
|    01     |  98.8338  | 99.5633  |   97.3379   |   58.655   |
|    02     |  78.7486  | 96.4097  |   95.1781   |  46.9486   |
|    03     |  99.9685  | 99.6029  |   99.7665   |  64.6707   |
|   mean    |  92.517   | 98.5253  |   97.4275   |  56.7581   |
